[2020-11-11T11:17:12.138] [INFO] access - ::1 - - "POST /api_v1/users/sendCode HTTP/1.1" 200 55 "http://localhost:3001/" "Mozilla/5.0 (Windows NT 10.0; Win64; x64) AppleWebKit/537.36 (KHTML, like Gecko) Chrome/86.0.4240.183 Safari/537.36"
[2020-11-11T11:19:42.376] [INFO] access - ::1 - - "POST /api_v1/users/sendCode HTTP/1.1" 200 55 "http://localhost:3001/" "Mozilla/5.0 (Windows NT 10.0; Win64; x64) AppleWebKit/537.36 (KHTML, like Gecko) Chrome/86.0.4240.183 Safari/537.36"
[2020-11-11T11:26:43.619] [INFO] access - ::1 - - "POST /api_v1/users/sendCode HTTP/1.1" 200 55 "http://localhost:3001/" "Mozilla/5.0 (Windows NT 10.0; Win64; x64) AppleWebKit/537.36 (KHTML, like Gecko) Chrome/86.0.4240.183 Safari/537.36"
[2020-11-11T11:27:47.895] [INFO] access - ::1 - - "POST /api_v1/users/login HTTP/1.1" 200 59 "http://localhost:3001/" "Mozilla/5.0 (Windows NT 10.0; Win64; x64) AppleWebKit/537.36 (KHTML, like Gecko) Chrome/86.0.4240.183 Safari/537.36"
[2020-11-11T11:31:26.831] [INFO] access - ::1 - - "POST /api_v1/users/sendCode HTTP/1.1" 200 56 "http://localhost:3001/" "Mozilla/5.0 (Windows NT 10.0; Win64; x64) AppleWebKit/537.36 (KHTML, like Gecko) Chrome/86.0.4240.183 Safari/537.36"
[2020-11-11T11:31:50.720] [INFO] access - ::1 - - "POST /api_v1/users/login HTTP/1.1" 200 59 "http://localhost:3001/" "Mozilla/5.0 (Windows NT 10.0; Win64; x64) AppleWebKit/537.36 (KHTML, like Gecko) Chrome/86.0.4240.183 Safari/537.36"
[2020-11-11T11:31:54.160] [INFO] access - ::1 - - "POST /api_v1/users/login HTTP/1.1" 200 757 "http://localhost:3001/" "Mozilla/5.0 (Windows NT 10.0; Win64; x64) AppleWebKit/537.36 (KHTML, like Gecko) Chrome/86.0.4240.183 Safari/537.36"
[2020-11-11T11:32:43.929] [INFO] access - ::1 - - "POST /api_v1/users/login HTTP/1.1" 200 757 "http://localhost:3001/" "Mozilla/5.0 (Windows NT 10.0; Win64; x64) AppleWebKit/537.36 (KHTML, like Gecko) Chrome/86.0.4240.183 Safari/537.36"
[2020-11-11T11:33:20.976] [INFO] access - ::1 - - "POST /api_v1/users/sendCode HTTP/1.1" 200 56 "http://localhost:3001/" "Mozilla/5.0 (Windows NT 10.0; Win64; x64) AppleWebKit/537.36 (KHTML, like Gecko) Chrome/86.0.4240.183 Safari/537.36"
[2020-11-11T11:33:30.919] [INFO] access - ::1 - - "POST /api_v1/users/login HTTP/1.1" 200 757 "http://localhost:3001/" "Mozilla/5.0 (Windows NT 10.0; Win64; x64) AppleWebKit/537.36 (KHTML, like Gecko) Chrome/86.0.4240.183 Safari/537.36"
[2020-11-11T11:33:36.119] [INFO] access - ::1 - - "POST /api_v1/users/login HTTP/1.1" 200 757 "http://localhost:3001/" "Mozilla/5.0 (Windows NT 10.0; Win64; x64) AppleWebKit/537.36 (KHTML, like Gecko) Chrome/86.0.4240.183 Safari/537.36"
[2020-11-11T11:34:05.255] [INFO] access - ::1 - - "POST /api_v1/users/sendCode HTTP/1.1" 200 56 "http://localhost:3001/" "Mozilla/5.0 (Windows NT 10.0; Win64; x64) AppleWebKit/537.36 (KHTML, like Gecko) Chrome/86.0.4240.183 Safari/537.36"
[2020-11-11T11:34:25.822] [INFO] access - ::1 - - "POST /api_v1/users/sendCode HTTP/1.1" 200 56 "http://localhost:3001/" "Mozilla/5.0 (Windows NT 10.0; Win64; x64) AppleWebKit/537.36 (KHTML, like Gecko) Chrome/86.0.4240.183 Safari/537.36"
[2020-11-11T11:34:45.900] [INFO] access - ::1 - - "POST /api_v1/users/login HTTP/1.1" 200 757 "http://localhost:3001/" "Mozilla/5.0 (Windows NT 10.0; Win64; x64) AppleWebKit/537.36 (KHTML, like Gecko) Chrome/86.0.4240.183 Safari/537.36"
[2020-11-11T11:36:32.425] [INFO] access - ::1 - - "POST /api_v1/users/sendCode HTTP/1.1" 200 56 "http://localhost:3001/" "Mozilla/5.0 (Windows NT 10.0; Win64; x64) AppleWebKit/537.36 (KHTML, like Gecko) Chrome/86.0.4240.183 Safari/537.36"
[2020-11-11T11:36:46.647] [INFO] access - ::1 - - "POST /api_v1/users/login HTTP/1.1" 200 767 "http://localhost:3001/" "Mozilla/5.0 (Windows NT 10.0; Win64; x64) AppleWebKit/537.36 (KHTML, like Gecko) Chrome/86.0.4240.183 Safari/537.36"
[2020-11-11T11:37:39.779] [INFO] access - ::1 - - "POST /api_v1/users/sendCode HTTP/1.1" 200 56 "http://localhost:3001/" "Mozilla/5.0 (Windows NT 10.0; Win64; x64) AppleWebKit/537.36 (KHTML, like Gecko) Chrome/86.0.4240.183 Safari/537.36"
[2020-11-11T11:37:52.257] [INFO] access - ::1 - - "POST /api_v1/users/login HTTP/1.1" 200 767 "http://localhost:3001/" "Mozilla/5.0 (Windows NT 10.0; Win64; x64) AppleWebKit/537.36 (KHTML, like Gecko) Chrome/86.0.4240.183 Safari/537.36"
[2020-11-11T14:08:51.796] [INFO] access - ::1 - - "POST /api_v1/users/sendCode HTTP/1.1" 200 56 "http://localhost:3001/" "Mozilla/5.0 (Windows NT 10.0; Win64; x64) AppleWebKit/537.36 (KHTML, like Gecko) Chrome/86.0.4240.183 Safari/537.36"
[2020-11-11T14:09:02.358] [INFO] access - ::1 - - "POST /api_v1/users/login HTTP/1.1" 500 62 "http://localhost:3001/" "Mozilla/5.0 (Windows NT 10.0; Win64; x64) AppleWebKit/537.36 (KHTML, like Gecko) Chrome/86.0.4240.183 Safari/537.36"
[2020-11-11T14:10:48.959] [INFO] access - ::1 - - "POST /api_v1/users/login HTTP/1.1" 500 62 "http://localhost:3001/" "Mozilla/5.0 (Windows NT 10.0; Win64; x64) AppleWebKit/537.36 (KHTML, like Gecko) Chrome/86.0.4240.183 Safari/537.36"
[2020-11-11T14:11:28.395] [INFO] access - ::1 - - "POST /api_v1/users/sendCode HTTP/1.1" 200 56 "http://localhost:3001/" "Mozilla/5.0 (Windows NT 10.0; Win64; x64) AppleWebKit/537.36 (KHTML, like Gecko) Chrome/86.0.4240.183 Safari/537.36"
[2020-11-11T14:11:36.872] [INFO] access - ::1 - - "POST /api_v1/users/login HTTP/1.1" 500 62 "http://localhost:3001/" "Mozilla/5.0 (Windows NT 10.0; Win64; x64) AppleWebKit/537.36 (KHTML, like Gecko) Chrome/86.0.4240.183 Safari/537.36"
[2020-11-11T14:12:24.652] [INFO] access - ::1 - - "POST /api_v1/users/login HTTP/1.1" 200 767 "http://localhost:3001/" "Mozilla/5.0 (Windows NT 10.0; Win64; x64) AppleWebKit/537.36 (KHTML, like Gecko) Chrome/86.0.4240.183 Safari/537.36"
[2020-11-11T14:14:24.438] [INFO] access - ::1 - - "POST /api_v1/users/login HTTP/1.1" 500 62 "http://localhost:3001/" "Mozilla/5.0 (Windows NT 10.0; Win64; x64) AppleWebKit/537.36 (KHTML, like Gecko) Chrome/86.0.4240.183 Safari/537.36"
[2020-11-11T14:16:05.762] [INFO] access - ::1 - - "POST /api_v1/users/login HTTP/1.1" 200 767 "http://localhost:3001/" "Mozilla/5.0 (Windows NT 10.0; Win64; x64) AppleWebKit/537.36 (KHTML, like Gecko) Chrome/86.0.4240.183 Safari/537.36"
[2020-11-11T14:18:24.399] [INFO] access - ::1 - - "POST /api_v1/users/login HTTP/1.1" 500 65 "http://localhost:3001/" "Mozilla/5.0 (Windows NT 10.0; Win64; x64) AppleWebKit/537.36 (KHTML, like Gecko) Chrome/86.0.4240.183 Safari/537.36"
[2020-11-11T14:18:43.893] [INFO] access - ::1 - - "POST /api_v1/users/sendCode HTTP/1.1" 200 56 "http://localhost:3001/" "Mozilla/5.0 (Windows NT 10.0; Win64; x64) AppleWebKit/537.36 (KHTML, like Gecko) Chrome/86.0.4240.183 Safari/537.36"
[2020-11-11T14:18:57.033] [INFO] access - ::1 - - "POST /api_v1/users/login HTTP/1.1" 200 685 "http://localhost:3001/" "Mozilla/5.0 (Windows NT 10.0; Win64; x64) AppleWebKit/537.36 (KHTML, like Gecko) Chrome/86.0.4240.183 Safari/537.36"
[2020-11-11T15:17:49.183] [INFO] access - ::1 - - "GET /apidoc/index.html HTTP/1.1" 200 29292 "" "Mozilla/5.0 (Windows NT 10.0; Win64; x64) AppleWebKit/537.36 (KHTML, like Gecko) Chrome/86.0.4240.183 Safari/537.36"
[2020-11-11T15:17:49.208] [INFO] access - ::1 - - "GET /apidoc/vendor/bootstrap.min.css HTTP/1.1" 200 121457 "http://localhost:3000/apidoc/index.html" "Mozilla/5.0 (Windows NT 10.0; Win64; x64) AppleWebKit/537.36 (KHTML, like Gecko) Chrome/86.0.4240.183 Safari/537.36"
[2020-11-11T15:17:49.212] [INFO] access - ::1 - - "GET /apidoc/vendor/prism.css HTTP/1.1" 200 1957 "http://localhost:3000/apidoc/index.html" "Mozilla/5.0 (Windows NT 10.0; Win64; x64) AppleWebKit/537.36 (KHTML, like Gecko) Chrome/86.0.4240.183 Safari/537.36"
[2020-11-11T15:17:49.212] [INFO] access - ::1 - - "GET /apidoc/css/style.css HTTP/1.1" 200 9821 "http://localhost:3000/apidoc/index.html" "Mozilla/5.0 (Windows NT 10.0; Win64; x64) AppleWebKit/537.36 (KHTML, like Gecko) Chrome/86.0.4240.183 Safari/537.36"
[2020-11-11T15:17:49.213] [INFO] access - ::1 - - "GET /apidoc/vendor/polyfill.js HTTP/1.1" 200 2900 "http://localhost:3000/apidoc/index.html" "Mozilla/5.0 (Windows NT 10.0; Win64; x64) AppleWebKit/537.36 (KHTML, like Gecko) Chrome/86.0.4240.183 Safari/537.36"
[2020-11-11T15:17:49.213] [INFO] access - ::1 - - "GET /apidoc/vendor/require.min.js HTTP/1.1" 200 15825 "http://localhost:3000/apidoc/index.html" "Mozilla/5.0 (Windows NT 10.0; Win64; x64) AppleWebKit/537.36 (KHTML, like Gecko) Chrome/86.0.4240.183 Safari/537.36"
[2020-11-11T15:17:49.262] [INFO] access - ::1 - - "GET /apidoc/main.js HTTP/1.1" 200 32803 "http://localhost:3000/apidoc/index.html" "Mozilla/5.0 (Windows NT 10.0; Win64; x64) AppleWebKit/537.36 (KHTML, like Gecko) Chrome/86.0.4240.183 Safari/537.36"
[2020-11-11T15:17:49.277] [INFO] access - ::1 - - "GET /apidoc/vendor/jquery.min.js?v=1605079069265 HTTP/1.1" 200 89476 "http://localhost:3000/apidoc/index.html" "Mozilla/5.0 (Windows NT 10.0; Win64; x64) AppleWebKit/537.36 (KHTML, like Gecko) Chrome/86.0.4240.183 Safari/537.36"
[2020-11-11T15:17:49.277] [INFO] access - ::1 - - "GET /apidoc/vendor/lodash.custom.min.js?v=1605079069265 HTTP/1.1" 200 20022 "http://localhost:3000/apidoc/index.html" "Mozilla/5.0 (Windows NT 10.0; Win64; x64) AppleWebKit/537.36 (KHTML, like Gecko) Chrome/86.0.4240.183 Safari/537.36"
[2020-11-11T15:17:49.277] [INFO] access - ::1 - - "GET /apidoc/locales/locale.js?v=1605079069265 HTTP/1.1" 200 1249 "http://localhost:3000/apidoc/index.html" "Mozilla/5.0 (Windows NT 10.0; Win64; x64) AppleWebKit/537.36 (KHTML, like Gecko) Chrome/86.0.4240.183 Safari/537.36"
[2020-11-11T15:17:49.278] [INFO] access - ::1 - - "GET /apidoc/api_project.js?v=1605079069265 HTTP/1.1" 200 537 "http://localhost:3000/apidoc/index.html" "Mozilla/5.0 (Windows NT 10.0; Win64; x64) AppleWebKit/537.36 (KHTML, like Gecko) Chrome/86.0.4240.183 Safari/537.36"
[2020-11-11T15:17:49.279] [INFO] access - ::1 - - "GET /apidoc/api_data.js?v=1605079069265 HTTP/1.1" 200 64263 "http://localhost:3000/apidoc/index.html" "Mozilla/5.0 (Windows NT 10.0; Win64; x64) AppleWebKit/537.36 (KHTML, like Gecko) Chrome/86.0.4240.183 Safari/537.36"
[2020-11-11T15:17:49.279] [INFO] access - ::1 - - "GET /apidoc/utils/send_sample_request.js?v=1605079069265 HTTP/1.1" 200 10211 "http://localhost:3000/apidoc/index.html" "Mozilla/5.0 (Windows NT 10.0; Win64; x64) AppleWebKit/537.36 (KHTML, like Gecko) Chrome/86.0.4240.183 Safari/537.36"
[2020-11-11T15:17:49.283] [INFO] access - ::1 - - "GET /apidoc/vendor/semver.min.js?v=1605079069265 HTTP/1.1" 200 12950 "http://localhost:3000/apidoc/index.html" "Mozilla/5.0 (Windows NT 10.0; Win64; x64) AppleWebKit/537.36 (KHTML, like Gecko) Chrome/86.0.4240.183 Safari/537.36"
[2020-11-11T15:17:49.284] [INFO] access - ::1 - - "GET /apidoc/vendor/webfontloader.js?v=1605079069265 HTTP/1.1" 200 12492 "http://localhost:3000/apidoc/index.html" "Mozilla/5.0 (Windows NT 10.0; Win64; x64) AppleWebKit/537.36 (KHTML, like Gecko) Chrome/86.0.4240.183 Safari/537.36"
[2020-11-11T15:17:49.285] [INFO] access - ::1 - - "GET /apidoc/vendor/path-to-regexp/index.js?v=1605079069265 HTTP/1.1" 200 5147 "http://localhost:3000/apidoc/index.html" "Mozilla/5.0 (Windows NT 10.0; Win64; x64) AppleWebKit/537.36 (KHTML, like Gecko) Chrome/86.0.4240.183 Safari/537.36"
[2020-11-11T15:17:49.286] [INFO] access - ::1 - - "GET /apidoc/vendor/list.min.js?v=1605079069265 HTTP/1.1" 200 15952 "http://localhost:3000/apidoc/index.html" "Mozilla/5.0 (Windows NT 10.0; Win64; x64) AppleWebKit/537.36 (KHTML, like Gecko) Chrome/86.0.4240.183 Safari/537.36"
[2020-11-11T15:17:49.288] [INFO] access - ::1 - - "GET /apidoc/vendor/prism.js?v=1605079069265 HTTP/1.1" 200 42163 "http://localhost:3000/apidoc/index.html" "Mozilla/5.0 (Windows NT 10.0; Win64; x64) AppleWebKit/537.36 (KHTML, like Gecko) Chrome/86.0.4240.183 Safari/537.36"
[2020-11-11T15:17:49.290] [INFO] access - ::1 - - "GET /apidoc/vendor/handlebars.min.js?v=1605079069265 HTTP/1.1" 200 80257 "http://localhost:3000/apidoc/index.html" "Mozilla/5.0 (Windows NT 10.0; Win64; x64) AppleWebKit/537.36 (KHTML, like Gecko) Chrome/86.0.4240.183 Safari/537.36"
[2020-11-11T15:17:49.292] [INFO] access - ::1 - - "GET /apidoc/locales/ca.js?v=1605079069265 HTTP/1.1" 200 1225 "http://localhost:3000/apidoc/index.html" "Mozilla/5.0 (Windows NT 10.0; Win64; x64) AppleWebKit/537.36 (KHTML, like Gecko) Chrome/86.0.4240.183 Safari/537.36"
[2020-11-11T15:17:49.293] [INFO] access - ::1 - - "GET /apidoc/locales/cs.js?v=1605079069265 HTTP/1.1" 200 1246 "http://localhost:3000/apidoc/index.html" "Mozilla/5.0 (Windows NT 10.0; Win64; x64) AppleWebKit/537.36 (KHTML, like Gecko) Chrome/86.0.4240.183 Safari/537.36"
[2020-11-11T15:17:49.293] [INFO] access - ::1 - - "GET /apidoc/locales/de.js?v=1605079069265 HTTP/1.1" 200 1234 "http://localhost:3000/apidoc/index.html" "Mozilla/5.0 (Windows NT 10.0; Win64; x64) AppleWebKit/537.36 (KHTML, like Gecko) Chrome/86.0.4240.183 Safari/537.36"
[2020-11-11T15:17:49.296] [INFO] access - ::1 - - "GET /apidoc/locales/es.js?v=1605079069265 HTTP/1.1" 200 1244 "http://localhost:3000/apidoc/index.html" "Mozilla/5.0 (Windows NT 10.0; Win64; x64) AppleWebKit/537.36 (KHTML, like Gecko) Chrome/86.0.4240.183 Safari/537.36"
[2020-11-11T15:17:49.297] [INFO] access - ::1 - - "GET /apidoc/locales/fr.js?v=1605079069265 HTTP/1.1" 200 1264 "http://localhost:3000/apidoc/index.html" "Mozilla/5.0 (Windows NT 10.0; Win64; x64) AppleWebKit/537.36 (KHTML, like Gecko) Chrome/86.0.4240.183 Safari/537.36"
[2020-11-11T15:17:49.297] [INFO] access - ::1 - - "GET /apidoc/locales/it.js?v=1605079069265 HTTP/1.1" 200 1249 "http://localhost:3000/apidoc/index.html" "Mozilla/5.0 (Windows NT 10.0; Win64; x64) AppleWebKit/537.36 (KHTML, like Gecko) Chrome/86.0.4240.183 Safari/537.36"
[2020-11-11T15:17:49.300] [INFO] access - ::1 - - "GET /apidoc/locales/nl.js?v=1605079069265 HTTP/1.1" 200 1241 "http://localhost:3000/apidoc/index.html" "Mozilla/5.0 (Windows NT 10.0; Win64; x64) AppleWebKit/537.36 (KHTML, like Gecko) Chrome/86.0.4240.183 Safari/537.36"
[2020-11-11T15:17:49.301] [INFO] access - ::1 - - "GET /apidoc/locales/pl.js?v=1605079069265 HTTP/1.1" 200 1226 "http://localhost:3000/apidoc/index.html" "Mozilla/5.0 (Windows NT 10.0; Win64; x64) AppleWebKit/537.36 (KHTML, like Gecko) Chrome/86.0.4240.183 Safari/537.36"
[2020-11-11T15:17:49.301] [INFO] access - ::1 - - "GET /apidoc/locales/pt_br.js?v=1605079069265 HTTP/1.1" 200 1236 "http://localhost:3000/apidoc/index.html" "Mozilla/5.0 (Windows NT 10.0; Win64; x64) AppleWebKit/537.36 (KHTML, like Gecko) Chrome/86.0.4240.183 Safari/537.36"
[2020-11-11T15:17:49.302] [INFO] access - ::1 - - "GET /apidoc/locales/ro.js?v=1605079069265 HTTP/1.1" 200 1238 "http://localhost:3000/apidoc/index.html" "Mozilla/5.0 (Windows NT 10.0; Win64; x64) AppleWebKit/537.36 (KHTML, like Gecko) Chrome/86.0.4240.183 Safari/537.36"
[2020-11-11T15:17:49.303] [INFO] access - ::1 - - "GET /apidoc/locales/ru.js?v=1605079069265 HTTP/1.1" 200 1481 "http://localhost:3000/apidoc/index.html" "Mozilla/5.0 (Windows NT 10.0; Win64; x64) AppleWebKit/537.36 (KHTML, like Gecko) Chrome/86.0.4240.183 Safari/537.36"
[2020-11-11T15:17:49.303] [INFO] access - ::1 - - "GET /apidoc/locales/tr.js?v=1605079069265 HTTP/1.1" 200 1246 "http://localhost:3000/apidoc/index.html" "Mozilla/5.0 (Windows NT 10.0; Win64; x64) AppleWebKit/537.36 (KHTML, like Gecko) Chrome/86.0.4240.183 Safari/537.36"
[2020-11-11T15:17:49.305] [INFO] access - ::1 - - "GET /apidoc/locales/vi.js?v=1605079069265 HTTP/1.1" 200 1328 "http://localhost:3000/apidoc/index.html" "Mozilla/5.0 (Windows NT 10.0; Win64; x64) AppleWebKit/537.36 (KHTML, like Gecko) Chrome/86.0.4240.183 Safari/537.36"
[2020-11-11T15:17:49.305] [INFO] access - ::1 - - "GET /apidoc/locales/zh.js?v=1605079069265 HTTP/1.1" 200 1157 "http://localhost:3000/apidoc/index.html" "Mozilla/5.0 (Windows NT 10.0; Win64; x64) AppleWebKit/537.36 (KHTML, like Gecko) Chrome/86.0.4240.183 Safari/537.36"
[2020-11-11T15:17:49.306] [INFO] access - ::1 - - "GET /apidoc/locales/zh_cn.js?v=1605079069265 HTTP/1.1" 200 1292 "http://localhost:3000/apidoc/index.html" "Mozilla/5.0 (Windows NT 10.0; Win64; x64) AppleWebKit/537.36 (KHTML, like Gecko) Chrome/86.0.4240.183 Safari/537.36"
[2020-11-11T15:17:49.307] [INFO] access - ::1 - - "GET /apidoc/vendor/bootstrap.min.js?v=1605079069265 HTTP/1.1" 200 39680 "http://localhost:3000/apidoc/index.html" "Mozilla/5.0 (Windows NT 10.0; Win64; x64) AppleWebKit/537.36 (KHTML, like Gecko) Chrome/86.0.4240.183 Safari/537.36"
[2020-11-11T15:17:49.309] [INFO] access - ::1 - - "GET /apidoc/utils/send_sample_request_utils.js?v=1605079069265 HTTP/1.1" 200 3356 "http://localhost:3000/apidoc/index.html" "Mozilla/5.0 (Windows NT 10.0; Win64; x64) AppleWebKit/537.36 (KHTML, like Gecko) Chrome/86.0.4240.183 Safari/537.36"
[2020-11-11T15:17:49.330] [INFO] access - ::1 - - "GET /apidoc/utils/handlebars_helper.js?v=1605079069265 HTTP/1.1" 200 10752 "http://localhost:3000/apidoc/index.html" "Mozilla/5.0 (Windows NT 10.0; Win64; x64) AppleWebKit/537.36 (KHTML, like Gecko) Chrome/86.0.4240.183 Safari/537.36"
[2020-11-11T15:17:49.488] [INFO] access - ::1 - - "GET /apidoc/vendor/diff_match_patch.min.js?v=1605079069265 HTTP/1.1" 200 19192 "http://localhost:3000/apidoc/index.html" "Mozilla/5.0 (Windows NT 10.0; Win64; x64) AppleWebKit/537.36 (KHTML, like Gecko) Chrome/86.0.4240.183 Safari/537.36"
[2020-11-11T15:21:33.801] [INFO] access - ::1 - - "POST /api_v1/users/getUserList HTTP/1.1" 401 58 "http://localhost:3001/" "Mozilla/5.0 (Windows NT 10.0; Win64; x64) AppleWebKit/537.36 (KHTML, like Gecko) Chrome/86.0.4240.183 Safari/537.36"
[2020-11-11T15:21:52.952] [INFO] access - ::1 - - "POST /api_v1/users/getUserList HTTP/1.1" 401 58 "http://localhost:3001/" "Mozilla/5.0 (Windows NT 10.0; Win64; x64) AppleWebKit/537.36 (KHTML, like Gecko) Chrome/86.0.4240.183 Safari/537.36"
[2020-11-11T15:22:11.154] [INFO] access - ::1 - - "POST /api_v1/users/getUserList HTTP/1.1" 401 58 "http://localhost:3001/" "Mozilla/5.0 (Windows NT 10.0; Win64; x64) AppleWebKit/537.36 (KHTML, like Gecko) Chrome/86.0.4240.183 Safari/537.36"
[2020-11-11T15:22:30.729] [INFO] access - ::1 - - "POST /api_v1/users/getUserList HTTP/1.1" 401 58 "http://localhost:3001/" "Mozilla/5.0 (Windows NT 10.0; Win64; x64) AppleWebKit/537.36 (KHTML, like Gecko) Chrome/86.0.4240.183 Safari/537.36"
[2020-11-11T15:22:35.965] [INFO] access - ::1 - - "POST /api_v1/users/getUserList HTTP/1.1" 401 58 "http://localhost:3001/" "Mozilla/5.0 (Windows NT 10.0; Win64; x64) AppleWebKit/537.36 (KHTML, like Gecko) Chrome/86.0.4240.183 Safari/537.36"
[2020-11-11T15:22:45.054] [INFO] access - ::1 - - "POST /api_v1/users/getUserList HTTP/1.1" 401 58 "http://localhost:3001/" "Mozilla/5.0 (Windows NT 10.0; Win64; x64) AppleWebKit/537.36 (KHTML, like Gecko) Chrome/86.0.4240.183 Safari/537.36"
[2020-11-11T15:22:57.882] [INFO] access - ::1 - - "POST /api_v1/users/getUserList HTTP/1.1" 401 58 "http://localhost:3001/" "Mozilla/5.0 (Windows NT 10.0; Win64; x64) AppleWebKit/537.36 (KHTML, like Gecko) Chrome/86.0.4240.183 Safari/537.36"
[2020-11-11T15:23:05.290] [INFO] access - ::1 - - "POST /api_v1/users/getUserList HTTP/1.1" 401 58 "http://localhost:3001/" "Mozilla/5.0 (Windows NT 10.0; Win64; x64) AppleWebKit/537.36 (KHTML, like Gecko) Chrome/86.0.4240.183 Safari/537.36"
[2020-11-11T15:23:11.933] [INFO] access - ::1 - - "POST /api_v1/users/getUserList HTTP/1.1" 401 58 "http://localhost:3001/" "Mozilla/5.0 (Windows NT 10.0; Win64; x64) AppleWebKit/537.36 (KHTML, like Gecko) Chrome/86.0.4240.183 Safari/537.36"
[2020-11-11T15:23:49.591] [INFO] access - ::1 - - "POST /api_v1/users/getUserList HTTP/1.1" 401 50 "http://localhost:3001/" "Mozilla/5.0 (Windows NT 10.0; Win64; x64) AppleWebKit/537.36 (KHTML, like Gecko) Chrome/86.0.4240.183 Safari/537.36"
[2020-11-11T15:24:24.987] [INFO] access - ::1 - - "POST /api_v1/users/getUserList HTTP/1.1" 401 58 "http://localhost:3001/" "Mozilla/5.0 (Windows NT 10.0; Win64; x64) AppleWebKit/537.36 (KHTML, like Gecko) Chrome/86.0.4240.183 Safari/537.36"
[2020-11-11T15:24:50.702] [INFO] access - ::1 - - "POST /api_v1/users/getUserList HTTP/1.1" 401 58 "http://localhost:3001/" "Mozilla/5.0 (Windows NT 10.0; Win64; x64) AppleWebKit/537.36 (KHTML, like Gecko) Chrome/86.0.4240.183 Safari/537.36"
[2020-11-11T15:25:10.455] [INFO] access - ::1 - - "POST /api_v1/users/getUserList HTTP/1.1" 401 58 "http://localhost:3001/" "Mozilla/5.0 (Windows NT 10.0; Win64; x64) AppleWebKit/537.36 (KHTML, like Gecko) Chrome/86.0.4240.183 Safari/537.36"
[2020-11-11T15:25:21.278] [INFO] access - ::1 - - "POST /api_v1/users/getUserList HTTP/1.1" 401 58 "http://localhost:3001/" "Mozilla/5.0 (Windows NT 10.0; Win64; x64) AppleWebKit/537.36 (KHTML, like Gecko) Chrome/86.0.4240.183 Safari/537.36"
[2020-11-11T15:26:01.419] [INFO] access - ::1 - - "POST /api_v1/users/getUserList HTTP/1.1" 401 58 "http://localhost:3001/" "Mozilla/5.0 (Windows NT 10.0; Win64; x64) AppleWebKit/537.36 (KHTML, like Gecko) Chrome/86.0.4240.183 Safari/537.36"
[2020-11-11T15:26:28.197] [INFO] access - ::1 - - "POST /api_v1/users/getUserList HTTP/1.1" 401 58 "http://localhost:3001/" "Mozilla/5.0 (Windows NT 10.0; Win64; x64) AppleWebKit/537.36 (KHTML, like Gecko) Chrome/86.0.4240.183 Safari/537.36"
[2020-11-11T15:26:49.972] [INFO] access - ::1 - - "POST /api_v1/users/getUserList HTTP/1.1" 401 58 "http://localhost:3001/" "Mozilla/5.0 (Windows NT 10.0; Win64; x64) AppleWebKit/537.36 (KHTML, like Gecko) Chrome/86.0.4240.183 Safari/537.36"
[2020-11-11T15:27:12.095] [INFO] access - ::1 - - "POST /api_v1/users/getUserList HTTP/1.1" 401 58 "http://localhost:3001/" "Mozilla/5.0 (Windows NT 10.0; Win64; x64) AppleWebKit/537.36 (KHTML, like Gecko) Chrome/86.0.4240.183 Safari/537.36"
[2020-11-11T15:27:23.236] [INFO] access - ::1 - - "POST /api_v1/users/getUserList HTTP/1.1" 401 58 "http://localhost:3001/" "Mozilla/5.0 (Windows NT 10.0; Win64; x64) AppleWebKit/537.36 (KHTML, like Gecko) Chrome/86.0.4240.183 Safari/537.36"
[2020-11-11T15:27:52.548] [INFO] access - ::1 - - "POST /api_v1/users/getUserList HTTP/1.1" 401 58 "http://localhost:3001/" "Mozilla/5.0 (Windows NT 10.0; Win64; x64) AppleWebKit/537.36 (KHTML, like Gecko) Chrome/86.0.4240.183 Safari/537.36"
[2020-11-11T15:28:12.079] [INFO] access - ::1 - - "POST /api_v1/users/getUserList HTTP/1.1" 401 58 "http://localhost:3001/" "Mozilla/5.0 (Windows NT 10.0; Win64; x64) AppleWebKit/537.36 (KHTML, like Gecko) Chrome/86.0.4240.183 Safari/537.36"
[2020-11-11T15:28:22.526] [INFO] access - ::1 - - "POST /api_v1/users/getUserList HTTP/1.1" 401 58 "http://localhost:3001/" "Mozilla/5.0 (Windows NT 10.0; Win64; x64) AppleWebKit/537.36 (KHTML, like Gecko) Chrome/86.0.4240.183 Safari/537.36"
[2020-11-11T15:28:32.422] [INFO] access - ::1 - - "POST /api_v1/users/getUserList HTTP/1.1" 401 58 "http://localhost:3001/" "Mozilla/5.0 (Windows NT 10.0; Win64; x64) AppleWebKit/537.36 (KHTML, like Gecko) Chrome/86.0.4240.183 Safari/537.36"
[2020-11-11T15:28:57.800] [INFO] access - ::1 - - "POST /api_v1/users/getUserList HTTP/1.1" 401 58 "http://localhost:3001/" "Mozilla/5.0 (Windows NT 10.0; Win64; x64) AppleWebKit/537.36 (KHTML, like Gecko) Chrome/86.0.4240.183 Safari/537.36"
[2020-11-11T15:29:47.929] [INFO] access - ::1 - - "POST /api_v1/users/getUserList HTTP/1.1" 200 58 "http://localhost:3001/" "Mozilla/5.0 (Windows NT 10.0; Win64; x64) AppleWebKit/537.36 (KHTML, like Gecko) Chrome/86.0.4240.183 Safari/537.36"
[2020-11-11T15:30:03.400] [INFO] access - ::1 - - "POST /api_v1/users/getUserList HTTP/1.1" 200 58 "http://localhost:3001/" "Mozilla/5.0 (Windows NT 10.0; Win64; x64) AppleWebKit/537.36 (KHTML, like Gecko) Chrome/86.0.4240.183 Safari/537.36"
[2020-11-11T15:30:11.542] [INFO] access - ::1 - - "POST /api_v1/users/getUserList HTTP/1.1" 200 58 "http://localhost:3001/" "Mozilla/5.0 (Windows NT 10.0; Win64; x64) AppleWebKit/537.36 (KHTML, like Gecko) Chrome/86.0.4240.183 Safari/537.36"
[2020-11-11T15:30:18.347] [INFO] access - ::1 - - "POST /api_v1/users/getUserList HTTP/1.1" 200 58 "http://localhost:3001/" "Mozilla/5.0 (Windows NT 10.0; Win64; x64) AppleWebKit/537.36 (KHTML, like Gecko) Chrome/86.0.4240.183 Safari/537.36"
[2020-11-11T15:30:30.990] [INFO] access - ::1 - - "POST /api_v1/users/getUserList HTTP/1.1" 401 58 "http://localhost:3001/" "Mozilla/5.0 (Windows NT 10.0; Win64; x64) AppleWebKit/537.36 (KHTML, like Gecko) Chrome/86.0.4240.183 Safari/537.36"
[2020-11-11T15:31:38.941] [INFO] access - ::1 - - "POST /api_v1/users/getUserList HTTP/1.1" 200 58 "http://localhost:3001/" "Mozilla/5.0 (Windows NT 10.0; Win64; x64) AppleWebKit/537.36 (KHTML, like Gecko) Chrome/86.0.4240.183 Safari/537.36"
[2020-11-11T15:32:00.131] [INFO] access - ::1 - - "POST /api_v1/users/getUserList HTTP/1.1" 200 58 "http://localhost:3001/" "Mozilla/5.0 (Windows NT 10.0; Win64; x64) AppleWebKit/537.36 (KHTML, like Gecko) Chrome/86.0.4240.183 Safari/537.36"
[2020-11-11T15:32:25.376] [INFO] access - ::1 - - "POST /api_v1/users/getUserList HTTP/1.1" 200 58 "http://localhost:3001/" "Mozilla/5.0 (Windows NT 10.0; Win64; x64) AppleWebKit/537.36 (KHTML, like Gecko) Chrome/86.0.4240.183 Safari/537.36"
[2020-11-11T15:33:02.073] [INFO] access - ::1 - - "POST /api_v1/users/getUserList HTTP/1.1" 200 58 "http://localhost:3001/" "Mozilla/5.0 (Windows NT 10.0; Win64; x64) AppleWebKit/537.36 (KHTML, like Gecko) Chrome/86.0.4240.183 Safari/537.36"
[2020-11-11T15:33:11.788] [INFO] access - ::1 - - "POST /api_v1/users/getUserList HTTP/1.1" 200 58 "http://localhost:3001/" "Mozilla/5.0 (Windows NT 10.0; Win64; x64) AppleWebKit/537.36 (KHTML, like Gecko) Chrome/86.0.4240.183 Safari/537.36"
[2020-11-11T15:33:13.787] [INFO] access - ::1 - - "POST /api_v1/users/getUserList HTTP/1.1" 200 58 "http://localhost:3001/" "Mozilla/5.0 (Windows NT 10.0; Win64; x64) AppleWebKit/537.36 (KHTML, like Gecko) Chrome/86.0.4240.183 Safari/537.36"
[2020-11-11T15:33:22.523] [INFO] access - ::1 - - "POST /api_v1/users/getUserList HTTP/1.1" 200 58 "http://localhost:3001/" "Mozilla/5.0 (Windows NT 10.0; Win64; x64) AppleWebKit/537.36 (KHTML, like Gecko) Chrome/86.0.4240.183 Safari/537.36"
[2020-11-11T15:33:51.014] [INFO] access - ::1 - - "POST /api_v1/users/getUserList HTTP/1.1" 200 58 "http://localhost:3001/" "Mozilla/5.0 (Windows NT 10.0; Win64; x64) AppleWebKit/537.36 (KHTML, like Gecko) Chrome/86.0.4240.183 Safari/537.36"
[2020-11-11T15:36:33.149] [INFO] access - ::1 - - "POST /api_v1/users/getUserList HTTP/1.1" 200 58 "http://localhost:3001/" "Mozilla/5.0 (Windows NT 10.0; Win64; x64) AppleWebKit/537.36 (KHTML, like Gecko) Chrome/86.0.4240.183 Safari/537.36"
[2020-11-11T15:37:04.031] [INFO] access - ::1 - - "POST /api_v1/users/getUserList HTTP/1.1" 200 58 "http://localhost:3001/" "Mozilla/5.0 (Windows NT 10.0; Win64; x64) AppleWebKit/537.36 (KHTML, like Gecko) Chrome/86.0.4240.183 Safari/537.36"
[2020-11-11T15:40:09.935] [INFO] access - ::1 - - "POST /api_v1/users/getUserList HTTP/1.1" 200 58 "http://localhost:3001/" "Mozilla/5.0 (Windows NT 10.0; Win64; x64) AppleWebKit/537.36 (KHTML, like Gecko) Chrome/86.0.4240.183 Safari/537.36"
[2020-11-11T15:40:49.879] [INFO] access - ::1 - - "POST /api_v1/users/getUserList HTTP/1.1" 200 58 "http://localhost:3001/" "Mozilla/5.0 (Windows NT 10.0; Win64; x64) AppleWebKit/537.36 (KHTML, like Gecko) Chrome/86.0.4240.183 Safari/537.36"
[2020-11-11T15:41:27.108] [INFO] access - ::1 - - "POST /api_v1/users/getUserList HTTP/1.1" 200 347 "http://localhost:3001/" "Mozilla/5.0 (Windows NT 10.0; Win64; x64) AppleWebKit/537.36 (KHTML, like Gecko) Chrome/86.0.4240.183 Safari/537.36"
[2020-11-11T15:50:08.148] [INFO] access - ::1 - - "POST /api_v1/users/getUserList HTTP/1.1" 200 347 "http://localhost:3001/" "Mozilla/5.0 (Windows NT 10.0; Win64; x64) AppleWebKit/537.36 (KHTML, like Gecko) Chrome/86.0.4240.183 Safari/537.36"
[2020-11-11T15:51:10.841] [INFO] access - ::1 - - "POST /api_v1/users/getUserList HTTP/1.1" 200 347 "http://localhost:3001/" "Mozilla/5.0 (Windows NT 10.0; Win64; x64) AppleWebKit/537.36 (KHTML, like Gecko) Chrome/86.0.4240.183 Safari/537.36"
[2020-11-11T15:53:20.278] [INFO] access - ::1 - - "POST /api_v1/users/getUserList HTTP/1.1" 200 405 "http://localhost:3001/" "Mozilla/5.0 (Windows NT 10.0; Win64; x64) AppleWebKit/537.36 (KHTML, like Gecko) Chrome/86.0.4240.183 Safari/537.36"
[2020-11-11T15:54:46.628] [INFO] access - ::1 - - "POST /api_v1/users/getUserList HTTP/1.1" 200 405 "http://localhost:3001/" "Mozilla/5.0 (Windows NT 10.0; Win64; x64) AppleWebKit/537.36 (KHTML, like Gecko) Chrome/86.0.4240.183 Safari/537.36"
[2020-11-11T15:54:47.876] [INFO] access - ::1 - - "POST /api_v1/users/getUserList HTTP/1.1" 200 405 "http://localhost:3001/" "Mozilla/5.0 (Windows NT 10.0; Win64; x64) AppleWebKit/537.36 (KHTML, like Gecko) Chrome/86.0.4240.183 Safari/537.36"
[2020-11-11T15:56:49.469] [INFO] access - ::1 - - "POST /api_v1/users/getUserList HTTP/1.1" 200 405 "http://localhost:3001/" "Mozilla/5.0 (Windows NT 10.0; Win64; x64) AppleWebKit/537.36 (KHTML, like Gecko) Chrome/86.0.4240.183 Safari/537.36"
[2020-11-11T15:57:03.848] [INFO] access - ::1 - - "POST /api_v1/users/getUserList HTTP/1.1" 200 405 "http://localhost:3001/" "Mozilla/5.0 (Windows NT 10.0; Win64; x64) AppleWebKit/537.36 (KHTML, like Gecko) Chrome/86.0.4240.183 Safari/537.36"
[2020-11-11T15:57:06.318] [INFO] access - ::1 - - "POST /api_v1/users/getUserList HTTP/1.1" 200 405 "http://localhost:3001/" "Mozilla/5.0 (Windows NT 10.0; Win64; x64) AppleWebKit/537.36 (KHTML, like Gecko) Chrome/86.0.4240.183 Safari/537.36"
[2020-11-11T15:57:09.445] [INFO] access - ::1 - - "POST /api_v1/users/getUserList HTTP/1.1" 200 405 "http://localhost:3001/" "Mozilla/5.0 (Windows NT 10.0; Win64; x64) AppleWebKit/537.36 (KHTML, like Gecko) Chrome/86.0.4240.183 Safari/537.36"
[2020-11-11T15:57:10.787] [INFO] access - ::1 - - "POST /api_v1/users/getUserList HTTP/1.1" 200 405 "http://localhost:3001/" "Mozilla/5.0 (Windows NT 10.0; Win64; x64) AppleWebKit/537.36 (KHTML, like Gecko) Chrome/86.0.4240.183 Safari/537.36"
[2020-11-11T15:57:13.853] [INFO] access - ::1 - - "POST /api_v1/users/getUserList HTTP/1.1" 200 405 "http://localhost:3001/" "Mozilla/5.0 (Windows NT 10.0; Win64; x64) AppleWebKit/537.36 (KHTML, like Gecko) Chrome/86.0.4240.183 Safari/537.36"
[2020-11-11T15:59:02.052] [INFO] access - ::1 - - "POST /api_v1/users/getUserList HTTP/1.1" 200 405 "http://localhost:3001/" "Mozilla/5.0 (Windows NT 10.0; Win64; x64) AppleWebKit/537.36 (KHTML, like Gecko) Chrome/86.0.4240.183 Safari/537.36"
[2020-11-11T15:59:38.172] [INFO] access - ::1 - - "POST /api_v1/users/getUserList HTTP/1.1" 200 405 "http://localhost:3001/" "Mozilla/5.0 (Windows NT 10.0; Win64; x64) AppleWebKit/537.36 (KHTML, like Gecko) Chrome/86.0.4240.183 Safari/537.36"
[2020-11-11T15:59:46.074] [INFO] access - ::1 - - "POST /api_v1/users/getUserList HTTP/1.1" 200 405 "http://localhost:3001/" "Mozilla/5.0 (Windows NT 10.0; Win64; x64) AppleWebKit/537.36 (KHTML, like Gecko) Chrome/86.0.4240.183 Safari/537.36"
[2020-11-11T16:04:13.536] [INFO] access - ::1 - - "POST /api_v1/users/getUserList HTTP/1.1" 200 405 "http://localhost:3001/" "Mozilla/5.0 (Windows NT 10.0; Win64; x64) AppleWebKit/537.36 (KHTML, like Gecko) Chrome/86.0.4240.183 Safari/537.36"
[2020-11-11T16:04:17.600] [INFO] access - ::1 - - "POST /api_v1/users/getUserList HTTP/1.1" 200 405 "http://localhost:3001/" "Mozilla/5.0 (Windows NT 10.0; Win64; x64) AppleWebKit/537.36 (KHTML, like Gecko) Chrome/86.0.4240.183 Safari/537.36"
[2020-11-11T16:04:19.005] [INFO] access - ::1 - - "POST /api_v1/users/getUserList HTTP/1.1" 200 405 "http://localhost:3001/" "Mozilla/5.0 (Windows NT 10.0; Win64; x64) AppleWebKit/537.36 (KHTML, like Gecko) Chrome/86.0.4240.183 Safari/537.36"
[2020-11-11T16:04:27.547] [INFO] access - ::1 - - "POST /api_v1/users/getUserList HTTP/1.1" 200 405 "http://localhost:3001/" "Mozilla/5.0 (Windows NT 10.0; Win64; x64) AppleWebKit/537.36 (KHTML, like Gecko) Chrome/86.0.4240.183 Safari/537.36"
[2020-11-11T16:04:57.797] [INFO] access - ::1 - - "POST /api_v1/users/getUserList HTTP/1.1" 200 405 "http://localhost:3001/" "Mozilla/5.0 (Windows NT 10.0; Win64; x64) AppleWebKit/537.36 (KHTML, like Gecko) Chrome/86.0.4240.183 Safari/537.36"
[2020-11-11T16:05:02.177] [INFO] access - ::1 - - "POST /api_v1/users/getUserList HTTP/1.1" 200 405 "http://localhost:3001/" "Mozilla/5.0 (Windows NT 10.0; Win64; x64) AppleWebKit/537.36 (KHTML, like Gecko) Chrome/86.0.4240.183 Safari/537.36"
[2020-11-11T16:05:31.634] [INFO] access - ::1 - - "POST /api_v1/users/getUserList HTTP/1.1" 200 405 "http://localhost:3001/" "Mozilla/5.0 (Windows NT 10.0; Win64; x64) AppleWebKit/537.36 (KHTML, like Gecko) Chrome/86.0.4240.183 Safari/537.36"
[2020-11-11T16:05:41.192] [INFO] access - ::1 - - "POST /api_v1/users/getUserList HTTP/1.1" 200 405 "http://localhost:3001/" "Mozilla/5.0 (Windows NT 10.0; Win64; x64) AppleWebKit/537.36 (KHTML, like Gecko) Chrome/86.0.4240.183 Safari/537.36"
[2020-11-11T16:05:47.128] [INFO] access - ::1 - - "POST /api_v1/users/getUserList HTTP/1.1" 200 90 "http://localhost:3001/" "Mozilla/5.0 (Windows NT 10.0; Win64; x64) AppleWebKit/537.36 (KHTML, like Gecko) Chrome/86.0.4240.183 Safari/537.36"
[2020-11-11T16:05:54.798] [INFO] access - ::1 - - "POST /api_v1/users/getUserList HTTP/1.1" 200 405 "http://localhost:3001/" "Mozilla/5.0 (Windows NT 10.0; Win64; x64) AppleWebKit/537.36 (KHTML, like Gecko) Chrome/86.0.4240.183 Safari/537.36"
[2020-11-11T16:08:33.663] [INFO] access - ::1 - - "GET /apidoc/index.html HTTP/1.1" 200 29292 "" "Mozilla/5.0 (Windows NT 10.0; Win64; x64) AppleWebKit/537.36 (KHTML, like Gecko) Chrome/86.0.4240.183 Safari/537.36"
[2020-11-11T16:08:33.685] [INFO] access - ::1 - - "GET /apidoc/vendor/bootstrap.min.css HTTP/1.1" 200 121457 "http://localhost:3000/apidoc/index.html" "Mozilla/5.0 (Windows NT 10.0; Win64; x64) AppleWebKit/537.36 (KHTML, like Gecko) Chrome/86.0.4240.183 Safari/537.36"
[2020-11-11T16:08:33.690] [INFO] access - ::1 - - "GET /apidoc/vendor/prism.css HTTP/1.1" 200 1957 "http://localhost:3000/apidoc/index.html" "Mozilla/5.0 (Windows NT 10.0; Win64; x64) AppleWebKit/537.36 (KHTML, like Gecko) Chrome/86.0.4240.183 Safari/537.36"
[2020-11-11T16:08:33.690] [INFO] access - ::1 - - "GET /apidoc/css/style.css HTTP/1.1" 200 9821 "http://localhost:3000/apidoc/index.html" "Mozilla/5.0 (Windows NT 10.0; Win64; x64) AppleWebKit/537.36 (KHTML, like Gecko) Chrome/86.0.4240.183 Safari/537.36"
[2020-11-11T16:08:33.691] [INFO] access - ::1 - - "GET /apidoc/vendor/polyfill.js HTTP/1.1" 200 2900 "http://localhost:3000/apidoc/index.html" "Mozilla/5.0 (Windows NT 10.0; Win64; x64) AppleWebKit/537.36 (KHTML, like Gecko) Chrome/86.0.4240.183 Safari/537.36"
[2020-11-11T16:08:33.691] [INFO] access - ::1 - - "GET /apidoc/vendor/require.min.js HTTP/1.1" 200 15825 "http://localhost:3000/apidoc/index.html" "Mozilla/5.0 (Windows NT 10.0; Win64; x64) AppleWebKit/537.36 (KHTML, like Gecko) Chrome/86.0.4240.183 Safari/537.36"
[2020-11-11T16:08:33.740] [INFO] access - ::1 - - "GET /apidoc/main.js HTTP/1.1" 200 32803 "http://localhost:3000/apidoc/index.html" "Mozilla/5.0 (Windows NT 10.0; Win64; x64) AppleWebKit/537.36 (KHTML, like Gecko) Chrome/86.0.4240.183 Safari/537.36"
[2020-11-11T16:08:33.753] [INFO] access - ::1 - - "GET /apidoc/vendor/jquery.min.js?v=1605082113742 HTTP/1.1" 200 89476 "http://localhost:3000/apidoc/index.html" "Mozilla/5.0 (Windows NT 10.0; Win64; x64) AppleWebKit/537.36 (KHTML, like Gecko) Chrome/86.0.4240.183 Safari/537.36"
[2020-11-11T16:08:33.753] [INFO] access - ::1 - - "GET /apidoc/vendor/lodash.custom.min.js?v=1605082113742 HTTP/1.1" 200 20022 "http://localhost:3000/apidoc/index.html" "Mozilla/5.0 (Windows NT 10.0; Win64; x64) AppleWebKit/537.36 (KHTML, like Gecko) Chrome/86.0.4240.183 Safari/537.36"
[2020-11-11T16:08:33.754] [INFO] access - ::1 - - "GET /apidoc/locales/locale.js?v=1605082113742 HTTP/1.1" 200 1249 "http://localhost:3000/apidoc/index.html" "Mozilla/5.0 (Windows NT 10.0; Win64; x64) AppleWebKit/537.36 (KHTML, like Gecko) Chrome/86.0.4240.183 Safari/537.36"
[2020-11-11T16:08:33.754] [INFO] access - ::1 - - "GET /apidoc/api_project.js?v=1605082113742 HTTP/1.1" 200 537 "http://localhost:3000/apidoc/index.html" "Mozilla/5.0 (Windows NT 10.0; Win64; x64) AppleWebKit/537.36 (KHTML, like Gecko) Chrome/86.0.4240.183 Safari/537.36"
[2020-11-11T16:08:33.755] [INFO] access - ::1 - - "GET /apidoc/api_data.js?v=1605082113742 HTTP/1.1" 200 64263 "http://localhost:3000/apidoc/index.html" "Mozilla/5.0 (Windows NT 10.0; Win64; x64) AppleWebKit/537.36 (KHTML, like Gecko) Chrome/86.0.4240.183 Safari/537.36"
[2020-11-11T16:08:33.755] [INFO] access - ::1 - - "GET /apidoc/utils/send_sample_request.js?v=1605082113742 HTTP/1.1" 200 10211 "http://localhost:3000/apidoc/index.html" "Mozilla/5.0 (Windows NT 10.0; Win64; x64) AppleWebKit/537.36 (KHTML, like Gecko) Chrome/86.0.4240.183 Safari/537.36"
[2020-11-11T16:08:33.758] [INFO] access - ::1 - - "GET /apidoc/vendor/semver.min.js?v=1605082113742 HTTP/1.1" 200 12950 "http://localhost:3000/apidoc/index.html" "Mozilla/5.0 (Windows NT 10.0; Win64; x64) AppleWebKit/537.36 (KHTML, like Gecko) Chrome/86.0.4240.183 Safari/537.36"
[2020-11-11T16:08:33.761] [INFO] access - ::1 - - "GET /apidoc/vendor/webfontloader.js?v=1605082113742 HTTP/1.1" 200 12492 "http://localhost:3000/apidoc/index.html" "Mozilla/5.0 (Windows NT 10.0; Win64; x64) AppleWebKit/537.36 (KHTML, like Gecko) Chrome/86.0.4240.183 Safari/537.36"
[2020-11-11T16:08:33.762] [INFO] access - ::1 - - "GET /apidoc/vendor/path-to-regexp/index.js?v=1605082113742 HTTP/1.1" 200 5147 "http://localhost:3000/apidoc/index.html" "Mozilla/5.0 (Windows NT 10.0; Win64; x64) AppleWebKit/537.36 (KHTML, like Gecko) Chrome/86.0.4240.183 Safari/537.36"
[2020-11-11T16:08:33.764] [INFO] access - ::1 - - "GET /apidoc/vendor/list.min.js?v=1605082113742 HTTP/1.1" 200 15952 "http://localhost:3000/apidoc/index.html" "Mozilla/5.0 (Windows NT 10.0; Win64; x64) AppleWebKit/537.36 (KHTML, like Gecko) Chrome/86.0.4240.183 Safari/537.36"
[2020-11-11T16:08:33.765] [INFO] access - ::1 - - "GET /apidoc/vendor/prism.js?v=1605082113742 HTTP/1.1" 200 42163 "http://localhost:3000/apidoc/index.html" "Mozilla/5.0 (Windows NT 10.0; Win64; x64) AppleWebKit/537.36 (KHTML, like Gecko) Chrome/86.0.4240.183 Safari/537.36"
[2020-11-11T16:08:33.765] [INFO] access - ::1 - - "GET /apidoc/vendor/handlebars.min.js?v=1605082113742 HTTP/1.1" 200 80257 "http://localhost:3000/apidoc/index.html" "Mozilla/5.0 (Windows NT 10.0; Win64; x64) AppleWebKit/537.36 (KHTML, like Gecko) Chrome/86.0.4240.183 Safari/537.36"
[2020-11-11T16:08:33.781] [INFO] access - ::1 - - "GET /apidoc/vendor/bootstrap.min.js?v=1605082113742 HTTP/1.1" 200 39680 "http://localhost:3000/apidoc/index.html" "Mozilla/5.0 (Windows NT 10.0; Win64; x64) AppleWebKit/537.36 (KHTML, like Gecko) Chrome/86.0.4240.183 Safari/537.36"
[2020-11-11T16:08:33.781] [INFO] access - ::1 - - "GET /apidoc/locales/ca.js?v=1605082113742 HTTP/1.1" 200 1225 "http://localhost:3000/apidoc/index.html" "Mozilla/5.0 (Windows NT 10.0; Win64; x64) AppleWebKit/537.36 (KHTML, like Gecko) Chrome/86.0.4240.183 Safari/537.36"
[2020-11-11T16:08:33.782] [INFO] access - ::1 - - "GET /apidoc/locales/cs.js?v=1605082113742 HTTP/1.1" 200 1246 "http://localhost:3000/apidoc/index.html" "Mozilla/5.0 (Windows NT 10.0; Win64; x64) AppleWebKit/537.36 (KHTML, like Gecko) Chrome/86.0.4240.183 Safari/537.36"
[2020-11-11T16:08:33.782] [INFO] access - ::1 - - "GET /apidoc/locales/de.js?v=1605082113742 HTTP/1.1" 200 1234 "http://localhost:3000/apidoc/index.html" "Mozilla/5.0 (Windows NT 10.0; Win64; x64) AppleWebKit/537.36 (KHTML, like Gecko) Chrome/86.0.4240.183 Safari/537.36"
[2020-11-11T16:08:33.783] [INFO] access - ::1 - - "GET /apidoc/locales/es.js?v=1605082113742 HTTP/1.1" 200 1244 "http://localhost:3000/apidoc/index.html" "Mozilla/5.0 (Windows NT 10.0; Win64; x64) AppleWebKit/537.36 (KHTML, like Gecko) Chrome/86.0.4240.183 Safari/537.36"
[2020-11-11T16:08:33.784] [INFO] access - ::1 - - "GET /apidoc/locales/fr.js?v=1605082113742 HTTP/1.1" 200 1264 "http://localhost:3000/apidoc/index.html" "Mozilla/5.0 (Windows NT 10.0; Win64; x64) AppleWebKit/537.36 (KHTML, like Gecko) Chrome/86.0.4240.183 Safari/537.36"
[2020-11-11T16:08:33.786] [INFO] access - ::1 - - "GET /apidoc/locales/it.js?v=1605082113742 HTTP/1.1" 200 1249 "http://localhost:3000/apidoc/index.html" "Mozilla/5.0 (Windows NT 10.0; Win64; x64) AppleWebKit/537.36 (KHTML, like Gecko) Chrome/86.0.4240.183 Safari/537.36"
[2020-11-11T16:08:33.789] [INFO] access - ::1 - - "GET /apidoc/locales/nl.js?v=1605082113742 HTTP/1.1" 200 1241 "http://localhost:3000/apidoc/index.html" "Mozilla/5.0 (Windows NT 10.0; Win64; x64) AppleWebKit/537.36 (KHTML, like Gecko) Chrome/86.0.4240.183 Safari/537.36"
[2020-11-11T16:08:33.789] [INFO] access - ::1 - - "GET /apidoc/locales/pl.js?v=1605082113742 HTTP/1.1" 200 1226 "http://localhost:3000/apidoc/index.html" "Mozilla/5.0 (Windows NT 10.0; Win64; x64) AppleWebKit/537.36 (KHTML, like Gecko) Chrome/86.0.4240.183 Safari/537.36"
[2020-11-11T16:08:33.789] [INFO] access - ::1 - - "GET /apidoc/locales/pt_br.js?v=1605082113742 HTTP/1.1" 200 1236 "http://localhost:3000/apidoc/index.html" "Mozilla/5.0 (Windows NT 10.0; Win64; x64) AppleWebKit/537.36 (KHTML, like Gecko) Chrome/86.0.4240.183 Safari/537.36"
[2020-11-11T16:08:33.790] [INFO] access - ::1 - - "GET /apidoc/locales/ro.js?v=1605082113742 HTTP/1.1" 200 1238 "http://localhost:3000/apidoc/index.html" "Mozilla/5.0 (Windows NT 10.0; Win64; x64) AppleWebKit/537.36 (KHTML, like Gecko) Chrome/86.0.4240.183 Safari/537.36"
[2020-11-11T16:08:33.790] [INFO] access - ::1 - - "GET /apidoc/locales/ru.js?v=1605082113742 HTTP/1.1" 200 1481 "http://localhost:3000/apidoc/index.html" "Mozilla/5.0 (Windows NT 10.0; Win64; x64) AppleWebKit/537.36 (KHTML, like Gecko) Chrome/86.0.4240.183 Safari/537.36"
[2020-11-11T16:08:33.790] [INFO] access - ::1 - - "GET /apidoc/locales/tr.js?v=1605082113742 HTTP/1.1" 200 1246 "http://localhost:3000/apidoc/index.html" "Mozilla/5.0 (Windows NT 10.0; Win64; x64) AppleWebKit/537.36 (KHTML, like Gecko) Chrome/86.0.4240.183 Safari/537.36"
[2020-11-11T16:08:33.792] [INFO] access - ::1 - - "GET /apidoc/locales/vi.js?v=1605082113742 HTTP/1.1" 200 1328 "http://localhost:3000/apidoc/index.html" "Mozilla/5.0 (Windows NT 10.0; Win64; x64) AppleWebKit/537.36 (KHTML, like Gecko) Chrome/86.0.4240.183 Safari/537.36"
[2020-11-11T16:08:33.793] [INFO] access - ::1 - - "GET /apidoc/locales/zh.js?v=1605082113742 HTTP/1.1" 200 1157 "http://localhost:3000/apidoc/index.html" "Mozilla/5.0 (Windows NT 10.0; Win64; x64) AppleWebKit/537.36 (KHTML, like Gecko) Chrome/86.0.4240.183 Safari/537.36"
[2020-11-11T16:08:33.795] [INFO] access - ::1 - - "GET /apidoc/locales/zh_cn.js?v=1605082113742 HTTP/1.1" 200 1292 "http://localhost:3000/apidoc/index.html" "Mozilla/5.0 (Windows NT 10.0; Win64; x64) AppleWebKit/537.36 (KHTML, like Gecko) Chrome/86.0.4240.183 Safari/537.36"
[2020-11-11T16:08:33.796] [INFO] access - ::1 - - "GET /apidoc/utils/send_sample_request_utils.js?v=1605082113742 HTTP/1.1" 200 3356 "http://localhost:3000/apidoc/index.html" "Mozilla/5.0 (Windows NT 10.0; Win64; x64) AppleWebKit/537.36 (KHTML, like Gecko) Chrome/86.0.4240.183 Safari/537.36"
[2020-11-11T16:08:33.806] [INFO] access - ::1 - - "GET /apidoc/utils/handlebars_helper.js?v=1605082113742 HTTP/1.1" 200 10752 "http://localhost:3000/apidoc/index.html" "Mozilla/5.0 (Windows NT 10.0; Win64; x64) AppleWebKit/537.36 (KHTML, like Gecko) Chrome/86.0.4240.183 Safari/537.36"
[2020-11-11T16:08:33.958] [INFO] access - ::1 - - "GET /apidoc/vendor/diff_match_patch.min.js?v=1605082113742 HTTP/1.1" 200 19192 "http://localhost:3000/apidoc/index.html" "Mozilla/5.0 (Windows NT 10.0; Win64; x64) AppleWebKit/537.36 (KHTML, like Gecko) Chrome/86.0.4240.183 Safari/537.36"
[2020-11-11T16:09:42.025] [INFO] access - ::1 - - "POST /api_v1/users/getUserList HTTP/1.1" 200 405 "http://localhost:3001/" "Mozilla/5.0 (Windows NT 10.0; Win64; x64) AppleWebKit/537.36 (KHTML, like Gecko) Chrome/86.0.4240.183 Safari/537.36"
[2020-11-11T16:12:28.727] [INFO] access - ::1 - - "POST /api_v1/users/getUserList HTTP/1.1" 200 405 "http://localhost:3001/" "Mozilla/5.0 (Windows NT 10.0; Win64; x64) AppleWebKit/537.36 (KHTML, like Gecko) Chrome/86.0.4240.183 Safari/537.36"
[2020-11-11T16:13:21.318] [INFO] access - ::1 - - "POST /api_v1/users/getUserList HTTP/1.1" 200 405 "http://localhost:3001/" "Mozilla/5.0 (Windows NT 10.0; Win64; x64) AppleWebKit/537.36 (KHTML, like Gecko) Chrome/86.0.4240.183 Safari/537.36"
[2020-11-11T16:13:53.153] [INFO] access - ::1 - - "POST /api_v1/users/getUserList HTTP/1.1" 200 405 "http://localhost:3001/" "Mozilla/5.0 (Windows NT 10.0; Win64; x64) AppleWebKit/537.36 (KHTML, like Gecko) Chrome/86.0.4240.183 Safari/537.36"
[2020-11-11T16:14:09.887] [INFO] access - ::1 - - "POST /api_v1/users/getUserList HTTP/1.1" 200 405 "http://localhost:3001/" "Mozilla/5.0 (Windows NT 10.0; Win64; x64) AppleWebKit/537.36 (KHTML, like Gecko) Chrome/86.0.4240.183 Safari/537.36"
[2020-11-11T16:15:21.891] [INFO] access - ::1 - - "POST /api_v1/users/getUserList HTTP/1.1" 200 405 "http://localhost:3001/" "Mozilla/5.0 (Windows NT 10.0; Win64; x64) AppleWebKit/537.36 (KHTML, like Gecko) Chrome/86.0.4240.183 Safari/537.36"
[2020-11-11T16:15:49.064] [INFO] access - ::1 - - "POST /api_v1/users/getUserList HTTP/1.1" 200 405 "http://localhost:3001/" "Mozilla/5.0 (Windows NT 10.0; Win64; x64) AppleWebKit/537.36 (KHTML, like Gecko) Chrome/86.0.4240.183 Safari/537.36"
[2020-11-11T16:16:18.240] [INFO] access - ::1 - - "POST /api_v1/users/getUserList HTTP/1.1" 200 993 "http://localhost:3001/" "Mozilla/5.0 (Windows NT 10.0; Win64; x64) AppleWebKit/537.36 (KHTML, like Gecko) Chrome/86.0.4240.183 Safari/537.36"
[2020-11-11T16:16:25.662] [INFO] access - ::1 - - "POST /api_v1/users/getUserList HTTP/1.1" 200 993 "http://localhost:3001/" "Mozilla/5.0 (Windows NT 10.0; Win64; x64) AppleWebKit/537.36 (KHTML, like Gecko) Chrome/86.0.4240.183 Safari/537.36"
[2020-11-11T16:22:25.902] [INFO] access - ::1 - - "POST /api_v1/users/getUserList HTTP/1.1" 200 993 "http://localhost:3001/" "Mozilla/5.0 (Windows NT 10.0; Win64; x64) AppleWebKit/537.36 (KHTML, like Gecko) Chrome/86.0.4240.183 Safari/537.36"
[2020-11-11T16:22:40.971] [INFO] access - ::1 - - "POST /api_v1/users/getUserList HTTP/1.1" 200 993 "http://localhost:3001/" "Mozilla/5.0 (Windows NT 10.0; Win64; x64) AppleWebKit/537.36 (KHTML, like Gecko) Chrome/86.0.4240.183 Safari/537.36"
[2020-11-11T16:22:45.719] [INFO] access - ::1 - - "POST /api_v1/users/getUserList HTTP/1.1" 200 993 "http://localhost:3001/" "Mozilla/5.0 (Windows NT 10.0; Win64; x64) AppleWebKit/537.36 (KHTML, like Gecko) Chrome/86.0.4240.183 Safari/537.36"
[2020-11-11T16:23:32.261] [INFO] access - ::1 - - "POST /api_v1/users/getUserList HTTP/1.1" 200 993 "http://localhost:3001/" "Mozilla/5.0 (Windows NT 10.0; Win64; x64) AppleWebKit/537.36 (KHTML, like Gecko) Chrome/86.0.4240.183 Safari/537.36"
[2020-11-11T16:23:33.610] [INFO] access - ::1 - - "POST /api_v1/users/getUserList HTTP/1.1" 200 90 "http://localhost:3001/" "Mozilla/5.0 (Windows NT 10.0; Win64; x64) AppleWebKit/537.36 (KHTML, like Gecko) Chrome/86.0.4240.183 Safari/537.36"
[2020-11-11T16:23:35.122] [INFO] access - ::1 - - "POST /api_v1/users/getUserList HTTP/1.1" 200 90 "http://localhost:3001/" "Mozilla/5.0 (Windows NT 10.0; Win64; x64) AppleWebKit/537.36 (KHTML, like Gecko) Chrome/86.0.4240.183 Safari/537.36"
[2020-11-11T16:23:36.481] [INFO] access - ::1 - - "POST /api_v1/users/getUserList HTTP/1.1" 200 993 "http://localhost:3001/" "Mozilla/5.0 (Windows NT 10.0; Win64; x64) AppleWebKit/537.36 (KHTML, like Gecko) Chrome/86.0.4240.183 Safari/537.36"
[2020-11-11T16:23:39.780] [INFO] access - ::1 - - "POST /api_v1/users/getUserList HTTP/1.1" 200 993 "http://localhost:3001/" "Mozilla/5.0 (Windows NT 10.0; Win64; x64) AppleWebKit/537.36 (KHTML, like Gecko) Chrome/86.0.4240.183 Safari/537.36"
[2020-11-11T16:24:45.032] [INFO] access - ::1 - - "POST /api_v1/users/getUserList HTTP/1.1" 200 90 "http://localhost:3001/" "Mozilla/5.0 (Windows NT 10.0; Win64; x64) AppleWebKit/537.36 (KHTML, like Gecko) Chrome/86.0.4240.183 Safari/537.36"
[2020-11-11T16:25:21.202] [INFO] access - ::1 - - "POST /api_v1/users/getUserList HTTP/1.1" 200 90 "http://localhost:3001/" "Mozilla/5.0 (Windows NT 10.0; Win64; x64) AppleWebKit/537.36 (KHTML, like Gecko) Chrome/86.0.4240.183 Safari/537.36"
[2020-11-11T16:26:43.210] [INFO] access - ::1 - - "POST /api_v1/users/getUserList HTTP/1.1" 200 90 "http://localhost:3001/" "Mozilla/5.0 (Windows NT 10.0; Win64; x64) AppleWebKit/537.36 (KHTML, like Gecko) Chrome/86.0.4240.183 Safari/537.36"
[2020-11-11T16:27:16.313] [INFO] access - ::1 - - "POST /api_v1/users/getUserList HTTP/1.1" 200 90 "http://localhost:3001/" "Mozilla/5.0 (Windows NT 10.0; Win64; x64) AppleWebKit/537.36 (KHTML, like Gecko) Chrome/86.0.4240.183 Safari/537.36"
[2020-11-11T16:27:34.959] [INFO] access - ::1 - - "POST /api_v1/users/getUserList HTTP/1.1" 200 90 "http://localhost:3001/" "Mozilla/5.0 (Windows NT 10.0; Win64; x64) AppleWebKit/537.36 (KHTML, like Gecko) Chrome/86.0.4240.183 Safari/537.36"
[2020-11-11T16:27:44.322] [INFO] access - ::1 - - "POST /api_v1/users/getUserList HTTP/1.1" 200 993 "http://localhost:3001/" "Mozilla/5.0 (Windows NT 10.0; Win64; x64) AppleWebKit/537.36 (KHTML, like Gecko) Chrome/86.0.4240.183 Safari/537.36"
[2020-11-11T16:29:56.752] [INFO] access - ::1 - - "POST /api_v1/users/getUserList HTTP/1.1" 500 51 "http://localhost:3001/" "Mozilla/5.0 (Windows NT 10.0; Win64; x64) AppleWebKit/537.36 (KHTML, like Gecko) Chrome/86.0.4240.183 Safari/537.36"
[2020-11-11T16:30:14.287] [INFO] access - ::1 - - "POST /api_v1/users/getUserList HTTP/1.1" 500 48 "http://localhost:3001/" "Mozilla/5.0 (Windows NT 10.0; Win64; x64) AppleWebKit/537.36 (KHTML, like Gecko) Chrome/86.0.4240.183 Safari/537.36"
[2020-11-11T16:30:31.065] [INFO] access - ::1 - - "POST /api_v1/users/getUserList HTTP/1.1" 200 90 "http://localhost:3001/" "Mozilla/5.0 (Windows NT 10.0; Win64; x64) AppleWebKit/537.36 (KHTML, like Gecko) Chrome/86.0.4240.183 Safari/537.36"
[2020-11-11T16:30:42.724] [INFO] access - ::1 - - "POST /api_v1/users/getUserList HTTP/1.1" 200 90 "http://localhost:3001/" "Mozilla/5.0 (Windows NT 10.0; Win64; x64) AppleWebKit/537.36 (KHTML, like Gecko) Chrome/86.0.4240.183 Safari/537.36"
[2020-11-11T16:31:02.124] [INFO] access - ::1 - - "POST /api_v1/users/getUserList HTTP/1.1" 200 90 "http://localhost:3001/" "Mozilla/5.0 (Windows NT 10.0; Win64; x64) AppleWebKit/537.36 (KHTML, like Gecko) Chrome/86.0.4240.183 Safari/537.36"
[2020-11-11T16:31:22.410] [INFO] access - ::1 - - "POST /api_v1/users/getUserList HTTP/1.1" 200 90 "http://localhost:3001/" "Mozilla/5.0 (Windows NT 10.0; Win64; x64) AppleWebKit/537.36 (KHTML, like Gecko) Chrome/86.0.4240.183 Safari/537.36"
[2020-11-11T16:31:47.005] [INFO] access - ::1 - - "POST /api_v1/users/getUserList HTTP/1.1" 200 90 "http://localhost:3001/" "Mozilla/5.0 (Windows NT 10.0; Win64; x64) AppleWebKit/537.36 (KHTML, like Gecko) Chrome/86.0.4240.183 Safari/537.36"
[2020-11-11T16:32:26.874] [INFO] access - ::1 - - "POST /api_v1/users/getUserList HTTP/1.1" 200 90 "http://localhost:3001/" "Mozilla/5.0 (Windows NT 10.0; Win64; x64) AppleWebKit/537.36 (KHTML, like Gecko) Chrome/86.0.4240.183 Safari/537.36"
[2020-11-11T16:34:37.273] [INFO] access - ::1 - - "POST /api_v1/users/getUserList HTTP/1.1" 200 90 "http://localhost:3001/" "Mozilla/5.0 (Windows NT 10.0; Win64; x64) AppleWebKit/537.36 (KHTML, like Gecko) Chrome/86.0.4240.183 Safari/537.36"
[2020-11-11T16:35:02.343] [INFO] access - ::1 - - "POST /api_v1/users/getUserList HTTP/1.1" 200 90 "http://localhost:3001/" "Mozilla/5.0 (Windows NT 10.0; Win64; x64) AppleWebKit/537.36 (KHTML, like Gecko) Chrome/86.0.4240.183 Safari/537.36"
[2020-11-11T16:35:21.315] [INFO] access - ::1 - - "POST /api_v1/users/getUserList HTTP/1.1" 500 71 "http://localhost:3001/" "Mozilla/5.0 (Windows NT 10.0; Win64; x64) AppleWebKit/537.36 (KHTML, like Gecko) Chrome/86.0.4240.183 Safari/537.36"
[2020-11-11T16:35:32.628] [INFO] access - ::1 - - "POST /api_v1/users/getUserList HTTP/1.1" 200 90 "http://localhost:3001/" "Mozilla/5.0 (Windows NT 10.0; Win64; x64) AppleWebKit/537.36 (KHTML, like Gecko) Chrome/86.0.4240.183 Safari/537.36"
[2020-11-11T16:37:06.435] [INFO] access - ::1 - - "POST /api_v1/users/getUserList HTTP/1.1" 200 90 "http://localhost:3001/" "Mozilla/5.0 (Windows NT 10.0; Win64; x64) AppleWebKit/537.36 (KHTML, like Gecko) Chrome/86.0.4240.183 Safari/537.36"
[2020-11-11T16:37:45.445] [INFO] access - ::1 - - "POST /api_v1/users/getUserList HTTP/1.1" 200 90 "http://localhost:3001/" "Mozilla/5.0 (Windows NT 10.0; Win64; x64) AppleWebKit/537.36 (KHTML, like Gecko) Chrome/86.0.4240.183 Safari/537.36"
[2020-11-11T16:37:58.802] [INFO] access - ::1 - - "POST /api_v1/users/getUserList HTTP/1.1" 200 90 "http://localhost:3001/" "Mozilla/5.0 (Windows NT 10.0; Win64; x64) AppleWebKit/537.36 (KHTML, like Gecko) Chrome/86.0.4240.183 Safari/537.36"
[2020-11-11T16:38:25.783] [INFO] access - ::1 - - "POST /api_v1/users/getUserList HTTP/1.1" 200 90 "http://localhost:3001/" "Mozilla/5.0 (Windows NT 10.0; Win64; x64) AppleWebKit/537.36 (KHTML, like Gecko) Chrome/86.0.4240.183 Safari/537.36"
[2020-11-11T16:38:41.396] [INFO] access - ::1 - - "POST /api_v1/users/getUserList HTTP/1.1" 200 90 "http://localhost:3001/" "Mozilla/5.0 (Windows NT 10.0; Win64; x64) AppleWebKit/537.36 (KHTML, like Gecko) Chrome/86.0.4240.183 Safari/537.36"
[2020-11-11T16:41:01.418] [INFO] access - ::1 - - "POST /api_v1/users/getUserList HTTP/1.1" 200 90 "http://localhost:3001/" "Mozilla/5.0 (Windows NT 10.0; Win64; x64) AppleWebKit/537.36 (KHTML, like Gecko) Chrome/86.0.4240.183 Safari/537.36"
[2020-11-11T16:41:02.574] [INFO] access - ::1 - - "POST /api_v1/users/getUserList HTTP/1.1" 200 90 "http://localhost:3001/" "Mozilla/5.0 (Windows NT 10.0; Win64; x64) AppleWebKit/537.36 (KHTML, like Gecko) Chrome/86.0.4240.183 Safari/537.36"
[2020-11-11T16:42:02.830] [INFO] access - ::1 - - "POST /api_v1/users/getUserList HTTP/1.1" 200 90 "http://localhost:3001/" "Mozilla/5.0 (Windows NT 10.0; Win64; x64) AppleWebKit/537.36 (KHTML, like Gecko) Chrome/86.0.4240.183 Safari/537.36"
[2020-11-11T16:42:21.405] [INFO] access - ::1 - - "POST /api_v1/users/getUserList HTTP/1.1" 200 993 "http://localhost:3001/" "Mozilla/5.0 (Windows NT 10.0; Win64; x64) AppleWebKit/537.36 (KHTML, like Gecko) Chrome/86.0.4240.183 Safari/537.36"
[2020-11-11T16:42:55.347] [INFO] access - ::1 - - "POST /api_v1/users/getUserList HTTP/1.1" 200 90 "http://localhost:3001/" "Mozilla/5.0 (Windows NT 10.0; Win64; x64) AppleWebKit/537.36 (KHTML, like Gecko) Chrome/86.0.4240.183 Safari/537.36"
[2020-11-11T16:43:10.843] [INFO] access - ::1 - - "POST /api_v1/users/getUserList HTTP/1.1" 200 90 "http://localhost:3001/" "Mozilla/5.0 (Windows NT 10.0; Win64; x64) AppleWebKit/537.36 (KHTML, like Gecko) Chrome/86.0.4240.183 Safari/537.36"
[2020-11-11T16:43:18.075] [INFO] access - ::1 - - "POST /api_v1/users/getUserList HTTP/1.1" 200 90 "http://localhost:3001/" "Mozilla/5.0 (Windows NT 10.0; Win64; x64) AppleWebKit/537.36 (KHTML, like Gecko) Chrome/86.0.4240.183 Safari/537.36"
[2020-11-11T16:43:32.211] [INFO] access - ::1 - - "POST /api_v1/users/getUserList HTTP/1.1" 200 90 "http://localhost:3001/" "Mozilla/5.0 (Windows NT 10.0; Win64; x64) AppleWebKit/537.36 (KHTML, like Gecko) Chrome/86.0.4240.183 Safari/537.36"
[2020-11-11T16:43:38.437] [INFO] access - ::1 - - "POST /api_v1/users/getUserList HTTP/1.1" 200 993 "http://localhost:3001/" "Mozilla/5.0 (Windows NT 10.0; Win64; x64) AppleWebKit/537.36 (KHTML, like Gecko) Chrome/86.0.4240.183 Safari/537.36"
[2020-11-11T16:44:06.193] [INFO] access - ::1 - - "POST /api_v1/users/getUserList HTTP/1.1" 200 90 "http://localhost:3001/" "Mozilla/5.0 (Windows NT 10.0; Win64; x64) AppleWebKit/537.36 (KHTML, like Gecko) Chrome/86.0.4240.183 Safari/537.36"
[2020-11-11T16:45:14.924] [INFO] access - ::1 - - "POST /api_v1/users/getUserList HTTP/1.1" 200 993 "http://localhost:3001/" "Mozilla/5.0 (Windows NT 10.0; Win64; x64) AppleWebKit/537.36 (KHTML, like Gecko) Chrome/86.0.4240.183 Safari/537.36"
[2020-11-11T16:45:24.255] [INFO] access - ::1 - - "POST /api_v1/users/getUserList HTTP/1.1" 200 993 "http://localhost:3001/" "Mozilla/5.0 (Windows NT 10.0; Win64; x64) AppleWebKit/537.36 (KHTML, like Gecko) Chrome/86.0.4240.183 Safari/537.36"
[2020-11-11T16:45:26.156] [INFO] access - ::1 - - "POST /api_v1/users/getUserList HTTP/1.1" 200 388 "http://localhost:3001/" "Mozilla/5.0 (Windows NT 10.0; Win64; x64) AppleWebKit/537.36 (KHTML, like Gecko) Chrome/86.0.4240.183 Safari/537.36"
[2020-11-11T16:45:28.904] [INFO] access - ::1 - - "POST /api_v1/users/getUserList HTTP/1.1" 200 90 "http://localhost:3001/" "Mozilla/5.0 (Windows NT 10.0; Win64; x64) AppleWebKit/537.36 (KHTML, like Gecko) Chrome/86.0.4240.183 Safari/537.36"
[2020-11-11T16:45:30.662] [INFO] access - ::1 - - "POST /api_v1/users/getUserList HTTP/1.1" 200 90 "http://localhost:3001/" "Mozilla/5.0 (Windows NT 10.0; Win64; x64) AppleWebKit/537.36 (KHTML, like Gecko) Chrome/86.0.4240.183 Safari/537.36"
[2020-11-11T16:45:31.860] [INFO] access - ::1 - - "POST /api_v1/users/getUserList HTTP/1.1" 200 993 "http://localhost:3001/" "Mozilla/5.0 (Windows NT 10.0; Win64; x64) AppleWebKit/537.36 (KHTML, like Gecko) Chrome/86.0.4240.183 Safari/537.36"
[2020-11-11T16:46:31.969] [INFO] access - ::1 - - "POST /api_v1/users/delUser HTTP/1.1" 200 65 "http://localhost:3001/" "Mozilla/5.0 (Windows NT 10.0; Win64; x64) AppleWebKit/537.36 (KHTML, like Gecko) Chrome/86.0.4240.183 Safari/537.36"
[2020-11-11T16:46:31.992] [INFO] access - ::1 - - "POST /api_v1/users/getUserList HTTP/1.1" 200 699 "http://localhost:3001/" "Mozilla/5.0 (Windows NT 10.0; Win64; x64) AppleWebKit/537.36 (KHTML, like Gecko) Chrome/86.0.4240.183 Safari/537.36"
[2020-11-11T16:46:36.661] [INFO] access - ::1 - - "POST /api_v1/users/getUserList HTTP/1.1" 200 699 "http://localhost:3001/" "Mozilla/5.0 (Windows NT 10.0; Win64; x64) AppleWebKit/537.36 (KHTML, like Gecko) Chrome/86.0.4240.183 Safari/537.36"
[2020-11-11T16:46:38.114] [INFO] access - ::1 - - "POST /api_v1/users/getUserList HTTP/1.1" 200 387 "http://localhost:3001/" "Mozilla/5.0 (Windows NT 10.0; Win64; x64) AppleWebKit/537.36 (KHTML, like Gecko) Chrome/86.0.4240.183 Safari/537.36"
[2020-11-11T16:46:40.078] [INFO] access - ::1 - - "POST /api_v1/users/getUserList HTTP/1.1" 200 699 "http://localhost:3001/" "Mozilla/5.0 (Windows NT 10.0; Win64; x64) AppleWebKit/537.36 (KHTML, like Gecko) Chrome/86.0.4240.183 Safari/537.36"
[2020-11-11T16:46:48.385] [INFO] access - ::1 - - "POST /api_v1/users/getUserList HTTP/1.1" 200 387 "http://localhost:3001/" "Mozilla/5.0 (Windows NT 10.0; Win64; x64) AppleWebKit/537.36 (KHTML, like Gecko) Chrome/86.0.4240.183 Safari/537.36"
[2020-11-11T16:47:36.685] [INFO] access - ::1 - - "POST /api_v1/users/getUserList HTTP/1.1" 200 992 "http://localhost:3001/" "Mozilla/5.0 (Windows NT 10.0; Win64; x64) AppleWebKit/537.36 (KHTML, like Gecko) Chrome/86.0.4240.183 Safari/537.36"
[2020-11-11T16:48:11.228] [INFO] access - ::1 - - "POST /api_v1/users/getUserList HTTP/1.1" 200 90 "http://localhost:3001/" "Mozilla/5.0 (Windows NT 10.0; Win64; x64) AppleWebKit/537.36 (KHTML, like Gecko) Chrome/86.0.4240.183 Safari/537.36"
[2020-11-11T16:48:55.960] [INFO] access - ::1 - - "POST /api_v1/users/getUserList HTTP/1.1" 200 699 "http://localhost:3001/" "Mozilla/5.0 (Windows NT 10.0; Win64; x64) AppleWebKit/537.36 (KHTML, like Gecko) Chrome/86.0.4240.183 Safari/537.36"
[2020-11-11T16:49:02.853] [INFO] access - ::1 - - "POST /api_v1/users/getUserList HTTP/1.1" 200 387 "http://localhost:3001/" "Mozilla/5.0 (Windows NT 10.0; Win64; x64) AppleWebKit/537.36 (KHTML, like Gecko) Chrome/86.0.4240.183 Safari/537.36"
[2020-11-11T16:49:04.594] [INFO] access - ::1 - - "POST /api_v1/users/getUserList HTTP/1.1" 200 387 "http://localhost:3001/" "Mozilla/5.0 (Windows NT 10.0; Win64; x64) AppleWebKit/537.36 (KHTML, like Gecko) Chrome/86.0.4240.183 Safari/537.36"
[2020-11-11T16:49:05.113] [INFO] access - ::1 - - "POST /api_v1/users/getUserList HTTP/1.1" 200 387 "http://localhost:3001/" "Mozilla/5.0 (Windows NT 10.0; Win64; x64) AppleWebKit/537.36 (KHTML, like Gecko) Chrome/86.0.4240.183 Safari/537.36"
[2020-11-11T16:49:12.506] [INFO] access - ::1 - - "POST /api_v1/users/getUserList HTTP/1.1" 200 699 "http://localhost:3001/" "Mozilla/5.0 (Windows NT 10.0; Win64; x64) AppleWebKit/537.36 (KHTML, like Gecko) Chrome/86.0.4240.183 Safari/537.36"
[2020-11-11T16:49:14.109] [INFO] access - ::1 - - "POST /api_v1/users/getUserList HTTP/1.1" 200 90 "http://localhost:3001/" "Mozilla/5.0 (Windows NT 10.0; Win64; x64) AppleWebKit/537.36 (KHTML, like Gecko) Chrome/86.0.4240.183 Safari/537.36"
[2020-11-11T16:49:16.876] [INFO] access - ::1 - - "POST /api_v1/users/getUserList HTTP/1.1" 200 699 "http://localhost:3001/" "Mozilla/5.0 (Windows NT 10.0; Win64; x64) AppleWebKit/537.36 (KHTML, like Gecko) Chrome/86.0.4240.183 Safari/537.36"
[2020-11-11T17:04:04.101] [INFO] access - ::1 - - "POST /api_v1/users/getUserList HTTP/1.1" 200 699 "http://localhost:3001/" "Mozilla/5.0 (Windows NT 10.0; Win64; x64) AppleWebKit/537.36 (KHTML, like Gecko) Chrome/86.0.4240.183 Safari/537.36"
[2020-11-11T17:04:25.821] [INFO] access - ::1 - - "POST /api_v1/users/getUserList HTTP/1.1" 200 699 "http://localhost:3001/" "Mozilla/5.0 (Windows NT 10.0; Win64; x64) AppleWebKit/537.36 (KHTML, like Gecko) Chrome/86.0.4240.183 Safari/537.36"
[2020-11-11T17:04:36.869] [INFO] access - ::1 - - "POST /api_v1/users/getUserList HTTP/1.1" 200 699 "http://localhost:3001/" "Mozilla/5.0 (Windows NT 10.0; Win64; x64) AppleWebKit/537.36 (KHTML, like Gecko) Chrome/86.0.4240.183 Safari/537.36"
[2020-11-11T17:07:28.070] [INFO] access - ::1 - - "POST /api_v1/users/getUserList HTTP/1.1" 200 699 "http://localhost:3001/" "Mozilla/5.0 (Windows NT 10.0; Win64; x64) AppleWebKit/537.36 (KHTML, like Gecko) Chrome/86.0.4240.183 Safari/537.36"
[2020-11-11T17:08:56.843] [INFO] access - ::1 - - "POST /api_v1/users/editUser HTTP/1.1" 500 226 "" "PostmanRuntime/7.26.8"
[2020-11-11T17:09:43.540] [INFO] access - ::1 - - "POST /api_v1/users/editUser HTTP/1.1" 200 65 "" "PostmanRuntime/7.26.8"
[2020-11-11T17:11:03.572] [INFO] access - ::1 - - "POST /api_v1/users/login HTTP/1.1" 200 65 "" "PostmanRuntime/7.26.8"
[2020-11-11T17:12:35.451] [INFO] access - ::1 - - "POST /api_v1/users/sendCode HTTP/1.1" 200 56 "http://localhost:3001/" "Mozilla/5.0 (Windows NT 10.0; Win64; x64) AppleWebKit/537.36 (KHTML, like Gecko) Chrome/86.0.4240.183 Safari/537.36"
[2020-11-11T17:12:53.893] [INFO] access - ::1 - - "POST /api_v1/users/login HTTP/1.1" 200 56 "http://localhost:3001/" "Mozilla/5.0 (Windows NT 10.0; Win64; x64) AppleWebKit/537.36 (KHTML, like Gecko) Chrome/86.0.4240.183 Safari/537.36"
[2020-11-11T17:13:10.215] [INFO] access - ::1 - - "POST /api_v1/users/login HTTP/1.1" 200 652 "http://localhost:3001/" "Mozilla/5.0 (Windows NT 10.0; Win64; x64) AppleWebKit/537.36 (KHTML, like Gecko) Chrome/86.0.4240.183 Safari/537.36"
[2020-11-11T17:13:33.648] [INFO] access - ::1 - - "POST /api_v1/users/getUserList HTTP/1.1" 200 702 "http://localhost:3001/" "Mozilla/5.0 (Windows NT 10.0; Win64; x64) AppleWebKit/537.36 (KHTML, like Gecko) Chrome/86.0.4240.183 Safari/537.36"
[2020-11-11T17:15:50.209] [INFO] access - ::1 - - "POST /api_v1/users/getUserList HTTP/1.1" 200 702 "http://localhost:3001/" "Mozilla/5.0 (Windows NT 10.0; Win64; x64) AppleWebKit/537.36 (KHTML, like Gecko) Chrome/86.0.4240.183 Safari/537.36"
[2020-11-11T17:17:04.087] [INFO] access - ::1 - - "POST /api_v1/users/getUserList HTTP/1.1" 200 702 "http://localhost:3001/" "Mozilla/5.0 (Windows NT 10.0; Win64; x64) AppleWebKit/537.36 (KHTML, like Gecko) Chrome/86.0.4240.183 Safari/537.36"
[2020-11-11T17:17:15.161] [INFO] access - ::1 - - "POST /api_v1/users/editUser HTTP/1.1" 200 65 "http://localhost:3001/" "Mozilla/5.0 (Windows NT 10.0; Win64; x64) AppleWebKit/537.36 (KHTML, like Gecko) Chrome/86.0.4240.183 Safari/537.36"
[2020-11-11T17:17:15.197] [INFO] access - ::1 - - "POST /api_v1/users/getUserList HTTP/1.1" 200 705 "http://localhost:3001/" "Mozilla/5.0 (Windows NT 10.0; Win64; x64) AppleWebKit/537.36 (KHTML, like Gecko) Chrome/86.0.4240.183 Safari/537.36"
[2020-11-11T17:17:24.881] [INFO] access - ::1 - - "POST /api_v1/users/getUserList HTTP/1.1" 200 705 "http://localhost:3001/" "Mozilla/5.0 (Windows NT 10.0; Win64; x64) AppleWebKit/537.36 (KHTML, like Gecko) Chrome/86.0.4240.183 Safari/537.36"
[2020-11-11T17:17:34.995] [INFO] access - ::1 - - "POST /api_v1/users/sendCode HTTP/1.1" 200 56 "http://localhost:3001/" "Mozilla/5.0 (Windows NT 10.0; Win64; x64) AppleWebKit/537.36 (KHTML, like Gecko) Chrome/86.0.4240.183 Safari/537.36"
[2020-11-11T17:17:45.300] [INFO] access - ::1 - - "POST /api_v1/users/login HTTP/1.1" 200 659 "http://localhost:3001/" "Mozilla/5.0 (Windows NT 10.0; Win64; x64) AppleWebKit/537.36 (KHTML, like Gecko) Chrome/86.0.4240.183 Safari/537.36"
[2020-11-11T17:18:38.441] [INFO] access - ::1 - - "POST /api_v1/users/getUserList HTTP/1.1" 200 705 "http://localhost:3001/" "Mozilla/5.0 (Windows NT 10.0; Win64; x64) AppleWebKit/537.36 (KHTML, like Gecko) Chrome/86.0.4240.183 Safari/537.36"
[2020-11-11T17:18:42.640] [INFO] access - ::1 - - "POST /api_v1/users/getUserList HTTP/1.1" 200 705 "http://localhost:3001/" "Mozilla/5.0 (Windows NT 10.0; Win64; x64) AppleWebKit/537.36 (KHTML, like Gecko) Chrome/86.0.4240.183 Safari/537.36"
[2020-11-11T17:24:11.820] [INFO] access - ::1 - - "POST /api_v1/users/getUserList HTTP/1.1" 200 705 "http://localhost:3001/" "Mozilla/5.0 (Windows NT 10.0; Win64; x64) AppleWebKit/537.36 (KHTML, like Gecko) Chrome/86.0.4240.183 Safari/537.36"
[2020-11-11T17:24:23.011] [INFO] access - ::1 - - "POST /api_v1/users/sendCode HTTP/1.1" 200 59 "http://localhost:3001/" "Mozilla/5.0 (Windows NT 10.0; Win64; x64) AppleWebKit/537.36 (KHTML, like Gecko) Chrome/86.0.4240.183 Safari/537.36"
[2020-11-11T17:29:20.285] [INFO] access - ::1 - - "POST /api_v1/users/getUserList HTTP/1.1" 200 705 "http://localhost:3001/" "Mozilla/5.0 (Windows NT 10.0; Win64; x64) AppleWebKit/537.36 (KHTML, like Gecko) Chrome/86.0.4240.183 Safari/537.36"
[2020-11-11T17:29:30.738] [INFO] access - ::1 - - "POST /api_v1/users/getUserList HTTP/1.1" 200 705 "http://localhost:3001/" "Mozilla/5.0 (Windows NT 10.0; Win64; x64) AppleWebKit/537.36 (KHTML, like Gecko) Chrome/86.0.4240.183 Safari/537.36"
[2020-11-11T17:41:57.007] [INFO] access - ::1 - - "GET /apidoc/index.html HTTP/1.1" 200 29292 "" "Mozilla/5.0 (Windows NT 10.0; Win64; x64) AppleWebKit/537.36 (KHTML, like Gecko) Chrome/86.0.4240.183 Safari/537.36"
[2020-11-11T17:41:57.039] [INFO] access - ::1 - - "GET /apidoc/vendor/bootstrap.min.css HTTP/1.1" 200 121457 "http://localhost:3000/apidoc/index.html" "Mozilla/5.0 (Windows NT 10.0; Win64; x64) AppleWebKit/537.36 (KHTML, like Gecko) Chrome/86.0.4240.183 Safari/537.36"
[2020-11-11T17:41:57.042] [INFO] access - ::1 - - "GET /apidoc/vendor/prism.css HTTP/1.1" 200 1957 "http://localhost:3000/apidoc/index.html" "Mozilla/5.0 (Windows NT 10.0; Win64; x64) AppleWebKit/537.36 (KHTML, like Gecko) Chrome/86.0.4240.183 Safari/537.36"
[2020-11-11T17:41:57.042] [INFO] access - ::1 - - "GET /apidoc/vendor/polyfill.js HTTP/1.1" 200 2900 "http://localhost:3000/apidoc/index.html" "Mozilla/5.0 (Windows NT 10.0; Win64; x64) AppleWebKit/537.36 (KHTML, like Gecko) Chrome/86.0.4240.183 Safari/537.36"
[2020-11-11T17:41:57.043] [INFO] access - ::1 - - "GET /apidoc/css/style.css HTTP/1.1" 200 9821 "http://localhost:3000/apidoc/index.html" "Mozilla/5.0 (Windows NT 10.0; Win64; x64) AppleWebKit/537.36 (KHTML, like Gecko) Chrome/86.0.4240.183 Safari/537.36"
[2020-11-11T17:41:57.043] [INFO] access - ::1 - - "GET /apidoc/vendor/require.min.js HTTP/1.1" 200 15825 "http://localhost:3000/apidoc/index.html" "Mozilla/5.0 (Windows NT 10.0; Win64; x64) AppleWebKit/537.36 (KHTML, like Gecko) Chrome/86.0.4240.183 Safari/537.36"
[2020-11-11T17:41:57.102] [INFO] access - ::1 - - "GET /apidoc/main.js HTTP/1.1" 200 32803 "http://localhost:3000/apidoc/index.html" "Mozilla/5.0 (Windows NT 10.0; Win64; x64) AppleWebKit/537.36 (KHTML, like Gecko) Chrome/86.0.4240.183 Safari/537.36"
[2020-11-11T17:41:57.113] [INFO] access - ::1 - - "GET /apidoc/vendor/jquery.min.js?v=1605087717105 HTTP/1.1" 200 89476 "http://localhost:3000/apidoc/index.html" "Mozilla/5.0 (Windows NT 10.0; Win64; x64) AppleWebKit/537.36 (KHTML, like Gecko) Chrome/86.0.4240.183 Safari/537.36"
[2020-11-11T17:41:57.116] [INFO] access - ::1 - - "GET /apidoc/vendor/lodash.custom.min.js?v=1605087717105 HTTP/1.1" 200 20022 "http://localhost:3000/apidoc/index.html" "Mozilla/5.0 (Windows NT 10.0; Win64; x64) AppleWebKit/537.36 (KHTML, like Gecko) Chrome/86.0.4240.183 Safari/537.36"
[2020-11-11T17:41:57.117] [INFO] access - ::1 - - "GET /apidoc/locales/locale.js?v=1605087717105 HTTP/1.1" 200 1249 "http://localhost:3000/apidoc/index.html" "Mozilla/5.0 (Windows NT 10.0; Win64; x64) AppleWebKit/537.36 (KHTML, like Gecko) Chrome/86.0.4240.183 Safari/537.36"
[2020-11-11T17:41:57.119] [INFO] access - ::1 - - "GET /apidoc/api_project.js?v=1605087717105 HTTP/1.1" 200 537 "http://localhost:3000/apidoc/index.html" "Mozilla/5.0 (Windows NT 10.0; Win64; x64) AppleWebKit/537.36 (KHTML, like Gecko) Chrome/86.0.4240.183 Safari/537.36"
[2020-11-11T17:41:57.120] [INFO] access - ::1 - - "GET /apidoc/api_data.js?v=1605087717105 HTTP/1.1" 200 64263 "http://localhost:3000/apidoc/index.html" "Mozilla/5.0 (Windows NT 10.0; Win64; x64) AppleWebKit/537.36 (KHTML, like Gecko) Chrome/86.0.4240.183 Safari/537.36"
[2020-11-11T17:41:57.121] [INFO] access - ::1 - - "GET /apidoc/utils/send_sample_request.js?v=1605087717105 HTTP/1.1" 200 10211 "http://localhost:3000/apidoc/index.html" "Mozilla/5.0 (Windows NT 10.0; Win64; x64) AppleWebKit/537.36 (KHTML, like Gecko) Chrome/86.0.4240.183 Safari/537.36"
[2020-11-11T17:41:57.121] [INFO] access - ::1 - - "GET /apidoc/vendor/semver.min.js?v=1605087717105 HTTP/1.1" 200 12950 "http://localhost:3000/apidoc/index.html" "Mozilla/5.0 (Windows NT 10.0; Win64; x64) AppleWebKit/537.36 (KHTML, like Gecko) Chrome/86.0.4240.183 Safari/537.36"
[2020-11-11T17:41:57.123] [INFO] access - ::1 - - "GET /apidoc/vendor/webfontloader.js?v=1605087717105 HTTP/1.1" 200 12492 "http://localhost:3000/apidoc/index.html" "Mozilla/5.0 (Windows NT 10.0; Win64; x64) AppleWebKit/537.36 (KHTML, like Gecko) Chrome/86.0.4240.183 Safari/537.36"
[2020-11-11T17:41:57.125] [INFO] access - ::1 - - "GET /apidoc/vendor/path-to-regexp/index.js?v=1605087717105 HTTP/1.1" 200 5147 "http://localhost:3000/apidoc/index.html" "Mozilla/5.0 (Windows NT 10.0; Win64; x64) AppleWebKit/537.36 (KHTML, like Gecko) Chrome/86.0.4240.183 Safari/537.36"
[2020-11-11T17:41:57.125] [INFO] access - ::1 - - "GET /apidoc/vendor/list.min.js?v=1605087717105 HTTP/1.1" 200 15952 "http://localhost:3000/apidoc/index.html" "Mozilla/5.0 (Windows NT 10.0; Win64; x64) AppleWebKit/537.36 (KHTML, like Gecko) Chrome/86.0.4240.183 Safari/537.36"
[2020-11-11T17:41:57.127] [INFO] access - ::1 - - "GET /apidoc/vendor/prism.js?v=1605087717105 HTTP/1.1" 200 42163 "http://localhost:3000/apidoc/index.html" "Mozilla/5.0 (Windows NT 10.0; Win64; x64) AppleWebKit/537.36 (KHTML, like Gecko) Chrome/86.0.4240.183 Safari/537.36"
[2020-11-11T17:41:57.128] [INFO] access - ::1 - - "GET /apidoc/vendor/handlebars.min.js?v=1605087717105 HTTP/1.1" 200 80257 "http://localhost:3000/apidoc/index.html" "Mozilla/5.0 (Windows NT 10.0; Win64; x64) AppleWebKit/537.36 (KHTML, like Gecko) Chrome/86.0.4240.183 Safari/537.36"
[2020-11-11T17:41:57.135] [INFO] access - ::1 - - "GET /apidoc/vendor/bootstrap.min.js?v=1605087717105 HTTP/1.1" 200 39680 "http://localhost:3000/apidoc/index.html" "Mozilla/5.0 (Windows NT 10.0; Win64; x64) AppleWebKit/537.36 (KHTML, like Gecko) Chrome/86.0.4240.183 Safari/537.36"
[2020-11-11T17:41:57.142] [INFO] access - ::1 - - "GET /apidoc/locales/cs.js?v=1605087717105 HTTP/1.1" 200 1246 "http://localhost:3000/apidoc/index.html" "Mozilla/5.0 (Windows NT 10.0; Win64; x64) AppleWebKit/537.36 (KHTML, like Gecko) Chrome/86.0.4240.183 Safari/537.36"
[2020-11-11T17:41:57.142] [INFO] access - ::1 - - "GET /apidoc/locales/ca.js?v=1605087717105 HTTP/1.1" 200 1225 "http://localhost:3000/apidoc/index.html" "Mozilla/5.0 (Windows NT 10.0; Win64; x64) AppleWebKit/537.36 (KHTML, like Gecko) Chrome/86.0.4240.183 Safari/537.36"
[2020-11-11T17:41:57.142] [INFO] access - ::1 - - "GET /apidoc/locales/de.js?v=1605087717105 HTTP/1.1" 200 1234 "http://localhost:3000/apidoc/index.html" "Mozilla/5.0 (Windows NT 10.0; Win64; x64) AppleWebKit/537.36 (KHTML, like Gecko) Chrome/86.0.4240.183 Safari/537.36"
[2020-11-11T17:41:57.142] [INFO] access - ::1 - - "GET /apidoc/locales/fr.js?v=1605087717105 HTTP/1.1" 200 1264 "http://localhost:3000/apidoc/index.html" "Mozilla/5.0 (Windows NT 10.0; Win64; x64) AppleWebKit/537.36 (KHTML, like Gecko) Chrome/86.0.4240.183 Safari/537.36"
[2020-11-11T17:41:57.143] [INFO] access - ::1 - - "GET /apidoc/locales/es.js?v=1605087717105 HTTP/1.1" 200 1244 "http://localhost:3000/apidoc/index.html" "Mozilla/5.0 (Windows NT 10.0; Win64; x64) AppleWebKit/537.36 (KHTML, like Gecko) Chrome/86.0.4240.183 Safari/537.36"
[2020-11-11T17:41:57.143] [INFO] access - ::1 - - "GET /apidoc/locales/it.js?v=1605087717105 HTTP/1.1" 200 1249 "http://localhost:3000/apidoc/index.html" "Mozilla/5.0 (Windows NT 10.0; Win64; x64) AppleWebKit/537.36 (KHTML, like Gecko) Chrome/86.0.4240.183 Safari/537.36"
[2020-11-11T17:41:57.145] [INFO] access - ::1 - - "GET /apidoc/locales/nl.js?v=1605087717105 HTTP/1.1" 200 1241 "http://localhost:3000/apidoc/index.html" "Mozilla/5.0 (Windows NT 10.0; Win64; x64) AppleWebKit/537.36 (KHTML, like Gecko) Chrome/86.0.4240.183 Safari/537.36"
[2020-11-11T17:41:57.149] [INFO] access - ::1 - - "GET /apidoc/locales/pl.js?v=1605087717105 HTTP/1.1" 200 1226 "http://localhost:3000/apidoc/index.html" "Mozilla/5.0 (Windows NT 10.0; Win64; x64) AppleWebKit/537.36 (KHTML, like Gecko) Chrome/86.0.4240.183 Safari/537.36"
[2020-11-11T17:41:57.149] [INFO] access - ::1 - - "GET /apidoc/locales/ro.js?v=1605087717105 HTTP/1.1" 200 1238 "http://localhost:3000/apidoc/index.html" "Mozilla/5.0 (Windows NT 10.0; Win64; x64) AppleWebKit/537.36 (KHTML, like Gecko) Chrome/86.0.4240.183 Safari/537.36"
[2020-11-11T17:41:57.149] [INFO] access - ::1 - - "GET /apidoc/locales/ru.js?v=1605087717105 HTTP/1.1" 200 1481 "http://localhost:3000/apidoc/index.html" "Mozilla/5.0 (Windows NT 10.0; Win64; x64) AppleWebKit/537.36 (KHTML, like Gecko) Chrome/86.0.4240.183 Safari/537.36"
[2020-11-11T17:41:57.149] [INFO] access - ::1 - - "GET /apidoc/locales/pt_br.js?v=1605087717105 HTTP/1.1" 200 1236 "http://localhost:3000/apidoc/index.html" "Mozilla/5.0 (Windows NT 10.0; Win64; x64) AppleWebKit/537.36 (KHTML, like Gecko) Chrome/86.0.4240.183 Safari/537.36"
[2020-11-11T17:41:57.150] [INFO] access - ::1 - - "GET /apidoc/locales/tr.js?v=1605087717105 HTTP/1.1" 200 1246 "http://localhost:3000/apidoc/index.html" "Mozilla/5.0 (Windows NT 10.0; Win64; x64) AppleWebKit/537.36 (KHTML, like Gecko) Chrome/86.0.4240.183 Safari/537.36"
[2020-11-11T17:41:57.150] [INFO] access - ::1 - - "GET /apidoc/locales/vi.js?v=1605087717105 HTTP/1.1" 200 1328 "http://localhost:3000/apidoc/index.html" "Mozilla/5.0 (Windows NT 10.0; Win64; x64) AppleWebKit/537.36 (KHTML, like Gecko) Chrome/86.0.4240.183 Safari/537.36"
[2020-11-11T17:41:57.154] [INFO] access - ::1 - - "GET /apidoc/locales/zh.js?v=1605087717105 HTTP/1.1" 200 1157 "http://localhost:3000/apidoc/index.html" "Mozilla/5.0 (Windows NT 10.0; Win64; x64) AppleWebKit/537.36 (KHTML, like Gecko) Chrome/86.0.4240.183 Safari/537.36"
[2020-11-11T17:41:57.155] [INFO] access - ::1 - - "GET /apidoc/locales/zh_cn.js?v=1605087717105 HTTP/1.1" 200 1292 "http://localhost:3000/apidoc/index.html" "Mozilla/5.0 (Windows NT 10.0; Win64; x64) AppleWebKit/537.36 (KHTML, like Gecko) Chrome/86.0.4240.183 Safari/537.36"
[2020-11-11T17:41:57.156] [INFO] access - ::1 - - "GET /apidoc/utils/send_sample_request_utils.js?v=1605087717105 HTTP/1.1" 200 3356 "http://localhost:3000/apidoc/index.html" "Mozilla/5.0 (Windows NT 10.0; Win64; x64) AppleWebKit/537.36 (KHTML, like Gecko) Chrome/86.0.4240.183 Safari/537.36"
[2020-11-11T17:41:57.165] [INFO] access - ::1 - - "GET /apidoc/utils/handlebars_helper.js?v=1605087717105 HTTP/1.1" 200 10752 "http://localhost:3000/apidoc/index.html" "Mozilla/5.0 (Windows NT 10.0; Win64; x64) AppleWebKit/537.36 (KHTML, like Gecko) Chrome/86.0.4240.183 Safari/537.36"
[2020-11-11T17:41:57.314] [INFO] access - ::1 - - "GET /apidoc/vendor/diff_match_patch.min.js?v=1605087717105 HTTP/1.1" 200 19192 "http://localhost:3000/apidoc/index.html" "Mozilla/5.0 (Windows NT 10.0; Win64; x64) AppleWebKit/537.36 (KHTML, like Gecko) Chrome/86.0.4240.183 Safari/537.36"
[2020-11-11T17:43:31.980] [INFO] access - ::1 - - "POST /api_v1/users/sendCode HTTP/1.1" 200 56 "http://localhost:3001/" "Mozilla/5.0 (Windows NT 10.0; Win64; x64) AppleWebKit/537.36 (KHTML, like Gecko) Chrome/86.0.4240.183 Safari/537.36"
[2020-11-11T17:43:44.398] [INFO] access - ::1 - - "POST /api_v1/users/register HTTP/1.1" 200 59 "http://localhost:3001/" "Mozilla/5.0 (Windows NT 10.0; Win64; x64) AppleWebKit/537.36 (KHTML, like Gecko) Chrome/86.0.4240.183 Safari/537.36"
[2020-11-11T17:45:29.490] [INFO] access - ::1 - - "POST /api_v1/users/sendCode HTTP/1.1" 200 59 "http://localhost:3001/" "Mozilla/5.0 (Windows NT 10.0; Win64; x64) AppleWebKit/537.36 (KHTML, like Gecko) Chrome/86.0.4240.183 Safari/537.36"
[2020-11-11T17:47:01.664] [INFO] access - ::1 - - "POST /api_v1/users/sendCode HTTP/1.1" 200 59 "http://localhost:3001/" "Mozilla/5.0 (Windows NT 10.0; Win64; x64) AppleWebKit/537.36 (KHTML, like Gecko) Chrome/86.0.4240.183 Safari/537.36"
[2020-11-11T17:47:05.070] [INFO] access - ::1 - - "POST /api_v1/users/sendCode HTTP/1.1" 200 59 "http://localhost:3001/" "Mozilla/5.0 (Windows NT 10.0; Win64; x64) AppleWebKit/537.36 (KHTML, like Gecko) Chrome/86.0.4240.183 Safari/537.36"
[2020-11-11T17:47:30.388] [INFO] access - ::1 - - "POST /api_v1/users/sendCode HTTP/1.1" 200 59 "http://localhost:3001/" "Mozilla/5.0 (Windows NT 10.0; Win64; x64) AppleWebKit/537.36 (KHTML, like Gecko) Chrome/86.0.4240.183 Safari/537.36"
[2020-11-11T17:47:57.753] [INFO] access - ::1 - - "POST /api_v1/users/sendCode HTTP/1.1" 200 59 "http://localhost:3001/" "Mozilla/5.0 (Windows NT 10.0; Win64; x64) AppleWebKit/537.36 (KHTML, like Gecko) Chrome/86.0.4240.183 Safari/537.36"
[2020-11-11T17:49:07.009] [INFO] access - ::1 - - "POST /api_v1/users/sendCode HTTP/1.1" 200 59 "http://localhost:3001/" "Mozilla/5.0 (Windows NT 10.0; Win64; x64) AppleWebKit/537.36 (KHTML, like Gecko) Chrome/86.0.4240.183 Safari/537.36"
[2020-11-11T17:49:58.418] [INFO] access - ::1 - - "POST /api_v1/users/sendCode HTTP/1.1" 200 59 "http://localhost:3001/" "Mozilla/5.0 (Windows NT 10.0; Win64; x64) AppleWebKit/537.36 (KHTML, like Gecko) Chrome/86.0.4240.183 Safari/537.36"
[2020-11-11T17:50:25.900] [INFO] access - ::1 - - "POST /api_v1/users/sendCode HTTP/1.1" 200 59 "http://localhost:3001/" "Mozilla/5.0 (Windows NT 10.0; Win64; x64) AppleWebKit/537.36 (KHTML, like Gecko) Chrome/86.0.4240.183 Safari/537.36"
[2020-11-11T17:50:38.397] [INFO] access - ::1 - - "POST /api_v1/users/sendCode HTTP/1.1" 200 59 "http://localhost:3001/" "Mozilla/5.0 (Windows NT 10.0; Win64; x64) AppleWebKit/537.36 (KHTML, like Gecko) Chrome/86.0.4240.183 Safari/537.36"
[2020-11-11T17:50:47.144] [INFO] access - ::1 - - "POST /api_v1/users/sendCode HTTP/1.1" 200 59 "http://localhost:3001/" "Mozilla/5.0 (Windows NT 10.0; Win64; x64) AppleWebKit/537.36 (KHTML, like Gecko) Chrome/86.0.4240.183 Safari/537.36"
[2020-11-11T17:50:49.850] [INFO] access - ::1 - - "POST /api_v1/users/sendCode HTTP/1.1" 200 59 "http://localhost:3001/" "Mozilla/5.0 (Windows NT 10.0; Win64; x64) AppleWebKit/537.36 (KHTML, like Gecko) Chrome/86.0.4240.183 Safari/537.36"
[2020-11-11T17:51:03.353] [INFO] access - ::1 - - "POST /api_v1/users/sendCode HTTP/1.1" 200 56 "http://localhost:3001/" "Mozilla/5.0 (Windows NT 10.0; Win64; x64) AppleWebKit/537.36 (KHTML, like Gecko) Chrome/86.0.4240.183 Safari/537.36"
[2020-11-11T17:51:18.937] [INFO] access - ::1 - - "POST /api_v1/users/register HTTP/1.1" 500 64 "http://localhost:3001/" "Mozilla/5.0 (Windows NT 10.0; Win64; x64) AppleWebKit/537.36 (KHTML, like Gecko) Chrome/86.0.4240.183 Safari/537.36"
[2020-11-11T17:52:50.695] [INFO] access - ::1 - - "POST /api_v1/users/register HTTP/1.1" 500 64 "http://localhost:3001/" "Mozilla/5.0 (Windows NT 10.0; Win64; x64) AppleWebKit/537.36 (KHTML, like Gecko) Chrome/86.0.4240.183 Safari/537.36"
[2020-11-11T17:53:31.540] [INFO] access - ::1 - - "POST /api_v1/users/register HTTP/1.1" 500 64 "http://localhost:3001/" "Mozilla/5.0 (Windows NT 10.0; Win64; x64) AppleWebKit/537.36 (KHTML, like Gecko) Chrome/86.0.4240.183 Safari/537.36"
[2020-11-11T17:53:51.093] [INFO] access - ::1 - - "POST /api_v1/users/register HTTP/1.1" 500 64 "http://localhost:3001/" "Mozilla/5.0 (Windows NT 10.0; Win64; x64) AppleWebKit/537.36 (KHTML, like Gecko) Chrome/86.0.4240.183 Safari/537.36"
[2020-11-11T17:54:26.306] [INFO] access - ::1 - - "POST /api_v1/users/register HTTP/1.1" 500 64 "http://localhost:3001/" "Mozilla/5.0 (Windows NT 10.0; Win64; x64) AppleWebKit/537.36 (KHTML, like Gecko) Chrome/86.0.4240.183 Safari/537.36"
[2020-11-11T17:54:56.594] [INFO] access - ::1 - - "POST /api_v1/users/register HTTP/1.1" 500 124 "http://localhost:3001/" "Mozilla/5.0 (Windows NT 10.0; Win64; x64) AppleWebKit/537.36 (KHTML, like Gecko) Chrome/86.0.4240.183 Safari/537.36"
[2020-11-11T17:55:32.430] [INFO] access - ::1 - - "POST /api_v1/users/register HTTP/1.1" 500 73 "http://localhost:3001/" "Mozilla/5.0 (Windows NT 10.0; Win64; x64) AppleWebKit/537.36 (KHTML, like Gecko) Chrome/86.0.4240.183 Safari/537.36"
[2020-11-11T17:56:05.079] [INFO] access - ::1 - - "POST /api_v1/users/register HTTP/1.1" 500 226 "http://localhost:3001/" "Mozilla/5.0 (Windows NT 10.0; Win64; x64) AppleWebKit/537.36 (KHTML, like Gecko) Chrome/86.0.4240.183 Safari/537.36"
[2020-11-11T17:56:48.946] [INFO] access - ::1 - - "POST /api_v1/users/register HTTP/1.1" 200 707 "http://localhost:3001/" "Mozilla/5.0 (Windows NT 10.0; Win64; x64) AppleWebKit/537.36 (KHTML, like Gecko) Chrome/86.0.4240.183 Safari/537.36"
[2020-11-11T17:57:17.067] [INFO] access - ::1 - - "POST /api_v1/users/getUserList HTTP/1.1" 200 707 "http://localhost:3001/" "Mozilla/5.0 (Windows NT 10.0; Win64; x64) AppleWebKit/537.36 (KHTML, like Gecko) Chrome/86.0.4240.183 Safari/537.36"
[2020-11-11T17:57:21.017] [INFO] access - ::1 - - "POST /api_v1/users/getUserList HTTP/1.1" 200 397 "http://localhost:3001/" "Mozilla/5.0 (Windows NT 10.0; Win64; x64) AppleWebKit/537.36 (KHTML, like Gecko) Chrome/86.0.4240.183 Safari/537.36"
[2020-11-11T17:59:30.240] [INFO] access - ::1 - - "POST /api_v1/users/sendCode HTTP/1.1" 200 56 "http://localhost:3001/" "Mozilla/5.0 (Windows NT 10.0; Win64; x64) AppleWebKit/537.36 (KHTML, like Gecko) Chrome/86.0.4240.183 Safari/537.36"
[2020-11-11T17:59:44.629] [INFO] access - ::1 - - "POST /api_v1/users/register HTTP/1.1" 200 683 "http://localhost:3001/" "Mozilla/5.0 (Windows NT 10.0; Win64; x64) AppleWebKit/537.36 (KHTML, like Gecko) Chrome/86.0.4240.183 Safari/537.36"
