[2020-11-12T09:15:42.146] [INFO] access - ::1 - - "POST /api_v1/users/getUserList HTTP/1.1" 200 1007 "http://localhost:3001/" "Mozilla/5.0 (Windows NT 10.0; Win64; x64) AppleWebKit/537.36 (KHTML, like Gecko) Chrome/86.0.4240.183 Safari/537.36"
[2020-11-12T09:15:57.105] [INFO] access - ::1 - - "POST /api_v1/users/getUserList HTTP/1.1" 200 1007 "http://localhost:3001/" "Mozilla/5.0 (Windows NT 10.0; Win64; x64) AppleWebKit/537.36 (KHTML, like Gecko) Chrome/86.0.4240.183 Safari/537.36"
[2020-11-12T09:18:07.646] [INFO] access - ::1 - - "POST /api_v1/users/getUserList HTTP/1.1" 200 1007 "http://localhost:3001/" "Mozilla/5.0 (Windows NT 10.0; Win64; x64) AppleWebKit/537.36 (KHTML, like Gecko) Chrome/86.0.4240.183 Safari/537.36"
[2020-11-12T09:18:46.412] [INFO] access - ::1 - - "POST /api_v1/users/getUserList HTTP/1.1" 200 58 "http://localhost:3001/" "Mozilla/5.0 (Windows NT 10.0; Win64; x64) AppleWebKit/537.36 (KHTML, like Gecko) Chrome/86.0.4240.183 Safari/537.36"
[2020-11-12T09:18:48.579] [INFO] access - ::1 - - "POST /api_v1/users/getUserList HTTP/1.1" 200 58 "http://localhost:3001/" "Mozilla/5.0 (Windows NT 10.0; Win64; x64) AppleWebKit/537.36 (KHTML, like Gecko) Chrome/86.0.4240.183 Safari/537.36"
[2020-11-12T09:18:56.629] [INFO] access - ::1 - - "POST /api_v1/users/sendCode HTTP/1.1" 200 56 "http://localhost:3001/" "Mozilla/5.0 (Windows NT 10.0; Win64; x64) AppleWebKit/537.36 (KHTML, like Gecko) Chrome/86.0.4240.183 Safari/537.36"
[2020-11-12T09:19:09.026] [INFO] access - ::1 - - "POST /api_v1/users/login HTTP/1.1" 200 685 "http://localhost:3001/" "Mozilla/5.0 (Windows NT 10.0; Win64; x64) AppleWebKit/537.36 (KHTML, like Gecko) Chrome/86.0.4240.183 Safari/537.36"
[2020-11-12T09:19:18.066] [INFO] access - ::1 - - "POST /api_v1/users/getUserList HTTP/1.1" 200 1007 "http://localhost:3001/" "Mozilla/5.0 (Windows NT 10.0; Win64; x64) AppleWebKit/537.36 (KHTML, like Gecko) Chrome/86.0.4240.183 Safari/537.36"
[2020-11-12T09:22:25.208] [INFO] access - ::1 - - "POST /api_v1/users/getUserList HTTP/1.1" 200 1007 "http://localhost:3001/" "Mozilla/5.0 (Windows NT 10.0; Win64; x64) AppleWebKit/537.36 (KHTML, like Gecko) Chrome/86.0.4240.183 Safari/537.36"
[2020-11-12T09:22:30.004] [INFO] access - ::1 - - "POST /api_v1/users/getUserList HTTP/1.1" 200 1007 "http://localhost:3001/" "Mozilla/5.0 (Windows NT 10.0; Win64; x64) AppleWebKit/537.36 (KHTML, like Gecko) Chrome/86.0.4240.183 Safari/537.36"
[2020-11-12T09:23:25.177] [INFO] access - ::1 - - "POST /api_v1/users/getUserList HTTP/1.1" 200 1007 "http://localhost:3001/" "Mozilla/5.0 (Windows NT 10.0; Win64; x64) AppleWebKit/537.36 (KHTML, like Gecko) Chrome/86.0.4240.183 Safari/537.36"
[2020-11-12T09:24:02.562] [INFO] access - ::1 - - "POST /api_v1/users/getUserList HTTP/1.1" 200 1007 "http://localhost:3001/" "Mozilla/5.0 (Windows NT 10.0; Win64; x64) AppleWebKit/537.36 (KHTML, like Gecko) Chrome/86.0.4240.183 Safari/537.36"
[2020-11-12T09:25:25.564] [INFO] access - ::1 - - "POST /api_v1/users/getUserList HTTP/1.1" 200 1007 "http://localhost:3001/" "Mozilla/5.0 (Windows NT 10.0; Win64; x64) AppleWebKit/537.36 (KHTML, like Gecko) Chrome/86.0.4240.183 Safari/537.36"
[2020-11-12T09:25:28.399] [INFO] access - ::1 - - "POST /api_v1/users/getUserList HTTP/1.1" 200 1007 "http://localhost:3001/" "Mozilla/5.0 (Windows NT 10.0; Win64; x64) AppleWebKit/537.36 (KHTML, like Gecko) Chrome/86.0.4240.183 Safari/537.36"
[2020-11-12T09:28:10.193] [INFO] access - ::1 - - "POST /api_v1/users/getUserList HTTP/1.1" 200 1007 "http://localhost:3001/" "Mozilla/5.0 (Windows NT 10.0; Win64; x64) AppleWebKit/537.36 (KHTML, like Gecko) Chrome/86.0.4240.183 Safari/537.36"
[2020-11-12T09:28:12.648] [INFO] access - ::1 - - "POST /api_v1/users/getUserList HTTP/1.1" 200 1007 "http://localhost:3001/" "Mozilla/5.0 (Windows NT 10.0; Win64; x64) AppleWebKit/537.36 (KHTML, like Gecko) Chrome/86.0.4240.183 Safari/537.36"
[2020-11-12T09:28:14.957] [INFO] access - ::1 - - "POST /api_v1/users/getUserList HTTP/1.1" 200 1007 "http://localhost:3001/" "Mozilla/5.0 (Windows NT 10.0; Win64; x64) AppleWebKit/537.36 (KHTML, like Gecko) Chrome/86.0.4240.183 Safari/537.36"
[2020-11-12T09:28:18.064] [INFO] access - ::1 - - "POST /api_v1/users/getUserList HTTP/1.1" 200 1007 "http://localhost:3001/" "Mozilla/5.0 (Windows NT 10.0; Win64; x64) AppleWebKit/537.36 (KHTML, like Gecko) Chrome/86.0.4240.183 Safari/537.36"
[2020-11-12T09:29:52.827] [INFO] access - ::1 - - "POST /api_v1/users/getUserList HTTP/1.1" 200 58 "http://localhost:3001/" "Mozilla/5.0 (Windows NT 10.0; Win64; x64) AppleWebKit/537.36 (KHTML, like Gecko) Chrome/86.0.4240.183 Safari/537.36"
[2020-11-12T09:29:55.121] [INFO] access - ::1 - - "POST /api_v1/users/getUserList HTTP/1.1" 200 58 "http://localhost:3001/" "Mozilla/5.0 (Windows NT 10.0; Win64; x64) AppleWebKit/537.36 (KHTML, like Gecko) Chrome/86.0.4240.183 Safari/537.36"
[2020-11-12T09:30:09.816] [INFO] access - ::1 - - "POST /api_v1/users/getUserList HTTP/1.1" 200 58 "http://localhost:3001/" "Mozilla/5.0 (Windows NT 10.0; Win64; x64) AppleWebKit/537.36 (KHTML, like Gecko) Chrome/86.0.4240.183 Safari/537.36"
[2020-11-12T09:30:18.360] [INFO] access - ::1 - - "POST /api_v1/users/getUserList HTTP/1.1" 200 58 "http://localhost:3001/" "Mozilla/5.0 (Windows NT 10.0; Win64; x64) AppleWebKit/537.36 (KHTML, like Gecko) Chrome/86.0.4240.183 Safari/537.36"
[2020-11-12T09:31:30.187] [INFO] access - ::1 - - "POST /api_v1/users/sendCode HTTP/1.1" 200 56 "http://localhost:3001/" "Mozilla/5.0 (Windows NT 10.0; Win64; x64) AppleWebKit/537.36 (KHTML, like Gecko) Chrome/86.0.4240.183 Safari/537.36"
[2020-11-12T09:31:44.770] [INFO] access - ::1 - - "POST /api_v1/users/login HTTP/1.1" 200 685 "http://localhost:3001/" "Mozilla/5.0 (Windows NT 10.0; Win64; x64) AppleWebKit/537.36 (KHTML, like Gecko) Chrome/86.0.4240.183 Safari/537.36"
[2020-11-12T09:33:42.283] [INFO] access - ::1 - - "POST /api_v1/users/getUserList HTTP/1.1" 200 1007 "http://localhost:3001/" "Mozilla/5.0 (Windows NT 10.0; Win64; x64) AppleWebKit/537.36 (KHTML, like Gecko) Chrome/86.0.4240.183 Safari/537.36"
[2020-11-12T09:34:45.262] [INFO] access - ::1 - - "POST /api_v1/users/getUserList HTTP/1.1" 200 387 "http://localhost:3001/" "Mozilla/5.0 (Windows NT 10.0; Win64; x64) AppleWebKit/537.36 (KHTML, like Gecko) Chrome/86.0.4240.183 Safari/537.36"
[2020-11-12T09:35:35.836] [INFO] access - ::1 - - "POST /api_v1/users/getUserList HTTP/1.1" 200 1007 "http://localhost:3001/" "Mozilla/5.0 (Windows NT 10.0; Win64; x64) AppleWebKit/537.36 (KHTML, like Gecko) Chrome/86.0.4240.183 Safari/537.36"
[2020-11-12T09:35:38.564] [INFO] access - ::1 - - "POST /api_v1/users/getUserList HTTP/1.1" 200 387 "http://localhost:3001/" "Mozilla/5.0 (Windows NT 10.0; Win64; x64) AppleWebKit/537.36 (KHTML, like Gecko) Chrome/86.0.4240.183 Safari/537.36"
[2020-11-12T09:35:41.863] [INFO] access - ::1 - - "POST /api_v1/users/editUser HTTP/1.1" 200 65 "http://localhost:3001/" "Mozilla/5.0 (Windows NT 10.0; Win64; x64) AppleWebKit/537.36 (KHTML, like Gecko) Chrome/86.0.4240.183 Safari/537.36"
[2020-11-12T09:35:41.885] [INFO] access - ::1 - - "POST /api_v1/users/getUserList HTTP/1.1" 200 90 "http://localhost:3001/" "Mozilla/5.0 (Windows NT 10.0; Win64; x64) AppleWebKit/537.36 (KHTML, like Gecko) Chrome/86.0.4240.183 Safari/537.36"
[2020-11-12T09:35:44.313] [INFO] access - ::1 - - "POST /api_v1/users/getUserList HTTP/1.1" 200 1301 "http://localhost:3001/" "Mozilla/5.0 (Windows NT 10.0; Win64; x64) AppleWebKit/537.36 (KHTML, like Gecko) Chrome/86.0.4240.183 Safari/537.36"
[2020-11-12T09:35:49.354] [INFO] access - ::1 - - "POST /api_v1/users/editUser HTTP/1.1" 200 65 "http://localhost:3001/" "Mozilla/5.0 (Windows NT 10.0; Win64; x64) AppleWebKit/537.36 (KHTML, like Gecko) Chrome/86.0.4240.183 Safari/537.36"
[2020-11-12T09:35:49.371] [INFO] access - ::1 - - "POST /api_v1/users/getUserList HTTP/1.1" 200 1305 "http://localhost:3001/" "Mozilla/5.0 (Windows NT 10.0; Win64; x64) AppleWebKit/537.36 (KHTML, like Gecko) Chrome/86.0.4240.183 Safari/537.36"
[2020-11-12T09:38:53.540] [INFO] access - ::1 - - "POST /api_v1/users/getUserList HTTP/1.1" 200 1293 "http://localhost:3001/" "Mozilla/5.0 (Windows NT 10.0; Win64; x64) AppleWebKit/537.36 (KHTML, like Gecko) Chrome/86.0.4240.183 Safari/537.36"
[2020-11-12T09:43:00.022] [INFO] access - ::1 - - "POST /api_v1/users/getUserList HTTP/1.1" 200 1293 "http://localhost:3001/" "Mozilla/5.0 (Windows NT 10.0; Win64; x64) AppleWebKit/537.36 (KHTML, like Gecko) Chrome/86.0.4240.183 Safari/537.36"
[2020-11-12T11:19:37.306] [INFO] access - ::1 - - "POST /api_v1/users/getUserList HTTP/1.1" 200 1293 "http://localhost:3001/" "Mozilla/5.0 (Windows NT 10.0; Win64; x64) AppleWebKit/537.36 (KHTML, like Gecko) Chrome/86.0.4240.183 Safari/537.36"
[2020-11-12T11:19:41.908] [INFO] access - ::1 - - "POST /api_v1/users/getUserList HTTP/1.1" 200 1293 "http://localhost:3001/" "Mozilla/5.0 (Windows NT 10.0; Win64; x64) AppleWebKit/537.36 (KHTML, like Gecko) Chrome/86.0.4240.183 Safari/537.36"
[2020-11-12T11:20:50.557] [INFO] access - ::1 - - "POST /api_v1/users/getUserList HTTP/1.1" 200 1293 "http://localhost:3001/" "Mozilla/5.0 (Windows NT 10.0; Win64; x64) AppleWebKit/537.36 (KHTML, like Gecko) Chrome/86.0.4240.183 Safari/537.36"
[2020-11-12T11:25:16.621] [INFO] access - ::1 - - "GET /apidoc/index.html HTTP/1.1" 200 29292 "" "Mozilla/5.0 (Windows NT 10.0; Win64; x64) AppleWebKit/537.36 (KHTML, like Gecko) Chrome/86.0.4240.183 Safari/537.36"
[2020-11-12T11:25:16.646] [INFO] access - ::1 - - "GET /apidoc/vendor/bootstrap.min.css HTTP/1.1" 200 121457 "http://localhost:3000/apidoc/index.html" "Mozilla/5.0 (Windows NT 10.0; Win64; x64) AppleWebKit/537.36 (KHTML, like Gecko) Chrome/86.0.4240.183 Safari/537.36"
[2020-11-12T11:25:16.646] [INFO] access - ::1 - - "GET /apidoc/vendor/polyfill.js HTTP/1.1" 200 2900 "http://localhost:3000/apidoc/index.html" "Mozilla/5.0 (Windows NT 10.0; Win64; x64) AppleWebKit/537.36 (KHTML, like Gecko) Chrome/86.0.4240.183 Safari/537.36"
[2020-11-12T11:25:16.647] [INFO] access - ::1 - - "GET /apidoc/vendor/prism.css HTTP/1.1" 200 1957 "http://localhost:3000/apidoc/index.html" "Mozilla/5.0 (Windows NT 10.0; Win64; x64) AppleWebKit/537.36 (KHTML, like Gecko) Chrome/86.0.4240.183 Safari/537.36"
[2020-11-12T11:25:16.647] [INFO] access - ::1 - - "GET /apidoc/css/style.css HTTP/1.1" 200 9821 "http://localhost:3000/apidoc/index.html" "Mozilla/5.0 (Windows NT 10.0; Win64; x64) AppleWebKit/537.36 (KHTML, like Gecko) Chrome/86.0.4240.183 Safari/537.36"
[2020-11-12T11:25:16.648] [INFO] access - ::1 - - "GET /apidoc/vendor/require.min.js HTTP/1.1" 200 15825 "http://localhost:3000/apidoc/index.html" "Mozilla/5.0 (Windows NT 10.0; Win64; x64) AppleWebKit/537.36 (KHTML, like Gecko) Chrome/86.0.4240.183 Safari/537.36"
[2020-11-12T11:25:16.699] [INFO] access - ::1 - - "GET /apidoc/main.js HTTP/1.1" 200 32803 "http://localhost:3000/apidoc/index.html" "Mozilla/5.0 (Windows NT 10.0; Win64; x64) AppleWebKit/537.36 (KHTML, like Gecko) Chrome/86.0.4240.183 Safari/537.36"
[2020-11-12T11:25:16.713] [INFO] access - ::1 - - "GET /apidoc/vendor/jquery.min.js?v=1605151516703 HTTP/1.1" 200 89476 "http://localhost:3000/apidoc/index.html" "Mozilla/5.0 (Windows NT 10.0; Win64; x64) AppleWebKit/537.36 (KHTML, like Gecko) Chrome/86.0.4240.183 Safari/537.36"
[2020-11-12T11:25:16.713] [INFO] access - ::1 - - "GET /apidoc/vendor/lodash.custom.min.js?v=1605151516703 HTTP/1.1" 200 20022 "http://localhost:3000/apidoc/index.html" "Mozilla/5.0 (Windows NT 10.0; Win64; x64) AppleWebKit/537.36 (KHTML, like Gecko) Chrome/86.0.4240.183 Safari/537.36"
[2020-11-12T11:25:16.714] [INFO] access - ::1 - - "GET /apidoc/api_project.js?v=1605151516703 HTTP/1.1" 200 537 "http://localhost:3000/apidoc/index.html" "Mozilla/5.0 (Windows NT 10.0; Win64; x64) AppleWebKit/537.36 (KHTML, like Gecko) Chrome/86.0.4240.183 Safari/537.36"
[2020-11-12T11:25:16.714] [INFO] access - ::1 - - "GET /apidoc/locales/locale.js?v=1605151516703 HTTP/1.1" 200 1249 "http://localhost:3000/apidoc/index.html" "Mozilla/5.0 (Windows NT 10.0; Win64; x64) AppleWebKit/537.36 (KHTML, like Gecko) Chrome/86.0.4240.183 Safari/537.36"
[2020-11-12T11:25:16.714] [INFO] access - ::1 - - "GET /apidoc/api_data.js?v=1605151516703 HTTP/1.1" 200 64263 "http://localhost:3000/apidoc/index.html" "Mozilla/5.0 (Windows NT 10.0; Win64; x64) AppleWebKit/537.36 (KHTML, like Gecko) Chrome/86.0.4240.183 Safari/537.36"
[2020-11-12T11:25:16.714] [INFO] access - ::1 - - "GET /apidoc/utils/send_sample_request.js?v=1605151516703 HTTP/1.1" 200 10211 "http://localhost:3000/apidoc/index.html" "Mozilla/5.0 (Windows NT 10.0; Win64; x64) AppleWebKit/537.36 (KHTML, like Gecko) Chrome/86.0.4240.183 Safari/537.36"
[2020-11-12T11:25:16.721] [INFO] access - ::1 - - "GET /apidoc/vendor/semver.min.js?v=1605151516703 HTTP/1.1" 200 12950 "http://localhost:3000/apidoc/index.html" "Mozilla/5.0 (Windows NT 10.0; Win64; x64) AppleWebKit/537.36 (KHTML, like Gecko) Chrome/86.0.4240.183 Safari/537.36"
[2020-11-12T11:25:16.723] [INFO] access - ::1 - - "GET /apidoc/vendor/webfontloader.js?v=1605151516703 HTTP/1.1" 200 12492 "http://localhost:3000/apidoc/index.html" "Mozilla/5.0 (Windows NT 10.0; Win64; x64) AppleWebKit/537.36 (KHTML, like Gecko) Chrome/86.0.4240.183 Safari/537.36"
[2020-11-12T11:25:16.723] [INFO] access - ::1 - - "GET /apidoc/vendor/path-to-regexp/index.js?v=1605151516703 HTTP/1.1" 200 5147 "http://localhost:3000/apidoc/index.html" "Mozilla/5.0 (Windows NT 10.0; Win64; x64) AppleWebKit/537.36 (KHTML, like Gecko) Chrome/86.0.4240.183 Safari/537.36"
[2020-11-12T11:25:16.724] [INFO] access - ::1 - - "GET /apidoc/vendor/list.min.js?v=1605151516703 HTTP/1.1" 200 15952 "http://localhost:3000/apidoc/index.html" "Mozilla/5.0 (Windows NT 10.0; Win64; x64) AppleWebKit/537.36 (KHTML, like Gecko) Chrome/86.0.4240.183 Safari/537.36"
[2020-11-12T11:25:16.725] [INFO] access - ::1 - - "GET /apidoc/vendor/prism.js?v=1605151516703 HTTP/1.1" 200 42163 "http://localhost:3000/apidoc/index.html" "Mozilla/5.0 (Windows NT 10.0; Win64; x64) AppleWebKit/537.36 (KHTML, like Gecko) Chrome/86.0.4240.183 Safari/537.36"
[2020-11-12T11:25:16.725] [INFO] access - ::1 - - "GET /apidoc/vendor/handlebars.min.js?v=1605151516703 HTTP/1.1" 200 80257 "http://localhost:3000/apidoc/index.html" "Mozilla/5.0 (Windows NT 10.0; Win64; x64) AppleWebKit/537.36 (KHTML, like Gecko) Chrome/86.0.4240.183 Safari/537.36"
[2020-11-12T11:25:16.727] [INFO] access - ::1 - - "GET /apidoc/locales/ca.js?v=1605151516703 HTTP/1.1" 200 1225 "http://localhost:3000/apidoc/index.html" "Mozilla/5.0 (Windows NT 10.0; Win64; x64) AppleWebKit/537.36 (KHTML, like Gecko) Chrome/86.0.4240.183 Safari/537.36"
[2020-11-12T11:25:16.728] [INFO] access - ::1 - - "GET /apidoc/locales/cs.js?v=1605151516703 HTTP/1.1" 200 1246 "http://localhost:3000/apidoc/index.html" "Mozilla/5.0 (Windows NT 10.0; Win64; x64) AppleWebKit/537.36 (KHTML, like Gecko) Chrome/86.0.4240.183 Safari/537.36"
[2020-11-12T11:25:16.730] [INFO] access - ::1 - - "GET /apidoc/locales/de.js?v=1605151516703 HTTP/1.1" 200 1234 "http://localhost:3000/apidoc/index.html" "Mozilla/5.0 (Windows NT 10.0; Win64; x64) AppleWebKit/537.36 (KHTML, like Gecko) Chrome/86.0.4240.183 Safari/537.36"
[2020-11-12T11:25:16.731] [INFO] access - ::1 - - "GET /apidoc/locales/es.js?v=1605151516703 HTTP/1.1" 200 1244 "http://localhost:3000/apidoc/index.html" "Mozilla/5.0 (Windows NT 10.0; Win64; x64) AppleWebKit/537.36 (KHTML, like Gecko) Chrome/86.0.4240.183 Safari/537.36"
[2020-11-12T11:25:16.735] [INFO] access - ::1 - - "GET /apidoc/locales/fr.js?v=1605151516703 HTTP/1.1" 200 1264 "http://localhost:3000/apidoc/index.html" "Mozilla/5.0 (Windows NT 10.0; Win64; x64) AppleWebKit/537.36 (KHTML, like Gecko) Chrome/86.0.4240.183 Safari/537.36"
[2020-11-12T11:25:16.735] [INFO] access - ::1 - - "GET /apidoc/locales/it.js?v=1605151516703 HTTP/1.1" 200 1249 "http://localhost:3000/apidoc/index.html" "Mozilla/5.0 (Windows NT 10.0; Win64; x64) AppleWebKit/537.36 (KHTML, like Gecko) Chrome/86.0.4240.183 Safari/537.36"
[2020-11-12T11:25:16.735] [INFO] access - ::1 - - "GET /apidoc/locales/nl.js?v=1605151516703 HTTP/1.1" 200 1241 "http://localhost:3000/apidoc/index.html" "Mozilla/5.0 (Windows NT 10.0; Win64; x64) AppleWebKit/537.36 (KHTML, like Gecko) Chrome/86.0.4240.183 Safari/537.36"
[2020-11-12T11:25:16.736] [INFO] access - ::1 - - "GET /apidoc/locales/pl.js?v=1605151516703 HTTP/1.1" 200 1226 "http://localhost:3000/apidoc/index.html" "Mozilla/5.0 (Windows NT 10.0; Win64; x64) AppleWebKit/537.36 (KHTML, like Gecko) Chrome/86.0.4240.183 Safari/537.36"
[2020-11-12T11:25:16.736] [INFO] access - ::1 - - "GET /apidoc/locales/pt_br.js?v=1605151516703 HTTP/1.1" 200 1236 "http://localhost:3000/apidoc/index.html" "Mozilla/5.0 (Windows NT 10.0; Win64; x64) AppleWebKit/537.36 (KHTML, like Gecko) Chrome/86.0.4240.183 Safari/537.36"
[2020-11-12T11:25:16.737] [INFO] access - ::1 - - "GET /apidoc/locales/ro.js?v=1605151516703 HTTP/1.1" 200 1238 "http://localhost:3000/apidoc/index.html" "Mozilla/5.0 (Windows NT 10.0; Win64; x64) AppleWebKit/537.36 (KHTML, like Gecko) Chrome/86.0.4240.183 Safari/537.36"
[2020-11-12T11:25:16.739] [INFO] access - ::1 - - "GET /apidoc/locales/ru.js?v=1605151516703 HTTP/1.1" 200 1481 "http://localhost:3000/apidoc/index.html" "Mozilla/5.0 (Windows NT 10.0; Win64; x64) AppleWebKit/537.36 (KHTML, like Gecko) Chrome/86.0.4240.183 Safari/537.36"
[2020-11-12T11:25:16.739] [INFO] access - ::1 - - "GET /apidoc/locales/tr.js?v=1605151516703 HTTP/1.1" 200 1246 "http://localhost:3000/apidoc/index.html" "Mozilla/5.0 (Windows NT 10.0; Win64; x64) AppleWebKit/537.36 (KHTML, like Gecko) Chrome/86.0.4240.183 Safari/537.36"
[2020-11-12T11:25:16.742] [INFO] access - ::1 - - "GET /apidoc/locales/vi.js?v=1605151516703 HTTP/1.1" 200 1328 "http://localhost:3000/apidoc/index.html" "Mozilla/5.0 (Windows NT 10.0; Win64; x64) AppleWebKit/537.36 (KHTML, like Gecko) Chrome/86.0.4240.183 Safari/537.36"
[2020-11-12T11:25:16.742] [INFO] access - ::1 - - "GET /apidoc/locales/zh.js?v=1605151516703 HTTP/1.1" 200 1157 "http://localhost:3000/apidoc/index.html" "Mozilla/5.0 (Windows NT 10.0; Win64; x64) AppleWebKit/537.36 (KHTML, like Gecko) Chrome/86.0.4240.183 Safari/537.36"
[2020-11-12T11:25:16.744] [INFO] access - ::1 - - "GET /apidoc/locales/zh_cn.js?v=1605151516703 HTTP/1.1" 200 1292 "http://localhost:3000/apidoc/index.html" "Mozilla/5.0 (Windows NT 10.0; Win64; x64) AppleWebKit/537.36 (KHTML, like Gecko) Chrome/86.0.4240.183 Safari/537.36"
[2020-11-12T11:25:16.745] [INFO] access - ::1 - - "GET /apidoc/vendor/bootstrap.min.js?v=1605151516703 HTTP/1.1" 200 39680 "http://localhost:3000/apidoc/index.html" "Mozilla/5.0 (Windows NT 10.0; Win64; x64) AppleWebKit/537.36 (KHTML, like Gecko) Chrome/86.0.4240.183 Safari/537.36"
[2020-11-12T11:25:16.746] [INFO] access - ::1 - - "GET /apidoc/utils/send_sample_request_utils.js?v=1605151516703 HTTP/1.1" 200 3356 "http://localhost:3000/apidoc/index.html" "Mozilla/5.0 (Windows NT 10.0; Win64; x64) AppleWebKit/537.36 (KHTML, like Gecko) Chrome/86.0.4240.183 Safari/537.36"
[2020-11-12T11:25:16.766] [INFO] access - ::1 - - "GET /apidoc/utils/handlebars_helper.js?v=1605151516703 HTTP/1.1" 200 10752 "http://localhost:3000/apidoc/index.html" "Mozilla/5.0 (Windows NT 10.0; Win64; x64) AppleWebKit/537.36 (KHTML, like Gecko) Chrome/86.0.4240.183 Safari/537.36"
[2020-11-12T11:25:17.035] [INFO] access - ::1 - - "GET /apidoc/vendor/diff_match_patch.min.js?v=1605151516703 HTTP/1.1" 200 19192 "http://localhost:3000/apidoc/index.html" "Mozilla/5.0 (Windows NT 10.0; Win64; x64) AppleWebKit/537.36 (KHTML, like Gecko) Chrome/86.0.4240.183 Safari/537.36"
[2020-11-12T11:36:59.750] [INFO] access - ::1 - - "POST /api_v1/users/getUserList HTTP/1.1" 200 1293 "http://localhost:3001/" "Mozilla/5.0 (Windows NT 10.0; Win64; x64) AppleWebKit/537.36 (KHTML, like Gecko) Chrome/86.0.4240.183 Safari/537.36"
[2020-11-12T11:37:08.048] [INFO] access - ::1 - - "POST /api_v1/userGroup/getUserGroupList HTTP/1.1" 200 288 "http://localhost:3001/" "Mozilla/5.0 (Windows NT 10.0; Win64; x64) AppleWebKit/537.36 (KHTML, like Gecko) Chrome/86.0.4240.183 Safari/537.36"
[2020-11-12T11:38:10.520] [INFO] access - ::1 - - "POST /api_v1/userGroup/getUserGroupList HTTP/1.1" 200 288 "http://localhost:3001/" "Mozilla/5.0 (Windows NT 10.0; Win64; x64) AppleWebKit/537.36 (KHTML, like Gecko) Chrome/86.0.4240.183 Safari/537.36"
[2020-11-12T11:38:12.261] [INFO] access - ::1 - - "POST /api_v1/users/getUserList HTTP/1.1" 200 1293 "http://localhost:3001/" "Mozilla/5.0 (Windows NT 10.0; Win64; x64) AppleWebKit/537.36 (KHTML, like Gecko) Chrome/86.0.4240.183 Safari/537.36"
[2020-11-12T11:38:13.250] [INFO] access - ::1 - - "POST /api_v1/userGroup/getUserGroupList HTTP/1.1" 200 288 "http://localhost:3001/" "Mozilla/5.0 (Windows NT 10.0; Win64; x64) AppleWebKit/537.36 (KHTML, like Gecko) Chrome/86.0.4240.183 Safari/537.36"
[2020-11-12T11:39:49.569] [INFO] access - ::1 - - "POST /api_v1/userGroup/getUserGroupList HTTP/1.1" 200 288 "http://localhost:3001/" "Mozilla/5.0 (Windows NT 10.0; Win64; x64) AppleWebKit/537.36 (KHTML, like Gecko) Chrome/86.0.4240.183 Safari/537.36"
[2020-11-12T11:42:17.247] [INFO] access - ::1 - - "POST /api_v1/userGroup/getUserGroupList HTTP/1.1" 200 288 "http://localhost:3001/" "Mozilla/5.0 (Windows NT 10.0; Win64; x64) AppleWebKit/537.36 (KHTML, like Gecko) Chrome/86.0.4240.183 Safari/537.36"
[2020-11-12T11:42:18.475] [INFO] access - ::1 - - "POST /api_v1/userGroup/getUserGroupList HTTP/1.1" 200 90 "http://localhost:3001/" "Mozilla/5.0 (Windows NT 10.0; Win64; x64) AppleWebKit/537.36 (KHTML, like Gecko) Chrome/86.0.4240.183 Safari/537.36"
[2020-11-12T11:42:19.616] [INFO] access - ::1 - - "POST /api_v1/userGroup/getUserGroupList HTTP/1.1" 200 288 "http://localhost:3001/" "Mozilla/5.0 (Windows NT 10.0; Win64; x64) AppleWebKit/537.36 (KHTML, like Gecko) Chrome/86.0.4240.183 Safari/537.36"
[2020-11-12T11:44:12.388] [INFO] access - ::1 - - "POST /api_v1/userGroup/getUserGroupList HTTP/1.1" 200 288 "http://localhost:3001/" "Mozilla/5.0 (Windows NT 10.0; Win64; x64) AppleWebKit/537.36 (KHTML, like Gecko) Chrome/86.0.4240.183 Safari/537.36"
[2020-11-12T12:14:18.749] [INFO] access - ::1 - - "POST /api_v1/userGroup/getUserGroupList HTTP/1.1" 200 288 "http://localhost:3001/" "Mozilla/5.0 (Windows NT 10.0; Win64; x64) AppleWebKit/537.36 (KHTML, like Gecko) Chrome/86.0.4240.183 Safari/537.36"
[2020-11-12T12:26:23.064] [INFO] access - ::1 - - "POST /api_v1/userGroup/getUserGroupList HTTP/1.1" 200 288 "http://localhost:3001/" "Mozilla/5.0 (Windows NT 10.0; Win64; x64) AppleWebKit/537.36 (KHTML, like Gecko) Chrome/86.0.4240.183 Safari/537.36"
[2020-11-12T12:30:45.437] [INFO] access - ::1 - - "POST /api_v1/userGroup/getUserGroupList HTTP/1.1" 200 288 "http://localhost:3001/" "Mozilla/5.0 (Windows NT 10.0; Win64; x64) AppleWebKit/537.36 (KHTML, like Gecko) Chrome/86.0.4240.183 Safari/537.36"
[2020-11-12T12:30:54.115] [INFO] access - ::1 - - "POST /api_v1/userGroup/getUserGroupList HTTP/1.1" 200 288 "http://localhost:3001/" "Mozilla/5.0 (Windows NT 10.0; Win64; x64) AppleWebKit/537.36 (KHTML, like Gecko) Chrome/86.0.4240.183 Safari/537.36"
[2020-11-12T12:33:05.053] [INFO] access - ::1 - - "POST /api_v1/userGroup/getUserGroupList HTTP/1.1" 200 288 "http://localhost:3001/" "Mozilla/5.0 (Windows NT 10.0; Win64; x64) AppleWebKit/537.36 (KHTML, like Gecko) Chrome/86.0.4240.183 Safari/537.36"
[2020-11-12T12:33:07.201] [INFO] access - ::1 - - "POST /api_v1/userGroup/insertUserGroup HTTP/1.1" 200 62 "http://localhost:3001/" "Mozilla/5.0 (Windows NT 10.0; Win64; x64) AppleWebKit/537.36 (KHTML, like Gecko) Chrome/86.0.4240.183 Safari/537.36"
[2020-11-12T12:33:25.236] [INFO] access - ::1 - - "POST /api_v1/userGroup/getUserGroupList HTTP/1.1" 200 288 "http://localhost:3001/" "Mozilla/5.0 (Windows NT 10.0; Win64; x64) AppleWebKit/537.36 (KHTML, like Gecko) Chrome/86.0.4240.183 Safari/537.36"
[2020-11-12T12:33:29.067] [INFO] access - ::1 - - "POST /api_v1/userGroup/insertUserGroup HTTP/1.1" 200 187 "http://localhost:3001/" "Mozilla/5.0 (Windows NT 10.0; Win64; x64) AppleWebKit/537.36 (KHTML, like Gecko) Chrome/86.0.4240.183 Safari/537.36"
[2020-11-12T12:33:29.081] [INFO] access - ::1 - - "POST /api_v1/userGroup/getUserGroupList HTTP/1.1" 200 477 "http://localhost:3001/" "Mozilla/5.0 (Windows NT 10.0; Win64; x64) AppleWebKit/537.36 (KHTML, like Gecko) Chrome/86.0.4240.183 Safari/537.36"
[2020-11-12T12:34:50.595] [INFO] access - ::1 - - "POST /api_v1/users/getUserList HTTP/1.1" 200 1293 "http://localhost:3001/" "Mozilla/5.0 (Windows NT 10.0; Win64; x64) AppleWebKit/537.36 (KHTML, like Gecko) Chrome/86.0.4240.183 Safari/537.36"
[2020-11-12T12:34:53.217] [INFO] access - ::1 - - "POST /api_v1/userGroup/getUserGroupList HTTP/1.1" 200 477 "http://localhost:3001/" "Mozilla/5.0 (Windows NT 10.0; Win64; x64) AppleWebKit/537.36 (KHTML, like Gecko) Chrome/86.0.4240.183 Safari/537.36"
[2020-11-12T12:35:52.898] [INFO] access - ::1 - - "POST /api_v1/userGroup/getUserGroupList HTTP/1.1" 200 477 "http://localhost:3001/" "Mozilla/5.0 (Windows NT 10.0; Win64; x64) AppleWebKit/537.36 (KHTML, like Gecko) Chrome/86.0.4240.183 Safari/537.36"
[2020-11-12T12:35:55.256] [INFO] access - ::1 - - "POST /api_v1/userGroup/editUserGroup HTTP/1.1" 200 64 "http://localhost:3001/" "Mozilla/5.0 (Windows NT 10.0; Win64; x64) AppleWebKit/537.36 (KHTML, like Gecko) Chrome/86.0.4240.183 Safari/537.36"
[2020-11-12T12:36:10.798] [INFO] access - ::1 - - "POST /api_v1/userGroup/getUserGroupList HTTP/1.1" 200 477 "http://localhost:3001/" "Mozilla/5.0 (Windows NT 10.0; Win64; x64) AppleWebKit/537.36 (KHTML, like Gecko) Chrome/86.0.4240.183 Safari/537.36"
[2020-11-12T12:36:12.787] [INFO] access - ::1 - - "POST /api_v1/userGroup/editUserGroup HTTP/1.1" 200 64 "http://localhost:3001/" "Mozilla/5.0 (Windows NT 10.0; Win64; x64) AppleWebKit/537.36 (KHTML, like Gecko) Chrome/86.0.4240.183 Safari/537.36"
[2020-11-12T12:36:20.351] [INFO] access - ::1 - - "POST /api_v1/userGroup/editUserGroup HTTP/1.1" 200 64 "http://localhost:3001/" "Mozilla/5.0 (Windows NT 10.0; Win64; x64) AppleWebKit/537.36 (KHTML, like Gecko) Chrome/86.0.4240.183 Safari/537.36"
[2020-11-12T12:36:52.732] [INFO] access - ::1 - - "POST /api_v1/userGroup/getUserGroupList HTTP/1.1" 200 477 "http://localhost:3001/" "Mozilla/5.0 (Windows NT 10.0; Win64; x64) AppleWebKit/537.36 (KHTML, like Gecko) Chrome/86.0.4240.183 Safari/537.36"
[2020-11-12T12:36:55.019] [INFO] access - ::1 - - "POST /api_v1/userGroup/editUserGroup HTTP/1.1" 200 56 "http://localhost:3001/" "Mozilla/5.0 (Windows NT 10.0; Win64; x64) AppleWebKit/537.36 (KHTML, like Gecko) Chrome/86.0.4240.183 Safari/537.36"
[2020-11-12T12:36:55.032] [INFO] access - ::1 - - "POST /api_v1/userGroup/getUserGroupList HTTP/1.1" 200 497 "http://localhost:3001/" "Mozilla/5.0 (Windows NT 10.0; Win64; x64) AppleWebKit/537.36 (KHTML, like Gecko) Chrome/86.0.4240.183 Safari/537.36"
[2020-11-12T12:36:59.331] [INFO] access - ::1 - - "POST /api_v1/userGroup/delUserGroup HTTP/1.1" 200 56 "http://localhost:3001/" "Mozilla/5.0 (Windows NT 10.0; Win64; x64) AppleWebKit/537.36 (KHTML, like Gecko) Chrome/86.0.4240.183 Safari/537.36"
[2020-11-12T12:36:59.341] [INFO] access - ::1 - - "POST /api_v1/userGroup/getUserGroupList HTTP/1.1" 200 288 "http://localhost:3001/" "Mozilla/5.0 (Windows NT 10.0; Win64; x64) AppleWebKit/537.36 (KHTML, like Gecko) Chrome/86.0.4240.183 Safari/537.36"
[2020-11-12T12:37:02.178] [INFO] access - ::1 - - "POST /api_v1/userGroup/getUserGroupList HTTP/1.1" 200 288 "http://localhost:3001/" "Mozilla/5.0 (Windows NT 10.0; Win64; x64) AppleWebKit/537.36 (KHTML, like Gecko) Chrome/86.0.4240.183 Safari/537.36"
[2020-11-12T12:37:04.598] [INFO] access - ::1 - - "POST /api_v1/userGroup/getUserGroupList HTTP/1.1" 200 302 "http://localhost:3001/" "Mozilla/5.0 (Windows NT 10.0; Win64; x64) AppleWebKit/537.36 (KHTML, like Gecko) Chrome/86.0.4240.183 Safari/537.36"
[2020-11-12T12:37:06.184] [INFO] access - ::1 - - "POST /api_v1/userGroup/getUserGroupList HTTP/1.1" 200 288 "http://localhost:3001/" "Mozilla/5.0 (Windows NT 10.0; Win64; x64) AppleWebKit/537.36 (KHTML, like Gecko) Chrome/86.0.4240.183 Safari/537.36"
[2020-11-12T12:37:08.246] [INFO] access - ::1 - - "POST /api_v1/users/getUserList HTTP/1.1" 200 1293 "http://localhost:3001/" "Mozilla/5.0 (Windows NT 10.0; Win64; x64) AppleWebKit/537.36 (KHTML, like Gecko) Chrome/86.0.4240.183 Safari/537.36"
[2020-11-12T12:37:09.237] [INFO] access - ::1 - - "POST /api_v1/userGroup/getUserGroupList HTTP/1.1" 200 288 "http://localhost:3001/" "Mozilla/5.0 (Windows NT 10.0; Win64; x64) AppleWebKit/537.36 (KHTML, like Gecko) Chrome/86.0.4240.183 Safari/537.36"
[2020-11-12T12:37:12.075] [INFO] access - ::1 - - "POST /api_v1/userGroup/getUserGroupList HTTP/1.1" 200 302 "http://localhost:3001/" "Mozilla/5.0 (Windows NT 10.0; Win64; x64) AppleWebKit/537.36 (KHTML, like Gecko) Chrome/86.0.4240.183 Safari/537.36"
[2020-11-12T12:37:43.250] [INFO] access - ::1 - - "POST /api_v1/userGroup/getUserGroupList HTTP/1.1" 200 288 "http://localhost:3001/" "Mozilla/5.0 (Windows NT 10.0; Win64; x64) AppleWebKit/537.36 (KHTML, like Gecko) Chrome/86.0.4240.183 Safari/537.36"
[2020-11-12T12:37:44.459] [INFO] access - ::1 - - "POST /api_v1/userGroup/getUserGroupList HTTP/1.1" 200 302 "http://localhost:3001/" "Mozilla/5.0 (Windows NT 10.0; Win64; x64) AppleWebKit/537.36 (KHTML, like Gecko) Chrome/86.0.4240.183 Safari/537.36"
[2020-11-12T12:37:45.901] [INFO] access - ::1 - - "POST /api_v1/userGroup/getUserGroupList HTTP/1.1" 200 288 "http://localhost:3001/" "Mozilla/5.0 (Windows NT 10.0; Win64; x64) AppleWebKit/537.36 (KHTML, like Gecko) Chrome/86.0.4240.183 Safari/537.36"
[2020-11-12T12:37:48.321] [INFO] access - ::1 - - "POST /api_v1/users/getUserList HTTP/1.1" 200 1293 "http://localhost:3001/" "Mozilla/5.0 (Windows NT 10.0; Win64; x64) AppleWebKit/537.36 (KHTML, like Gecko) Chrome/86.0.4240.183 Safari/537.36"
[2020-11-12T12:37:51.217] [INFO] access - ::1 - - "POST /api_v1/users/getUserList HTTP/1.1" 200 90 "http://localhost:3001/" "Mozilla/5.0 (Windows NT 10.0; Win64; x64) AppleWebKit/537.36 (KHTML, like Gecko) Chrome/86.0.4240.183 Safari/537.36"
[2020-11-12T12:37:53.239] [INFO] access - ::1 - - "POST /api_v1/users/getUserList HTTP/1.1" 200 395 "http://localhost:3001/" "Mozilla/5.0 (Windows NT 10.0; Win64; x64) AppleWebKit/537.36 (KHTML, like Gecko) Chrome/86.0.4240.183 Safari/537.36"
[2020-11-12T12:37:56.106] [INFO] access - ::1 - - "POST /api_v1/users/getUserList HTTP/1.1" 200 1293 "http://localhost:3001/" "Mozilla/5.0 (Windows NT 10.0; Win64; x64) AppleWebKit/537.36 (KHTML, like Gecko) Chrome/86.0.4240.183 Safari/537.36"
[2020-11-12T12:37:57.929] [INFO] access - ::1 - - "POST /api_v1/userGroup/getUserGroupList HTTP/1.1" 200 288 "http://localhost:3001/" "Mozilla/5.0 (Windows NT 10.0; Win64; x64) AppleWebKit/537.36 (KHTML, like Gecko) Chrome/86.0.4240.183 Safari/537.36"
[2020-11-12T12:37:59.378] [INFO] access - ::1 - - "POST /api_v1/users/getUserList HTTP/1.1" 200 1293 "http://localhost:3001/" "Mozilla/5.0 (Windows NT 10.0; Win64; x64) AppleWebKit/537.36 (KHTML, like Gecko) Chrome/86.0.4240.183 Safari/537.36"
[2020-11-12T14:05:56.411] [INFO] access - ::1 - - "POST /api_v1/users/getUserList HTTP/1.1" 200 1293 "http://localhost:3001/" "Mozilla/5.0 (Windows NT 10.0; Win64; x64) AppleWebKit/537.36 (KHTML, like Gecko) Chrome/86.0.4240.183 Safari/537.36"
[2020-11-12T14:06:00.445] [INFO] access - ::1 - - "POST /api_v1/userGroup/getUserGroupList HTTP/1.1" 200 288 "http://localhost:3001/" "Mozilla/5.0 (Windows NT 10.0; Win64; x64) AppleWebKit/537.36 (KHTML, like Gecko) Chrome/86.0.4240.183 Safari/537.36"
[2020-11-12T14:13:19.495] [INFO] access - ::1 - - "POST /api_v1/userGroup/getUserGroupList HTTP/1.1" 200 288 "http://localhost:3001/" "Mozilla/5.0 (Windows NT 10.0; Win64; x64) AppleWebKit/537.36 (KHTML, like Gecko) Chrome/86.0.4240.183 Safari/537.36"
[2020-11-12T14:13:31.584] [INFO] access - ::1 - - "POST /api_v1/userGroup/getUserGroupList HTTP/1.1" 200 288 "http://localhost:3001/" "Mozilla/5.0 (Windows NT 10.0; Win64; x64) AppleWebKit/537.36 (KHTML, like Gecko) Chrome/86.0.4240.183 Safari/537.36"
[2020-11-12T14:20:12.775] [INFO] access - ::1 - - "POST /api_v1/userGroup/getCategoryList HTTP/1.1" 404 - "http://localhost:3001/" "Mozilla/5.0 (Windows NT 10.0; Win64; x64) AppleWebKit/537.36 (KHTML, like Gecko) Chrome/86.0.4240.183 Safari/537.36"
[2020-11-12T14:20:55.284] [INFO] access - ::1 - - "POST /api_v1/category/getCategoryList HTTP/1.1" 200 418 "http://localhost:3001/" "Mozilla/5.0 (Windows NT 10.0; Win64; x64) AppleWebKit/537.36 (KHTML, like Gecko) Chrome/86.0.4240.183 Safari/537.36"
[2020-11-12T14:24:08.630] [INFO] access - ::1 - - "POST /api_v1/category/getCategoryList HTTP/1.1" 200 418 "http://localhost:3001/" "Mozilla/5.0 (Windows NT 10.0; Win64; x64) AppleWebKit/537.36 (KHTML, like Gecko) Chrome/86.0.4240.183 Safari/537.36"
[2020-11-12T14:24:14.155] [INFO] access - ::1 - - "POST /api_v1/category/getCategoryList HTTP/1.1" 200 418 "http://localhost:3001/" "Mozilla/5.0 (Windows NT 10.0; Win64; x64) AppleWebKit/537.36 (KHTML, like Gecko) Chrome/86.0.4240.183 Safari/537.36"
[2020-11-12T14:24:39.023] [INFO] access - ::1 - - "POST /api_v1/category/getCategoryList HTTP/1.1" 200 418 "http://localhost:3001/" "Mozilla/5.0 (Windows NT 10.0; Win64; x64) AppleWebKit/537.36 (KHTML, like Gecko) Chrome/86.0.4240.183 Safari/537.36"
[2020-11-12T14:27:24.830] [INFO] access - ::1 - - "POST /api_v1/category/getCategoryList HTTP/1.1" 200 418 "http://localhost:3001/" "Mozilla/5.0 (Windows NT 10.0; Win64; x64) AppleWebKit/537.36 (KHTML, like Gecko) Chrome/86.0.4240.183 Safari/537.36"
[2020-11-12T14:27:29.935] [INFO] access - ::1 - - "POST /api_v1/category/insertCategory HTTP/1.1" 200 172 "http://localhost:3001/" "Mozilla/5.0 (Windows NT 10.0; Win64; x64) AppleWebKit/537.36 (KHTML, like Gecko) Chrome/86.0.4240.183 Safari/537.36"
[2020-11-12T14:27:29.991] [INFO] access - ::1 - - "POST /api_v1/category/getCategoryList HTTP/1.1" 200 592 "http://localhost:3001/" "Mozilla/5.0 (Windows NT 10.0; Win64; x64) AppleWebKit/537.36 (KHTML, like Gecko) Chrome/86.0.4240.183 Safari/537.36"
[2020-11-12T14:27:52.980] [INFO] access - ::1 - - "POST /api_v1/category/getCategoryList HTTP/1.1" 200 592 "http://localhost:3001/" "Mozilla/5.0 (Windows NT 10.0; Win64; x64) AppleWebKit/537.36 (KHTML, like Gecko) Chrome/86.0.4240.183 Safari/537.36"
[2020-11-12T14:28:48.478] [INFO] access - ::1 - - "POST /api_v1/category/getCategoryList HTTP/1.1" 200 592 "http://localhost:3001/" "Mozilla/5.0 (Windows NT 10.0; Win64; x64) AppleWebKit/537.36 (KHTML, like Gecko) Chrome/86.0.4240.183 Safari/537.36"
[2020-11-12T14:28:50.755] [INFO] access - ::1 - - "POST /api_v1/category/editCategory HTTP/1.1" 200 56 "http://localhost:3001/" "Mozilla/5.0 (Windows NT 10.0; Win64; x64) AppleWebKit/537.36 (KHTML, like Gecko) Chrome/86.0.4240.183 Safari/537.36"
[2020-11-12T14:28:50.768] [INFO] access - ::1 - - "POST /api_v1/category/getCategoryList HTTP/1.1" 200 612 "http://localhost:3001/" "Mozilla/5.0 (Windows NT 10.0; Win64; x64) AppleWebKit/537.36 (KHTML, like Gecko) Chrome/86.0.4240.183 Safari/537.36"
[2020-11-12T14:28:53.666] [INFO] access - ::1 - - "POST /api_v1/category/editCategory HTTP/1.1" 200 56 "http://localhost:3001/" "Mozilla/5.0 (Windows NT 10.0; Win64; x64) AppleWebKit/537.36 (KHTML, like Gecko) Chrome/86.0.4240.183 Safari/537.36"
[2020-11-12T14:28:53.681] [INFO] access - ::1 - - "POST /api_v1/category/getCategoryList HTTP/1.1" 200 615 "http://localhost:3001/" "Mozilla/5.0 (Windows NT 10.0; Win64; x64) AppleWebKit/537.36 (KHTML, like Gecko) Chrome/86.0.4240.183 Safari/537.36"
[2020-11-12T14:28:56.212] [INFO] access - ::1 - - "POST /api_v1/category/delCategory HTTP/1.1" 200 56 "http://localhost:3001/" "Mozilla/5.0 (Windows NT 10.0; Win64; x64) AppleWebKit/537.36 (KHTML, like Gecko) Chrome/86.0.4240.183 Safari/537.36"
[2020-11-12T14:28:56.220] [INFO] access - ::1 - - "POST /api_v1/category/getCategoryList HTTP/1.1" 200 418 "http://localhost:3001/" "Mozilla/5.0 (Windows NT 10.0; Win64; x64) AppleWebKit/537.36 (KHTML, like Gecko) Chrome/86.0.4240.183 Safari/537.36"
[2020-11-12T14:28:57.968] [INFO] access - ::1 - - "POST /api_v1/category/getCategoryList HTTP/1.1" 200 418 "http://localhost:3001/" "Mozilla/5.0 (Windows NT 10.0; Win64; x64) AppleWebKit/537.36 (KHTML, like Gecko) Chrome/86.0.4240.183 Safari/537.36"
[2020-11-12T14:29:20.336] [INFO] access - ::1 - - "POST /api_v1/category/getCategoryList HTTP/1.1" 200 418 "http://localhost:3001/" "Mozilla/5.0 (Windows NT 10.0; Win64; x64) AppleWebKit/537.36 (KHTML, like Gecko) Chrome/86.0.4240.183 Safari/537.36"
[2020-11-12T14:29:23.511] [INFO] access - ::1 - - "POST /api_v1/category/getCategoryList HTTP/1.1" 200 418 "http://localhost:3001/" "Mozilla/5.0 (Windows NT 10.0; Win64; x64) AppleWebKit/537.36 (KHTML, like Gecko) Chrome/86.0.4240.183 Safari/537.36"
[2020-11-12T14:29:50.604] [INFO] access - ::1 - - "POST /api_v1/category/getCategoryList HTTP/1.1" 200 418 "http://localhost:3001/" "Mozilla/5.0 (Windows NT 10.0; Win64; x64) AppleWebKit/537.36 (KHTML, like Gecko) Chrome/86.0.4240.183 Safari/537.36"
[2020-11-12T14:29:51.354] [INFO] access - ::1 - - "POST /api_v1/category/getCategoryList HTTP/1.1" 200 290 "http://localhost:3001/" "Mozilla/5.0 (Windows NT 10.0; Win64; x64) AppleWebKit/537.36 (KHTML, like Gecko) Chrome/86.0.4240.183 Safari/537.36"
[2020-11-12T14:29:52.881] [INFO] access - ::1 - - "POST /api_v1/category/getCategoryList HTTP/1.1" 200 418 "http://localhost:3001/" "Mozilla/5.0 (Windows NT 10.0; Win64; x64) AppleWebKit/537.36 (KHTML, like Gecko) Chrome/86.0.4240.183 Safari/537.36"
[2020-11-12T14:29:54.177] [INFO] access - ::1 - - "POST /api_v1/category/getCategoryList HTTP/1.1" 200 290 "http://localhost:3001/" "Mozilla/5.0 (Windows NT 10.0; Win64; x64) AppleWebKit/537.36 (KHTML, like Gecko) Chrome/86.0.4240.183 Safari/537.36"
[2020-11-12T14:29:55.380] [INFO] access - ::1 - - "POST /api_v1/category/getCategoryList HTTP/1.1" 200 418 "http://localhost:3001/" "Mozilla/5.0 (Windows NT 10.0; Win64; x64) AppleWebKit/537.36 (KHTML, like Gecko) Chrome/86.0.4240.183 Safari/537.36"
[2020-11-12T14:31:05.029] [INFO] access - ::1 - - "POST /api_v1/category/getCategoryList HTTP/1.1" 200 418 "http://localhost:3001/" "Mozilla/5.0 (Windows NT 10.0; Win64; x64) AppleWebKit/537.36 (KHTML, like Gecko) Chrome/86.0.4240.183 Safari/537.36"
[2020-11-12T14:31:06.853] [INFO] access - ::1 - - "POST /api_v1/category/getCategoryList HTTP/1.1" 200 290 "http://localhost:3001/" "Mozilla/5.0 (Windows NT 10.0; Win64; x64) AppleWebKit/537.36 (KHTML, like Gecko) Chrome/86.0.4240.183 Safari/537.36"
[2020-11-12T14:31:09.090] [INFO] access - ::1 - - "POST /api_v1/category/editCategory HTTP/1.1" 200 56 "http://localhost:3001/" "Mozilla/5.0 (Windows NT 10.0; Win64; x64) AppleWebKit/537.36 (KHTML, like Gecko) Chrome/86.0.4240.183 Safari/537.36"
[2020-11-12T14:31:09.108] [INFO] access - ::1 - - "POST /api_v1/category/getCategoryList HTTP/1.1" 200 90 "http://localhost:3001/" "Mozilla/5.0 (Windows NT 10.0; Win64; x64) AppleWebKit/537.36 (KHTML, like Gecko) Chrome/86.0.4240.183 Safari/537.36"
[2020-11-12T14:31:10.788] [INFO] access - ::1 - - "POST /api_v1/category/getCategoryList HTTP/1.1" 200 615 "http://localhost:3001/" "Mozilla/5.0 (Windows NT 10.0; Win64; x64) AppleWebKit/537.36 (KHTML, like Gecko) Chrome/86.0.4240.183 Safari/537.36"
[2020-11-12T14:32:29.185] [INFO] access - ::1 - - "POST /api_v1/category/getCategoryList HTTP/1.1" 200 615 "http://localhost:3001/" "Mozilla/5.0 (Windows NT 10.0; Win64; x64) AppleWebKit/537.36 (KHTML, like Gecko) Chrome/86.0.4240.183 Safari/537.36"
[2020-11-12T14:33:24.784] [INFO] access - ::1 - - "POST /api_v1/category/getCategoryList HTTP/1.1" 200 615 "http://localhost:3001/" "Mozilla/5.0 (Windows NT 10.0; Win64; x64) AppleWebKit/537.36 (KHTML, like Gecko) Chrome/86.0.4240.183 Safari/537.36"
[2020-11-12T14:34:05.874] [INFO] access - ::1 - - "POST /api_v1/category/getCategoryList HTTP/1.1" 200 615 "http://localhost:3001/" "Mozilla/5.0 (Windows NT 10.0; Win64; x64) AppleWebKit/537.36 (KHTML, like Gecko) Chrome/86.0.4240.183 Safari/537.36"
[2020-11-12T14:34:29.386] [INFO] access - ::1 - - "POST /api_v1/users/getUserList HTTP/1.1" 200 1293 "http://localhost:3001/" "Mozilla/5.0 (Windows NT 10.0; Win64; x64) AppleWebKit/537.36 (KHTML, like Gecko) Chrome/86.0.4240.183 Safari/537.36"
[2020-11-12T14:34:32.713] [INFO] access - ::1 - - "POST /api_v1/userGroup/getUserGroupList HTTP/1.1" 200 288 "http://localhost:3001/" "Mozilla/5.0 (Windows NT 10.0; Win64; x64) AppleWebKit/537.36 (KHTML, like Gecko) Chrome/86.0.4240.183 Safari/537.36"
[2020-11-12T14:34:36.467] [INFO] access - ::1 - - "POST /api_v1/category/getCategoryList HTTP/1.1" 200 615 "http://localhost:3001/" "Mozilla/5.0 (Windows NT 10.0; Win64; x64) AppleWebKit/537.36 (KHTML, like Gecko) Chrome/86.0.4240.183 Safari/537.36"
[2020-11-12T14:35:11.303] [INFO] access - ::1 - - "POST /api_v1/userGroup/getUserGroupList HTTP/1.1" 200 288 "http://localhost:3001/" "Mozilla/5.0 (Windows NT 10.0; Win64; x64) AppleWebKit/537.36 (KHTML, like Gecko) Chrome/86.0.4240.183 Safari/537.36"
[2020-11-12T14:35:31.401] [INFO] access - ::1 - - "POST /api_v1/users/getUserList HTTP/1.1" 200 1293 "http://localhost:3001/" "Mozilla/5.0 (Windows NT 10.0; Win64; x64) AppleWebKit/537.36 (KHTML, like Gecko) Chrome/86.0.4240.183 Safari/537.36"
[2020-11-12T14:36:21.259] [INFO] access - ::1 - - "POST /api_v1/userGroup/getUserGroupList HTTP/1.1" 200 288 "http://localhost:3001/" "Mozilla/5.0 (Windows NT 10.0; Win64; x64) AppleWebKit/537.36 (KHTML, like Gecko) Chrome/86.0.4240.183 Safari/537.36"
[2020-11-12T14:36:23.371] [INFO] access - ::1 - - "POST /api_v1/category/getCategoryList HTTP/1.1" 200 615 "http://localhost:3001/" "Mozilla/5.0 (Windows NT 10.0; Win64; x64) AppleWebKit/537.36 (KHTML, like Gecko) Chrome/86.0.4240.183 Safari/537.36"
[2020-11-12T14:38:13.393] [INFO] access - ::1 - - "POST /api_v1/category/getCategoryList HTTP/1.1" 200 615 "http://localhost:3001/" "Mozilla/5.0 (Windows NT 10.0; Win64; x64) AppleWebKit/537.36 (KHTML, like Gecko) Chrome/86.0.4240.183 Safari/537.36"
[2020-11-12T14:40:26.274] [INFO] access - ::1 - - "POST /api_v1/category/getCategoryList HTTP/1.1" 200 615 "http://localhost:3001/" "Mozilla/5.0 (Windows NT 10.0; Win64; x64) AppleWebKit/537.36 (KHTML, like Gecko) Chrome/86.0.4240.183 Safari/537.36"
[2020-11-12T14:40:34.093] [INFO] access - ::1 - - "POST /api_v1/category/insertCategory HTTP/1.1" 200 178 "http://localhost:3001/" "Mozilla/5.0 (Windows NT 10.0; Win64; x64) AppleWebKit/537.36 (KHTML, like Gecko) Chrome/86.0.4240.183 Safari/537.36"
[2020-11-12T14:40:34.108] [INFO] access - ::1 - - "POST /api_v1/category/getCategoryList HTTP/1.1" 200 793 "http://localhost:3001/" "Mozilla/5.0 (Windows NT 10.0; Win64; x64) AppleWebKit/537.36 (KHTML, like Gecko) Chrome/86.0.4240.183 Safari/537.36"
[2020-11-12T14:40:39.774] [INFO] access - ::1 - - "POST /api_v1/category/insertCategory HTTP/1.1" 200 177 "http://localhost:3001/" "Mozilla/5.0 (Windows NT 10.0; Win64; x64) AppleWebKit/537.36 (KHTML, like Gecko) Chrome/86.0.4240.183 Safari/537.36"
[2020-11-12T14:40:39.788] [INFO] access - ::1 - - "POST /api_v1/category/getCategoryList HTTP/1.1" 200 793 "http://localhost:3001/" "Mozilla/5.0 (Windows NT 10.0; Win64; x64) AppleWebKit/537.36 (KHTML, like Gecko) Chrome/86.0.4240.183 Safari/537.36"
[2020-11-12T14:40:46.333] [INFO] access - ::1 - - "POST /api_v1/category/getCategoryList HTTP/1.1" 200 793 "http://localhost:3001/" "Mozilla/5.0 (Windows NT 10.0; Win64; x64) AppleWebKit/537.36 (KHTML, like Gecko) Chrome/86.0.4240.183 Safari/537.36"
[2020-11-12T14:41:22.936] [INFO] access - ::1 - - "POST /api_v1/category/getCategoryList HTTP/1.1" 200 970 "http://localhost:3001/" "Mozilla/5.0 (Windows NT 10.0; Win64; x64) AppleWebKit/537.36 (KHTML, like Gecko) Chrome/86.0.4240.183 Safari/537.36"
[2020-11-12T14:42:16.183] [INFO] access - ::1 - - "POST /api_v1/category/getCategoryList HTTP/1.1" 200 90 "http://localhost:3001/" "Mozilla/5.0 (Windows NT 10.0; Win64; x64) AppleWebKit/537.36 (KHTML, like Gecko) Chrome/86.0.4240.183 Safari/537.36"
[2020-11-12T14:42:17.023] [INFO] access - ::1 - - "POST /api_v1/category/getCategoryList HTTP/1.1" 200 970 "http://localhost:3001/" "Mozilla/5.0 (Windows NT 10.0; Win64; x64) AppleWebKit/537.36 (KHTML, like Gecko) Chrome/86.0.4240.183 Safari/537.36"
[2020-11-12T14:42:30.599] [INFO] access - ::1 - - "POST /api_v1/category/getCategoryList HTTP/1.1" 200 970 "http://localhost:3001/" "Mozilla/5.0 (Windows NT 10.0; Win64; x64) AppleWebKit/537.36 (KHTML, like Gecko) Chrome/86.0.4240.183 Safari/537.36"
[2020-11-12T14:42:58.305] [INFO] access - ::1 - - "POST /api_v1/category/getCategoryList HTTP/1.1" 200 970 "http://localhost:3001/" "Mozilla/5.0 (Windows NT 10.0; Win64; x64) AppleWebKit/537.36 (KHTML, like Gecko) Chrome/86.0.4240.183 Safari/537.36"
[2020-11-12T14:45:08.666] [INFO] access - ::1 - - "POST /api_v1/category/getCategoryList HTTP/1.1" 200 970 "http://localhost:3001/" "Mozilla/5.0 (Windows NT 10.0; Win64; x64) AppleWebKit/537.36 (KHTML, like Gecko) Chrome/86.0.4240.183 Safari/537.36"
[2020-11-12T14:45:18.766] [INFO] access - ::1 - - "POST /api_v1/category/getCategoryList HTTP/1.1" 200 970 "http://localhost:3001/" "Mozilla/5.0 (Windows NT 10.0; Win64; x64) AppleWebKit/537.36 (KHTML, like Gecko) Chrome/86.0.4240.183 Safari/537.36"
[2020-11-12T14:56:06.047] [INFO] access - ::1 - - "POST /api_v1/category/getCategoryList HTTP/1.1" 200 970 "http://localhost:3001/" "Mozilla/5.0 (Windows NT 10.0; Win64; x64) AppleWebKit/537.36 (KHTML, like Gecko) Chrome/86.0.4240.183 Safari/537.36"
[2020-11-12T14:56:58.577] [INFO] access - ::1 - - "POST /api_v1/category/getCategoryList HTTP/1.1" 200 970 "http://localhost:3001/" "Mozilla/5.0 (Windows NT 10.0; Win64; x64) AppleWebKit/537.36 (KHTML, like Gecko) Chrome/86.0.4240.183 Safari/537.36"
[2020-11-12T14:57:36.471] [INFO] access - ::1 - - "POST /api_v1/category/getCategoryList HTTP/1.1" 500 62 "http://localhost:3001/" "Mozilla/5.0 (Windows NT 10.0; Win64; x64) AppleWebKit/537.36 (KHTML, like Gecko) Chrome/86.0.4240.183 Safari/537.36"
[2020-11-12T14:57:42.987] [INFO] access - ::1 - - "POST /api_v1/category/getCategoryList HTTP/1.1" 200 970 "http://localhost:3001/" "Mozilla/5.0 (Windows NT 10.0; Win64; x64) AppleWebKit/537.36 (KHTML, like Gecko) Chrome/86.0.4240.183 Safari/537.36"
[2020-11-12T14:57:54.242] [INFO] access - ::1 - - "POST /api_v1/category/getCategoryList HTTP/1.1" 200 970 "http://localhost:3001/" "Mozilla/5.0 (Windows NT 10.0; Win64; x64) AppleWebKit/537.36 (KHTML, like Gecko) Chrome/86.0.4240.183 Safari/537.36"
[2020-11-12T15:02:56.952] [INFO] access - ::1 - - "POST /api_v1/category/getCategoryList HTTP/1.1" 200 970 "http://localhost:3001/" "Mozilla/5.0 (Windows NT 10.0; Win64; x64) AppleWebKit/537.36 (KHTML, like Gecko) Chrome/86.0.4240.183 Safari/537.36"
[2020-11-12T15:03:28.822] [INFO] access - ::1 - - "POST /api_v1/category/getCategoryList HTTP/1.1" 200 970 "http://localhost:3001/" "Mozilla/5.0 (Windows NT 10.0; Win64; x64) AppleWebKit/537.36 (KHTML, like Gecko) Chrome/86.0.4240.183 Safari/537.36"
[2020-11-12T15:03:52.778] [INFO] access - ::1 - - "POST /api_v1/category/getCategoryList HTTP/1.1" 200 970 "http://localhost:3001/" "Mozilla/5.0 (Windows NT 10.0; Win64; x64) AppleWebKit/537.36 (KHTML, like Gecko) Chrome/86.0.4240.183 Safari/537.36"
[2020-11-12T15:05:10.450] [INFO] access - ::1 - - "POST /api_v1/category/getCategoryList HTTP/1.1" 200 970 "http://localhost:3001/" "Mozilla/5.0 (Windows NT 10.0; Win64; x64) AppleWebKit/537.36 (KHTML, like Gecko) Chrome/86.0.4240.183 Safari/537.36"
[2020-11-12T15:05:27.972] [INFO] access - ::1 - - "POST /api_v1/category/getCategoryList HTTP/1.1" 200 970 "http://localhost:3001/" "Mozilla/5.0 (Windows NT 10.0; Win64; x64) AppleWebKit/537.36 (KHTML, like Gecko) Chrome/86.0.4240.183 Safari/537.36"
[2020-11-12T15:06:00.143] [INFO] access - ::1 - - "POST /api_v1/category/getCategoryList HTTP/1.1" 200 970 "http://localhost:3001/" "Mozilla/5.0 (Windows NT 10.0; Win64; x64) AppleWebKit/537.36 (KHTML, like Gecko) Chrome/86.0.4240.183 Safari/537.36"
[2020-11-12T15:06:33.226] [INFO] access - ::1 - - "POST /api_v1/category/getCategoryList HTTP/1.1" 200 970 "http://localhost:3001/" "Mozilla/5.0 (Windows NT 10.0; Win64; x64) AppleWebKit/537.36 (KHTML, like Gecko) Chrome/86.0.4240.183 Safari/537.36"
[2020-11-12T15:07:03.641] [INFO] access - ::1 - - "POST /api_v1/category/getCategoryList HTTP/1.1" 200 970 "http://localhost:3001/" "Mozilla/5.0 (Windows NT 10.0; Win64; x64) AppleWebKit/537.36 (KHTML, like Gecko) Chrome/86.0.4240.183 Safari/537.36"
[2020-11-12T15:07:20.156] [INFO] access - ::1 - - "POST /api_v1/category/getCategoryList HTTP/1.1" 200 970 "http://localhost:3001/" "Mozilla/5.0 (Windows NT 10.0; Win64; x64) AppleWebKit/537.36 (KHTML, like Gecko) Chrome/86.0.4240.183 Safari/537.36"
[2020-11-12T15:11:25.625] [INFO] access - ::1 - - "POST /api_v1/category/getCategoryList HTTP/1.1" 200 970 "http://localhost:3001/" "Mozilla/5.0 (Windows NT 10.0; Win64; x64) AppleWebKit/537.36 (KHTML, like Gecko) Chrome/86.0.4240.183 Safari/537.36"
[2020-11-12T15:13:53.754] [INFO] access - ::1 - - "POST /api_v1/category/getCategoryList HTTP/1.1" 200 970 "http://localhost:3001/" "Mozilla/5.0 (Windows NT 10.0; Win64; x64) AppleWebKit/537.36 (KHTML, like Gecko) Chrome/86.0.4240.183 Safari/537.36"
[2020-11-12T15:14:12.430] [INFO] access - ::1 - - "POST /api_v1/category/getCategoryList HTTP/1.1" 200 970 "http://localhost:3001/" "Mozilla/5.0 (Windows NT 10.0; Win64; x64) AppleWebKit/537.36 (KHTML, like Gecko) Chrome/86.0.4240.183 Safari/537.36"
[2020-11-12T15:19:35.550] [INFO] access - ::1 - - "POST /api_v1/category/getCategoryList HTTP/1.1" 200 970 "http://localhost:3001/" "Mozilla/5.0 (Windows NT 10.0; Win64; x64) AppleWebKit/537.36 (KHTML, like Gecko) Chrome/86.0.4240.183 Safari/537.36"
[2020-11-12T15:41:21.785] [INFO] access - ::1 - - "POST /api_v1/category/getCategoryList HTTP/1.1" 200 970 "http://localhost:3001/" "Mozilla/5.0 (Windows NT 10.0; Win64; x64) AppleWebKit/537.36 (KHTML, like Gecko) Chrome/86.0.4240.183 Safari/537.36"
[2020-11-12T15:43:03.684] [INFO] access - ::1 - - "POST /api_v1/category/getCategoryList HTTP/1.1" 200 970 "http://localhost:3001/" "Mozilla/5.0 (Windows NT 10.0; Win64; x64) AppleWebKit/537.36 (KHTML, like Gecko) Chrome/86.0.4240.183 Safari/537.36"
[2020-11-12T15:43:30.969] [INFO] access - ::1 - - "POST /api_v1/category/getCategoryList HTTP/1.1" 200 970 "http://localhost:3001/" "Mozilla/5.0 (Windows NT 10.0; Win64; x64) AppleWebKit/537.36 (KHTML, like Gecko) Chrome/86.0.4240.183 Safari/537.36"
[2020-11-12T15:43:50.967] [INFO] access - ::1 - - "POST /api_v1/category/getCategoryList HTTP/1.1" 500 70 "http://localhost:3001/" "Mozilla/5.0 (Windows NT 10.0; Win64; x64) AppleWebKit/537.36 (KHTML, like Gecko) Chrome/86.0.4240.183 Safari/537.36"
[2020-11-12T15:44:12.117] [INFO] access - ::1 - - "POST /api_v1/category/getCategoryList HTTP/1.1" 200 970 "http://localhost:3001/" "Mozilla/5.0 (Windows NT 10.0; Win64; x64) AppleWebKit/537.36 (KHTML, like Gecko) Chrome/86.0.4240.183 Safari/537.36"
[2020-11-12T15:44:38.867] [INFO] access - ::1 - - "POST /api_v1/category/getCategoryList HTTP/1.1" 200 970 "http://localhost:3001/" "Mozilla/5.0 (Windows NT 10.0; Win64; x64) AppleWebKit/537.36 (KHTML, like Gecko) Chrome/86.0.4240.183 Safari/537.36"
[2020-11-12T15:45:04.867] [INFO] access - ::1 - - "POST /api_v1/category/getCategoryList HTTP/1.1" 200 970 "http://localhost:3001/" "Mozilla/5.0 (Windows NT 10.0; Win64; x64) AppleWebKit/537.36 (KHTML, like Gecko) Chrome/86.0.4240.183 Safari/537.36"
[2020-11-12T15:45:48.593] [INFO] access - ::1 - - "POST /api_v1/category/getCategoryList HTTP/1.1" 200 970 "http://localhost:3001/" "Mozilla/5.0 (Windows NT 10.0; Win64; x64) AppleWebKit/537.36 (KHTML, like Gecko) Chrome/86.0.4240.183 Safari/537.36"
[2020-11-12T15:46:16.373] [INFO] access - ::1 - - "POST /api_v1/category/getCategoryList HTTP/1.1" 200 970 "http://localhost:3001/" "Mozilla/5.0 (Windows NT 10.0; Win64; x64) AppleWebKit/537.36 (KHTML, like Gecko) Chrome/86.0.4240.183 Safari/537.36"
[2020-11-12T15:49:02.089] [INFO] access - ::1 - - "POST /api_v1/category/getCategoryList HTTP/1.1" 200 970 "http://localhost:3001/" "Mozilla/5.0 (Windows NT 10.0; Win64; x64) AppleWebKit/537.36 (KHTML, like Gecko) Chrome/86.0.4240.183 Safari/537.36"
[2020-11-12T15:53:10.683] [INFO] access - ::1 - - "POST /api_v1/category/getCategoryList HTTP/1.1" 200 970 "http://localhost:3001/" "Mozilla/5.0 (Windows NT 10.0; Win64; x64) AppleWebKit/537.36 (KHTML, like Gecko) Chrome/86.0.4240.183 Safari/537.36"
[2020-11-12T15:53:25.029] [INFO] access - ::1 - - "POST /api_v1/category/getCategoryList HTTP/1.1" 200 970 "http://localhost:3001/" "Mozilla/5.0 (Windows NT 10.0; Win64; x64) AppleWebKit/537.36 (KHTML, like Gecko) Chrome/86.0.4240.183 Safari/537.36"
[2020-11-12T15:53:47.478] [INFO] access - ::1 - - "POST /api_v1/category/getCategoryList HTTP/1.1" 200 970 "http://localhost:3001/" "Mozilla/5.0 (Windows NT 10.0; Win64; x64) AppleWebKit/537.36 (KHTML, like Gecko) Chrome/86.0.4240.183 Safari/537.36"
[2020-11-12T15:55:54.320] [INFO] access - ::1 - - "POST /api_v1/category/getCategoryList HTTP/1.1" 200 970 "http://localhost:3001/" "Mozilla/5.0 (Windows NT 10.0; Win64; x64) AppleWebKit/537.36 (KHTML, like Gecko) Chrome/86.0.4240.183 Safari/537.36"
[2020-11-12T15:56:49.510] [INFO] access - ::1 - - "POST /api_v1/category/getCategoryList HTTP/1.1" 200 970 "http://localhost:3001/" "Mozilla/5.0 (Windows NT 10.0; Win64; x64) AppleWebKit/537.36 (KHTML, like Gecko) Chrome/86.0.4240.183 Safari/537.36"
[2020-11-12T15:57:04.364] [INFO] access - ::1 - - "POST /api_v1/category/getCategoryList HTTP/1.1" 200 693 "http://localhost:3001/" "Mozilla/5.0 (Windows NT 10.0; Win64; x64) AppleWebKit/537.36 (KHTML, like Gecko) Chrome/86.0.4240.183 Safari/537.36"
[2020-11-12T15:57:22.589] [INFO] access - ::1 - - "POST /api_v1/category/getCategoryList HTTP/1.1" 200 693 "http://localhost:3001/" "Mozilla/5.0 (Windows NT 10.0; Win64; x64) AppleWebKit/537.36 (KHTML, like Gecko) Chrome/86.0.4240.183 Safari/537.36"
[2020-11-12T15:58:06.142] [INFO] access - ::1 - - "POST /api_v1/category/getCategoryList HTTP/1.1" 200 693 "http://localhost:3001/" "Mozilla/5.0 (Windows NT 10.0; Win64; x64) AppleWebKit/537.36 (KHTML, like Gecko) Chrome/86.0.4240.183 Safari/537.36"
[2020-11-12T15:58:38.131] [INFO] access - ::1 - - "POST /api_v1/category/getCategoryList HTTP/1.1" 200 693 "http://localhost:3001/" "Mozilla/5.0 (Windows NT 10.0; Win64; x64) AppleWebKit/537.36 (KHTML, like Gecko) Chrome/86.0.4240.183 Safari/537.36"
[2020-11-12T15:59:50.984] [INFO] access - ::1 - - "POST /api_v1/category/getCategoryList HTTP/1.1" 200 693 "http://localhost:3001/" "Mozilla/5.0 (Windows NT 10.0; Win64; x64) AppleWebKit/537.36 (KHTML, like Gecko) Chrome/86.0.4240.183 Safari/537.36"
[2020-11-12T16:00:19.715] [INFO] access - ::1 - - "POST /api_v1/category/getCategoryList HTTP/1.1" 200 693 "http://localhost:3001/" "Mozilla/5.0 (Windows NT 10.0; Win64; x64) AppleWebKit/537.36 (KHTML, like Gecko) Chrome/86.0.4240.183 Safari/537.36"
[2020-11-12T16:00:56.357] [INFO] access - ::1 - - "POST /api_v1/category/getCategoryList HTTP/1.1" 200 693 "http://localhost:3001/" "Mozilla/5.0 (Windows NT 10.0; Win64; x64) AppleWebKit/537.36 (KHTML, like Gecko) Chrome/86.0.4240.183 Safari/537.36"
[2020-11-12T16:02:28.189] [INFO] access - ::1 - - "POST /api_v1/category/getCategoryList HTTP/1.1" 200 693 "http://localhost:3001/" "Mozilla/5.0 (Windows NT 10.0; Win64; x64) AppleWebKit/537.36 (KHTML, like Gecko) Chrome/86.0.4240.183 Safari/537.36"
[2020-11-12T16:02:54.013] [INFO] access - ::1 - - "POST /api_v1/category/getCategoryList HTTP/1.1" 200 693 "http://localhost:3001/" "Mozilla/5.0 (Windows NT 10.0; Win64; x64) AppleWebKit/537.36 (KHTML, like Gecko) Chrome/86.0.4240.183 Safari/537.36"
[2020-11-12T16:04:29.735] [INFO] access - ::1 - - "POST /api_v1/category/getCategoryList HTTP/1.1" 200 693 "http://localhost:3001/" "Mozilla/5.0 (Windows NT 10.0; Win64; x64) AppleWebKit/537.36 (KHTML, like Gecko) Chrome/86.0.4240.183 Safari/537.36"
[2020-11-12T16:05:03.369] [INFO] access - ::1 - - "POST /api_v1/category/getCategoryList HTTP/1.1" 200 693 "http://localhost:3001/" "Mozilla/5.0 (Windows NT 10.0; Win64; x64) AppleWebKit/537.36 (KHTML, like Gecko) Chrome/86.0.4240.183 Safari/537.36"
[2020-11-12T16:05:45.028] [INFO] access - ::1 - - "POST /api_v1/category/getCategoryList HTTP/1.1" 200 980 "http://localhost:3001/" "Mozilla/5.0 (Windows NT 10.0; Win64; x64) AppleWebKit/537.36 (KHTML, like Gecko) Chrome/86.0.4240.183 Safari/537.36"
[2020-11-12T16:06:26.590] [INFO] access - ::1 - - "POST /api_v1/category/getCategoryList HTTP/1.1" 200 98 "http://localhost:3001/" "Mozilla/5.0 (Windows NT 10.0; Win64; x64) AppleWebKit/537.36 (KHTML, like Gecko) Chrome/86.0.4240.183 Safari/537.36"
[2020-11-12T16:06:49.172] [INFO] access - ::1 - - "POST /api_v1/category/getCategoryList HTTP/1.1" 200 693 "http://localhost:3001/" "Mozilla/5.0 (Windows NT 10.0; Win64; x64) AppleWebKit/537.36 (KHTML, like Gecko) Chrome/86.0.4240.183 Safari/537.36"
[2020-11-12T16:10:56.633] [INFO] access - ::1 - - "POST /api_v1/category/getCategoryList HTTP/1.1" 200 693 "http://localhost:3001/" "Mozilla/5.0 (Windows NT 10.0; Win64; x64) AppleWebKit/537.36 (KHTML, like Gecko) Chrome/86.0.4240.183 Safari/537.36"
[2020-11-12T16:11:26.162] [INFO] access - ::1 - - "POST /api_v1/category/getCategoryList HTTP/1.1" 200 693 "http://localhost:3001/" "Mozilla/5.0 (Windows NT 10.0; Win64; x64) AppleWebKit/537.36 (KHTML, like Gecko) Chrome/86.0.4240.183 Safari/537.36"
[2020-11-12T16:12:18.315] [INFO] access - ::1 - - "POST /api_v1/category/getCategoryList HTTP/1.1" 200 693 "http://localhost:3001/" "Mozilla/5.0 (Windows NT 10.0; Win64; x64) AppleWebKit/537.36 (KHTML, like Gecko) Chrome/86.0.4240.183 Safari/537.36"
[2020-11-12T16:13:19.214] [INFO] access - ::1 - - "POST /api_v1/category/getCategoryList HTTP/1.1" 200 693 "http://localhost:3001/" "Mozilla/5.0 (Windows NT 10.0; Win64; x64) AppleWebKit/537.36 (KHTML, like Gecko) Chrome/86.0.4240.183 Safari/537.36"
[2020-11-12T16:13:51.175] [INFO] access - ::1 - - "POST /api_v1/category/getCategoryList HTTP/1.1" 200 693 "http://localhost:3001/" "Mozilla/5.0 (Windows NT 10.0; Win64; x64) AppleWebKit/537.36 (KHTML, like Gecko) Chrome/86.0.4240.183 Safari/537.36"
[2020-11-12T16:14:51.206] [INFO] access - ::1 - - "POST /api_v1/category/getCategoryList HTTP/1.1" 200 1006 "http://localhost:3001/" "Mozilla/5.0 (Windows NT 10.0; Win64; x64) AppleWebKit/537.36 (KHTML, like Gecko) Chrome/86.0.4240.183 Safari/537.36"
[2020-11-12T16:15:47.014] [INFO] access - ::1 - - "POST /api_v1/category/getCategoryList HTTP/1.1" 200 1134 "http://localhost:3001/" "Mozilla/5.0 (Windows NT 10.0; Win64; x64) AppleWebKit/537.36 (KHTML, like Gecko) Chrome/86.0.4240.183 Safari/537.36"
[2020-11-12T16:16:26.351] [INFO] access - ::1 - - "POST /api_v1/category/getCategoryList HTTP/1.1" 200 1134 "http://localhost:3001/" "Mozilla/5.0 (Windows NT 10.0; Win64; x64) AppleWebKit/537.36 (KHTML, like Gecko) Chrome/86.0.4240.183 Safari/537.36"
[2020-11-12T16:16:58.740] [INFO] access - ::1 - - "POST /api_v1/category/getCategoryList HTTP/1.1" 200 1134 "http://localhost:3001/" "Mozilla/5.0 (Windows NT 10.0; Win64; x64) AppleWebKit/537.36 (KHTML, like Gecko) Chrome/86.0.4240.183 Safari/537.36"
[2020-11-12T16:17:11.389] [INFO] access - ::1 - - "POST /api_v1/category/getCategoryList HTTP/1.1" 200 1134 "http://localhost:3001/" "Mozilla/5.0 (Windows NT 10.0; Win64; x64) AppleWebKit/537.36 (KHTML, like Gecko) Chrome/86.0.4240.183 Safari/537.36"
[2020-11-12T16:17:48.094] [INFO] access - ::1 - - "POST /api_v1/category/getCategoryList HTTP/1.1" 200 1134 "http://localhost:3001/" "Mozilla/5.0 (Windows NT 10.0; Win64; x64) AppleWebKit/537.36 (KHTML, like Gecko) Chrome/86.0.4240.183 Safari/537.36"
[2020-11-12T16:18:06.514] [INFO] access - ::1 - - "POST /api_v1/category/getCategoryList HTTP/1.1" 200 1134 "http://localhost:3001/" "Mozilla/5.0 (Windows NT 10.0; Win64; x64) AppleWebKit/537.36 (KHTML, like Gecko) Chrome/86.0.4240.183 Safari/537.36"
[2020-11-12T16:18:10.822] [INFO] access - ::1 - - "POST /api_v1/category/getCategoryList HTTP/1.1" 200 1134 "http://localhost:3001/" "Mozilla/5.0 (Windows NT 10.0; Win64; x64) AppleWebKit/537.36 (KHTML, like Gecko) Chrome/86.0.4240.183 Safari/537.36"
[2020-11-12T16:18:18.374] [INFO] access - ::1 - - "POST /api_v1/category/getCategoryList HTTP/1.1" 200 1134 "http://localhost:3001/" "Mozilla/5.0 (Windows NT 10.0; Win64; x64) AppleWebKit/537.36 (KHTML, like Gecko) Chrome/86.0.4240.183 Safari/537.36"
[2020-11-12T16:18:20.177] [INFO] access - ::1 - - "POST /api_v1/category/getCategoryList HTTP/1.1" 200 1134 "http://localhost:3001/" "Mozilla/5.0 (Windows NT 10.0; Win64; x64) AppleWebKit/537.36 (KHTML, like Gecko) Chrome/86.0.4240.183 Safari/537.36"
[2020-11-12T16:18:39.776] [INFO] access - ::1 - - "POST /api_v1/category/getCategoryList HTTP/1.1" 200 1134 "http://localhost:3001/" "Mozilla/5.0 (Windows NT 10.0; Win64; x64) AppleWebKit/537.36 (KHTML, like Gecko) Chrome/86.0.4240.183 Safari/537.36"
[2020-11-12T16:18:55.122] [INFO] access - ::1 - - "POST /api_v1/category/insertCategory HTTP/1.1" 200 176 "http://localhost:3001/" "Mozilla/5.0 (Windows NT 10.0; Win64; x64) AppleWebKit/537.36 (KHTML, like Gecko) Chrome/86.0.4240.183 Safari/537.36"
[2020-11-12T16:18:55.144] [INFO] access - ::1 - - "POST /api_v1/category/getCategoryList HTTP/1.1" 200 1418 "http://localhost:3001/" "Mozilla/5.0 (Windows NT 10.0; Win64; x64) AppleWebKit/537.36 (KHTML, like Gecko) Chrome/86.0.4240.183 Safari/537.36"
[2020-11-12T16:19:00.544] [INFO] access - ::1 - - "POST /api_v1/category/getCategoryList HTTP/1.1" 200 1418 "http://localhost:3001/" "Mozilla/5.0 (Windows NT 10.0; Win64; x64) AppleWebKit/537.36 (KHTML, like Gecko) Chrome/86.0.4240.183 Safari/537.36"
[2020-11-12T16:19:09.726] [INFO] access - ::1 - - "POST /api_v1/category/delCategory HTTP/1.1" 200 56 "http://localhost:3001/" "Mozilla/5.0 (Windows NT 10.0; Win64; x64) AppleWebKit/537.36 (KHTML, like Gecko) Chrome/86.0.4240.183 Safari/537.36"
[2020-11-12T16:19:09.735] [INFO] access - ::1 - - "POST /api_v1/category/getCategoryList HTTP/1.1" 200 1134 "http://localhost:3001/" "Mozilla/5.0 (Windows NT 10.0; Win64; x64) AppleWebKit/537.36 (KHTML, like Gecko) Chrome/86.0.4240.183 Safari/537.36"
[2020-11-12T16:19:12.243] [INFO] access - ::1 - - "POST /api_v1/category/getCategoryList HTTP/1.1" 200 90 "http://localhost:3001/" "Mozilla/5.0 (Windows NT 10.0; Win64; x64) AppleWebKit/537.36 (KHTML, like Gecko) Chrome/86.0.4240.183 Safari/537.36"
[2020-11-12T16:19:20.204] [INFO] access - ::1 - - "POST /api_v1/category/getCategoryList HTTP/1.1" 200 1134 "http://localhost:3001/" "Mozilla/5.0 (Windows NT 10.0; Win64; x64) AppleWebKit/537.36 (KHTML, like Gecko) Chrome/86.0.4240.183 Safari/537.36"
[2020-11-12T16:19:21.826] [INFO] access - ::1 - - "POST /api_v1/category/getCategoryList HTTP/1.1" 200 90 "http://localhost:3001/" "Mozilla/5.0 (Windows NT 10.0; Win64; x64) AppleWebKit/537.36 (KHTML, like Gecko) Chrome/86.0.4240.183 Safari/537.36"
[2020-11-12T16:20:44.503] [INFO] access - ::1 - - "POST /api_v1/category/getCategoryList HTTP/1.1" 200 1134 "http://localhost:3001/" "Mozilla/5.0 (Windows NT 10.0; Win64; x64) AppleWebKit/537.36 (KHTML, like Gecko) Chrome/86.0.4240.183 Safari/537.36"
[2020-11-12T16:20:45.357] [INFO] access - ::1 - - "POST /api_v1/category/getCategoryList HTTP/1.1" 200 269 "http://localhost:3001/" "Mozilla/5.0 (Windows NT 10.0; Win64; x64) AppleWebKit/537.36 (KHTML, like Gecko) Chrome/86.0.4240.183 Safari/537.36"
[2020-11-12T16:21:31.749] [INFO] access - ::1 - - "POST /api_v1/category/getCategoryList HTTP/1.1" 200 1134 "http://localhost:3001/" "Mozilla/5.0 (Windows NT 10.0; Win64; x64) AppleWebKit/537.36 (KHTML, like Gecko) Chrome/86.0.4240.183 Safari/537.36"
[2020-11-12T16:21:32.848] [INFO] access - ::1 - - "POST /api_v1/category/getCategoryList HTTP/1.1" 200 269 "http://localhost:3001/" "Mozilla/5.0 (Windows NT 10.0; Win64; x64) AppleWebKit/537.36 (KHTML, like Gecko) Chrome/86.0.4240.183 Safari/537.36"
[2020-11-12T16:21:34.834] [INFO] access - ::1 - - "POST /api_v1/category/editCategory HTTP/1.1" 200 56 "http://localhost:3001/" "Mozilla/5.0 (Windows NT 10.0; Win64; x64) AppleWebKit/537.36 (KHTML, like Gecko) Chrome/86.0.4240.183 Safari/537.36"
[2020-11-12T16:21:34.857] [INFO] access - ::1 - - "POST /api_v1/category/getCategoryList HTTP/1.1" 200 90 "http://localhost:3001/" "Mozilla/5.0 (Windows NT 10.0; Win64; x64) AppleWebKit/537.36 (KHTML, like Gecko) Chrome/86.0.4240.183 Safari/537.36"
[2020-11-12T16:21:36.090] [INFO] access - ::1 - - "POST /api_v1/category/getCategoryList HTTP/1.1" 200 1435 "http://localhost:3001/" "Mozilla/5.0 (Windows NT 10.0; Win64; x64) AppleWebKit/537.36 (KHTML, like Gecko) Chrome/86.0.4240.183 Safari/537.36"
[2020-11-12T16:21:53.943] [INFO] access - ::1 - - "POST /api_v1/category/getCategoryList HTTP/1.1" 200 1435 "http://localhost:3001/" "Mozilla/5.0 (Windows NT 10.0; Win64; x64) AppleWebKit/537.36 (KHTML, like Gecko) Chrome/86.0.4240.183 Safari/537.36"
[2020-11-12T16:22:00.080] [INFO] access - ::1 - - "POST /api_v1/category/delCategory HTTP/1.1" 200 56 "http://localhost:3001/" "Mozilla/5.0 (Windows NT 10.0; Win64; x64) AppleWebKit/537.36 (KHTML, like Gecko) Chrome/86.0.4240.183 Safari/537.36"
[2020-11-12T16:22:00.087] [INFO] access - ::1 - - "POST /api_v1/category/getCategoryList HTTP/1.1" 200 889 "http://localhost:3001/" "Mozilla/5.0 (Windows NT 10.0; Win64; x64) AppleWebKit/537.36 (KHTML, like Gecko) Chrome/86.0.4240.183 Safari/537.36"
[2020-11-12T16:22:01.819] [INFO] access - ::1 - - "POST /api_v1/category/getCategoryList HTTP/1.1" 200 889 "http://localhost:3001/" "Mozilla/5.0 (Windows NT 10.0; Win64; x64) AppleWebKit/537.36 (KHTML, like Gecko) Chrome/86.0.4240.183 Safari/537.36"
[2020-11-12T16:22:02.954] [INFO] access - ::1 - - "POST /api_v1/category/getCategoryList HTTP/1.1" 200 270 "http://localhost:3001/" "Mozilla/5.0 (Windows NT 10.0; Win64; x64) AppleWebKit/537.36 (KHTML, like Gecko) Chrome/86.0.4240.183 Safari/537.36"
[2020-11-12T16:22:05.683] [INFO] access - ::1 - - "POST /api_v1/category/editCategory HTTP/1.1" 200 56 "http://localhost:3001/" "Mozilla/5.0 (Windows NT 10.0; Win64; x64) AppleWebKit/537.36 (KHTML, like Gecko) Chrome/86.0.4240.183 Safari/537.36"
[2020-11-12T16:22:05.703] [INFO] access - ::1 - - "POST /api_v1/category/getCategoryList HTTP/1.1" 200 90 "http://localhost:3001/" "Mozilla/5.0 (Windows NT 10.0; Win64; x64) AppleWebKit/537.36 (KHTML, like Gecko) Chrome/86.0.4240.183 Safari/537.36"
[2020-11-12T16:22:07.594] [INFO] access - ::1 - - "POST /api_v1/category/getCategoryList HTTP/1.1" 200 1452 "http://localhost:3001/" "Mozilla/5.0 (Windows NT 10.0; Win64; x64) AppleWebKit/537.36 (KHTML, like Gecko) Chrome/86.0.4240.183 Safari/537.36"
[2020-11-12T16:22:12.974] [INFO] access - ::1 - - "POST /api_v1/category/delCategory HTTP/1.1" 200 56 "http://localhost:3001/" "Mozilla/5.0 (Windows NT 10.0; Win64; x64) AppleWebKit/537.36 (KHTML, like Gecko) Chrome/86.0.4240.183 Safari/537.36"
[2020-11-12T16:22:12.983] [INFO] access - ::1 - - "POST /api_v1/category/getCategoryList HTTP/1.1" 200 687 "http://localhost:3001/" "Mozilla/5.0 (Windows NT 10.0; Win64; x64) AppleWebKit/537.36 (KHTML, like Gecko) Chrome/86.0.4240.183 Safari/537.36"
[2020-11-12T16:22:14.185] [INFO] access - ::1 - - "POST /api_v1/category/delCategory HTTP/1.1" 200 56 "http://localhost:3001/" "Mozilla/5.0 (Windows NT 10.0; Win64; x64) AppleWebKit/537.36 (KHTML, like Gecko) Chrome/86.0.4240.183 Safari/537.36"
[2020-11-12T16:22:14.193] [INFO] access - ::1 - - "POST /api_v1/category/getCategoryList HTTP/1.1" 200 466 "http://localhost:3001/" "Mozilla/5.0 (Windows NT 10.0; Win64; x64) AppleWebKit/537.36 (KHTML, like Gecko) Chrome/86.0.4240.183 Safari/537.36"
[2020-11-12T16:22:15.880] [INFO] access - ::1 - - "POST /api_v1/category/getCategoryList HTTP/1.1" 200 467 "http://localhost:3001/" "Mozilla/5.0 (Windows NT 10.0; Win64; x64) AppleWebKit/537.36 (KHTML, like Gecko) Chrome/86.0.4240.183 Safari/537.36"
[2020-11-12T16:22:17.409] [INFO] access - ::1 - - "POST /api_v1/category/getCategoryList HTTP/1.1" 200 466 "http://localhost:3001/" "Mozilla/5.0 (Windows NT 10.0; Win64; x64) AppleWebKit/537.36 (KHTML, like Gecko) Chrome/86.0.4240.183 Safari/537.36"
[2020-11-12T16:22:19.271] [INFO] access - ::1 - - "POST /api_v1/category/getCategoryList HTTP/1.1" 200 467 "http://localhost:3001/" "Mozilla/5.0 (Windows NT 10.0; Win64; x64) AppleWebKit/537.36 (KHTML, like Gecko) Chrome/86.0.4240.183 Safari/537.36"
[2020-11-12T16:22:20.729] [INFO] access - ::1 - - "POST /api_v1/category/getCategoryList HTTP/1.1" 200 466 "http://localhost:3001/" "Mozilla/5.0 (Windows NT 10.0; Win64; x64) AppleWebKit/537.36 (KHTML, like Gecko) Chrome/86.0.4240.183 Safari/537.36"
[2020-11-12T16:22:39.214] [INFO] access - ::1 - - "POST /api_v1/category/getCategoryList HTTP/1.1" 200 467 "http://localhost:3001/" "Mozilla/5.0 (Windows NT 10.0; Win64; x64) AppleWebKit/537.36 (KHTML, like Gecko) Chrome/86.0.4240.183 Safari/537.36"
[2020-11-12T16:22:45.862] [INFO] access - ::1 - - "POST /api_v1/category/editCategory HTTP/1.1" 200 56 "http://localhost:3001/" "Mozilla/5.0 (Windows NT 10.0; Win64; x64) AppleWebKit/537.36 (KHTML, like Gecko) Chrome/86.0.4240.183 Safari/537.36"
[2020-11-12T16:22:45.878] [INFO] access - ::1 - - "POST /api_v1/category/getCategoryList HTTP/1.1" 200 290 "http://localhost:3001/" "Mozilla/5.0 (Windows NT 10.0; Win64; x64) AppleWebKit/537.36 (KHTML, like Gecko) Chrome/86.0.4240.183 Safari/537.36"
[2020-11-12T16:22:48.182] [INFO] access - ::1 - - "POST /api_v1/category/getCategoryList HTTP/1.1" 200 1248 "http://localhost:3001/" "Mozilla/5.0 (Windows NT 10.0; Win64; x64) AppleWebKit/537.36 (KHTML, like Gecko) Chrome/86.0.4240.183 Safari/537.36"
[2020-11-12T16:23:04.498] [INFO] access - ::1 - - "POST /api_v1/category/insertCategory HTTP/1.1" 200 174 "http://localhost:3001/" "Mozilla/5.0 (Windows NT 10.0; Win64; x64) AppleWebKit/537.36 (KHTML, like Gecko) Chrome/86.0.4240.183 Safari/537.36"
[2020-11-12T16:23:04.516] [INFO] access - ::1 - - "POST /api_v1/category/getCategoryList HTTP/1.1" 200 1446 "http://localhost:3001/" "Mozilla/5.0 (Windows NT 10.0; Win64; x64) AppleWebKit/537.36 (KHTML, like Gecko) Chrome/86.0.4240.183 Safari/537.36"
[2020-11-12T16:23:06.323] [INFO] access - ::1 - - "POST /api_v1/category/insertCategory HTTP/1.1" 200 174 "http://localhost:3001/" "Mozilla/5.0 (Windows NT 10.0; Win64; x64) AppleWebKit/537.36 (KHTML, like Gecko) Chrome/86.0.4240.183 Safari/537.36"
[2020-11-12T16:23:06.336] [INFO] access - ::1 - - "POST /api_v1/category/getCategoryList HTTP/1.1" 200 1644 "http://localhost:3001/" "Mozilla/5.0 (Windows NT 10.0; Win64; x64) AppleWebKit/537.36 (KHTML, like Gecko) Chrome/86.0.4240.183 Safari/537.36"
[2020-11-12T16:23:08.281] [INFO] access - ::1 - - "POST /api_v1/category/insertCategory HTTP/1.1" 200 174 "http://localhost:3001/" "Mozilla/5.0 (Windows NT 10.0; Win64; x64) AppleWebKit/537.36 (KHTML, like Gecko) Chrome/86.0.4240.183 Safari/537.36"
[2020-11-12T16:23:08.299] [INFO] access - ::1 - - "POST /api_v1/category/getCategoryList HTTP/1.1" 200 1842 "http://localhost:3001/" "Mozilla/5.0 (Windows NT 10.0; Win64; x64) AppleWebKit/537.36 (KHTML, like Gecko) Chrome/86.0.4240.183 Safari/537.36"
[2020-11-12T16:23:10.836] [INFO] access - ::1 - - "POST /api_v1/category/insertCategory HTTP/1.1" 200 175 "http://localhost:3001/" "Mozilla/5.0 (Windows NT 10.0; Win64; x64) AppleWebKit/537.36 (KHTML, like Gecko) Chrome/86.0.4240.183 Safari/537.36"
[2020-11-12T16:23:10.852] [INFO] access - ::1 - - "POST /api_v1/category/getCategoryList HTTP/1.1" 200 2041 "http://localhost:3001/" "Mozilla/5.0 (Windows NT 10.0; Win64; x64) AppleWebKit/537.36 (KHTML, like Gecko) Chrome/86.0.4240.183 Safari/537.36"
[2020-11-12T16:23:13.126] [INFO] access - ::1 - - "POST /api_v1/category/insertCategory HTTP/1.1" 200 175 "http://localhost:3001/" "Mozilla/5.0 (Windows NT 10.0; Win64; x64) AppleWebKit/537.36 (KHTML, like Gecko) Chrome/86.0.4240.183 Safari/537.36"
[2020-11-12T16:23:13.141] [INFO] access - ::1 - - "POST /api_v1/category/getCategoryList HTTP/1.1" 200 2241 "http://localhost:3001/" "Mozilla/5.0 (Windows NT 10.0; Win64; x64) AppleWebKit/537.36 (KHTML, like Gecko) Chrome/86.0.4240.183 Safari/537.36"
[2020-11-12T16:23:16.928] [INFO] access - ::1 - - "POST /api_v1/category/insertCategory HTTP/1.1" 200 175 "http://localhost:3001/" "Mozilla/5.0 (Windows NT 10.0; Win64; x64) AppleWebKit/537.36 (KHTML, like Gecko) Chrome/86.0.4240.183 Safari/537.36"
[2020-11-12T16:23:16.943] [INFO] access - ::1 - - "POST /api_v1/category/getCategoryList HTTP/1.1" 200 2241 "http://localhost:3001/" "Mozilla/5.0 (Windows NT 10.0; Win64; x64) AppleWebKit/537.36 (KHTML, like Gecko) Chrome/86.0.4240.183 Safari/537.36"
[2020-11-12T16:23:31.134] [INFO] access - ::1 - - "POST /api_v1/category/getCategoryList HTTP/1.1" 200 294 "http://localhost:3001/" "Mozilla/5.0 (Windows NT 10.0; Win64; x64) AppleWebKit/537.36 (KHTML, like Gecko) Chrome/86.0.4240.183 Safari/537.36"
[2020-11-12T16:23:34.598] [INFO] access - ::1 - - "POST /api_v1/category/getCategoryList HTTP/1.1" 200 2241 "http://localhost:3001/" "Mozilla/5.0 (Windows NT 10.0; Win64; x64) AppleWebKit/537.36 (KHTML, like Gecko) Chrome/86.0.4240.183 Safari/537.36"
[2020-11-12T16:23:47.399] [INFO] access - ::1 - - "POST /api_v1/category/getCategoryList HTTP/1.1" 200 2241 "http://localhost:3001/" "Mozilla/5.0 (Windows NT 10.0; Win64; x64) AppleWebKit/537.36 (KHTML, like Gecko) Chrome/86.0.4240.183 Safari/537.36"
[2020-11-12T16:24:14.678] [INFO] access - ::1 - - "POST /api_v1/category/getCategoryList HTTP/1.1" 200 2440 "http://localhost:3001/" "Mozilla/5.0 (Windows NT 10.0; Win64; x64) AppleWebKit/537.36 (KHTML, like Gecko) Chrome/86.0.4240.183 Safari/537.36"
[2020-11-12T16:24:17.575] [INFO] access - ::1 - - "POST /api_v1/category/getCategoryList HTTP/1.1" 200 2241 "http://localhost:3001/" "Mozilla/5.0 (Windows NT 10.0; Win64; x64) AppleWebKit/537.36 (KHTML, like Gecko) Chrome/86.0.4240.183 Safari/537.36"
[2020-11-12T16:25:29.990] [INFO] access - ::1 - - "POST /api_v1/category/getCategoryList HTTP/1.1" 200 2241 "http://localhost:3001/" "Mozilla/5.0 (Windows NT 10.0; Win64; x64) AppleWebKit/537.36 (KHTML, like Gecko) Chrome/86.0.4240.183 Safari/537.36"
[2020-11-12T16:26:35.250] [INFO] access - ::1 - - "POST /api_v1/category/getCategoryList HTTP/1.1" 200 2241 "http://localhost:3001/" "Mozilla/5.0 (Windows NT 10.0; Win64; x64) AppleWebKit/537.36 (KHTML, like Gecko) Chrome/86.0.4240.183 Safari/537.36"
[2020-11-12T16:26:45.265] [INFO] access - ::1 - - "POST /api_v1/category/getCategoryList HTTP/1.1" 200 2440 "http://localhost:3001/" "Mozilla/5.0 (Windows NT 10.0; Win64; x64) AppleWebKit/537.36 (KHTML, like Gecko) Chrome/86.0.4240.183 Safari/537.36"
[2020-11-12T16:26:53.226] [INFO] access - ::1 - - "POST /api_v1/category/insertCategory HTTP/1.1" 200 178 "http://localhost:3001/" "Mozilla/5.0 (Windows NT 10.0; Win64; x64) AppleWebKit/537.36 (KHTML, like Gecko) Chrome/86.0.4240.183 Safari/537.36"
[2020-11-12T16:26:53.244] [INFO] access - ::1 - - "POST /api_v1/category/getCategoryList HTTP/1.1" 200 2686 "http://localhost:3001/" "Mozilla/5.0 (Windows NT 10.0; Win64; x64) AppleWebKit/537.36 (KHTML, like Gecko) Chrome/86.0.4240.183 Safari/537.36"
[2020-11-12T16:26:59.260] [INFO] access - ::1 - - "POST /api_v1/category/insertCategory HTTP/1.1" 200 178 "http://localhost:3001/" "Mozilla/5.0 (Windows NT 10.0; Win64; x64) AppleWebKit/537.36 (KHTML, like Gecko) Chrome/86.0.4240.183 Safari/537.36"
[2020-11-12T16:26:59.280] [INFO] access - ::1 - - "POST /api_v1/category/getCategoryList HTTP/1.1" 200 2924 "http://localhost:3001/" "Mozilla/5.0 (Windows NT 10.0; Win64; x64) AppleWebKit/537.36 (KHTML, like Gecko) Chrome/86.0.4240.183 Safari/537.36"
[2020-11-12T16:27:02.361] [INFO] access - ::1 - - "POST /api_v1/category/insertCategory HTTP/1.1" 200 178 "http://localhost:3001/" "Mozilla/5.0 (Windows NT 10.0; Win64; x64) AppleWebKit/537.36 (KHTML, like Gecko) Chrome/86.0.4240.183 Safari/537.36"
[2020-11-12T16:27:02.382] [INFO] access - ::1 - - "POST /api_v1/category/getCategoryList HTTP/1.1" 200 3162 "http://localhost:3001/" "Mozilla/5.0 (Windows NT 10.0; Win64; x64) AppleWebKit/537.36 (KHTML, like Gecko) Chrome/86.0.4240.183 Safari/537.36"
[2020-11-12T16:27:05.938] [INFO] access - ::1 - - "POST /api_v1/category/getCategoryList HTTP/1.1" 200 3162 "http://localhost:3001/" "Mozilla/5.0 (Windows NT 10.0; Win64; x64) AppleWebKit/537.36 (KHTML, like Gecko) Chrome/86.0.4240.183 Safari/537.36"
[2020-11-12T16:29:21.296] [INFO] access - ::1 - - "POST /api_v1/category/getCategoryList HTTP/1.1" 200 3162 "http://localhost:3001/" "Mozilla/5.0 (Windows NT 10.0; Win64; x64) AppleWebKit/537.36 (KHTML, like Gecko) Chrome/86.0.4240.183 Safari/537.36"
[2020-11-12T16:29:23.353] [INFO] access - ::1 - - "POST /api_v1/category/getCategoryList HTTP/1.1" 200 3162 "http://localhost:3001/" "Mozilla/5.0 (Windows NT 10.0; Win64; x64) AppleWebKit/537.36 (KHTML, like Gecko) Chrome/86.0.4240.183 Safari/537.36"
[2020-11-12T16:29:26.505] [INFO] access - ::1 - - "POST /api_v1/category/getCategoryList HTTP/1.1" 200 3162 "http://localhost:3001/" "Mozilla/5.0 (Windows NT 10.0; Win64; x64) AppleWebKit/537.36 (KHTML, like Gecko) Chrome/86.0.4240.183 Safari/537.36"
[2020-11-12T16:29:28.396] [INFO] access - ::1 - - "POST /api_v1/users/getUserList HTTP/1.1" 200 1293 "http://localhost:3001/" "Mozilla/5.0 (Windows NT 10.0; Win64; x64) AppleWebKit/537.36 (KHTML, like Gecko) Chrome/86.0.4240.183 Safari/537.36"
[2020-11-12T16:29:31.483] [INFO] access - ::1 - - "POST /api_v1/userGroup/getUserGroupList HTTP/1.1" 200 288 "http://localhost:3001/" "Mozilla/5.0 (Windows NT 10.0; Win64; x64) AppleWebKit/537.36 (KHTML, like Gecko) Chrome/86.0.4240.183 Safari/537.36"
[2020-11-12T16:29:33.883] [INFO] access - ::1 - - "POST /api_v1/users/getUserList HTTP/1.1" 200 1293 "http://localhost:3001/" "Mozilla/5.0 (Windows NT 10.0; Win64; x64) AppleWebKit/537.36 (KHTML, like Gecko) Chrome/86.0.4240.183 Safari/537.36"
[2020-11-12T16:29:34.564] [INFO] access - ::1 - - "POST /api_v1/userGroup/getUserGroupList HTTP/1.1" 200 288 "http://localhost:3001/" "Mozilla/5.0 (Windows NT 10.0; Win64; x64) AppleWebKit/537.36 (KHTML, like Gecko) Chrome/86.0.4240.183 Safari/537.36"
[2020-11-12T16:29:36.090] [INFO] access - ::1 - - "POST /api_v1/users/getUserList HTTP/1.1" 200 1293 "http://localhost:3001/" "Mozilla/5.0 (Windows NT 10.0; Win64; x64) AppleWebKit/537.36 (KHTML, like Gecko) Chrome/86.0.4240.183 Safari/537.36"
[2020-11-12T16:29:36.915] [INFO] access - ::1 - - "POST /api_v1/userGroup/getUserGroupList HTTP/1.1" 200 288 "http://localhost:3001/" "Mozilla/5.0 (Windows NT 10.0; Win64; x64) AppleWebKit/537.36 (KHTML, like Gecko) Chrome/86.0.4240.183 Safari/537.36"
[2020-11-12T16:29:41.183] [INFO] access - ::1 - - "POST /api_v1/category/getCategoryList HTTP/1.1" 200 3162 "http://localhost:3001/" "Mozilla/5.0 (Windows NT 10.0; Win64; x64) AppleWebKit/537.36 (KHTML, like Gecko) Chrome/86.0.4240.183 Safari/537.36"
