[2020-11-06T17:01:17.083] [ERROR] application - UnauthorizedError: Authentication Error
    at Object.throw (C:\Users\pc\Desktop\demo\blog\server\node_modules\koa\lib\context.js:97:11)
    at jwt (C:\Users\pc\Desktop\demo\blog\server\node_modules\koa-jwt\lib\index.js:66:26)
    at processTicksAndRejections (internal/process/task_queues.js:93:5)
    at async C:\Users\pc\Desktop\demo\blog\server\app.js:55:5
    at async C:\Users\pc\Desktop\demo\blog\server\middleware\handleToken.js:11:5
    at async C:\Users\pc\Desktop\demo\blog\server\middleware\responseData.js:19:9
    at async serve (C:\Users\pc\Desktop\demo\blog\server\node_modules\koa-static\index.js:53:9)
    at async bodyParser (C:\Users\pc\Desktop\demo\blog\server\node_modules\koa-bodyparser\index.js:82:48)
    at async C:\Users\pc\Desktop\demo\blog\server\node_modules\koa-log4\koa-logger.js:86:7 {
  originalError: TokenExpiredError: jwt expired
      at C:\Users\pc\Desktop\demo\blog\server\node_modules\jsonwebtoken\verify.js:152:21
      at getSecret (C:\Users\pc\Desktop\demo\blog\server\node_modules\jsonwebtoken\verify.js:90:14)
      at Object.module.exports [as verify] (C:\Users\pc\Desktop\demo\blog\server\node_modules\jsonwebtoken\verify.js:94:10)
      at C:\Users\pc\Desktop\demo\blog\server\node_modules\koa-jwt\lib\verify.js:5:23
      at new Promise (<anonymous>)
      at module.exports (C:\Users\pc\Desktop\demo\blog\server\node_modules\koa-jwt\lib\verify.js:4:12)
      at C:\Users\pc\Desktop\demo\blog\server\node_modules\koa-jwt\lib\index.js:38:64
      at Array.map (<anonymous>)
      at jwt (C:\Users\pc\Desktop\demo\blog\server\node_modules\koa-jwt\lib\index.js:38:43)
      at C:\Users\pc\Desktop\demo\blog\server\node_modules\koa-unless\index.js:29:12
      at dispatch (C:\Users\pc\Desktop\demo\blog\server\node_modules\koa-compose\index.js:42:32)
      at C:\Users\pc\Desktop\demo\blog\server\app.js:55:11
      at dispatch (C:\Users\pc\Desktop\demo\blog\server\node_modules\koa-compose\index.js:42:32)
      at C:\Users\pc\Desktop\demo\blog\server\middleware\handleToken.js:11:11
      at dispatch (C:\Users\pc\Desktop\demo\blog\server\node_modules\koa-compose\index.js:42:32)
      at C:\Users\pc\Desktop\demo\blog\server\middleware\responseData.js:19:15
      at dispatch (C:\Users\pc\Desktop\demo\blog\server\node_modules\koa-compose\index.js:42:32)
      at views (C:\Users\pc\Desktop\demo\blog\server\node_modules\koa-views\src\index.js:91:12)
      at dispatch (C:\Users\pc\Desktop\demo\blog\server\node_modules\koa-compose\index.js:42:32)
      at serve (C:\Users\pc\Desktop\demo\blog\server\node_modules\koa-static\index.js:53:15)
      at dispatch (C:\Users\pc\Desktop\demo\blog\server\node_modules\koa-compose\index.js:42:32)
      at filter (C:\Users\pc\Desktop\demo\blog\server\node_modules\koa-json\index.js:25:12) {
    expiredAt: 2020-11-06T08:55:08.000Z
  }
}
[2020-11-06T17:01:28.894] [ERROR] application - UnauthorizedError: Authentication Error
    at Object.throw (C:\Users\pc\Desktop\demo\blog\server\node_modules\koa\lib\context.js:97:11)
    at jwt (C:\Users\pc\Desktop\demo\blog\server\node_modules\koa-jwt\lib\index.js:66:26)
    at processTicksAndRejections (internal/process/task_queues.js:93:5)
    at async C:\Users\pc\Desktop\demo\blog\server\app.js:55:5
    at async C:\Users\pc\Desktop\demo\blog\server\middleware\handleToken.js:11:5
    at async C:\Users\pc\Desktop\demo\blog\server\middleware\responseData.js:19:9
    at async serve (C:\Users\pc\Desktop\demo\blog\server\node_modules\koa-static\index.js:53:9)
    at async bodyParser (C:\Users\pc\Desktop\demo\blog\server\node_modules\koa-bodyparser\index.js:82:48)
    at async C:\Users\pc\Desktop\demo\blog\server\node_modules\koa-log4\koa-logger.js:86:7 {
  originalError: TokenExpiredError: jwt expired
      at C:\Users\pc\Desktop\demo\blog\server\node_modules\jsonwebtoken\verify.js:152:21
      at getSecret (C:\Users\pc\Desktop\demo\blog\server\node_modules\jsonwebtoken\verify.js:90:14)
      at Object.module.exports [as verify] (C:\Users\pc\Desktop\demo\blog\server\node_modules\jsonwebtoken\verify.js:94:10)
      at C:\Users\pc\Desktop\demo\blog\server\node_modules\koa-jwt\lib\verify.js:5:23
      at new Promise (<anonymous>)
      at module.exports (C:\Users\pc\Desktop\demo\blog\server\node_modules\koa-jwt\lib\verify.js:4:12)
      at C:\Users\pc\Desktop\demo\blog\server\node_modules\koa-jwt\lib\index.js:38:64
      at Array.map (<anonymous>)
      at jwt (C:\Users\pc\Desktop\demo\blog\server\node_modules\koa-jwt\lib\index.js:38:43)
      at C:\Users\pc\Desktop\demo\blog\server\node_modules\koa-unless\index.js:29:12
      at dispatch (C:\Users\pc\Desktop\demo\blog\server\node_modules\koa-compose\index.js:42:32)
      at C:\Users\pc\Desktop\demo\blog\server\app.js:55:11
      at dispatch (C:\Users\pc\Desktop\demo\blog\server\node_modules\koa-compose\index.js:42:32)
      at C:\Users\pc\Desktop\demo\blog\server\middleware\handleToken.js:11:11
      at dispatch (C:\Users\pc\Desktop\demo\blog\server\node_modules\koa-compose\index.js:42:32)
      at C:\Users\pc\Desktop\demo\blog\server\middleware\responseData.js:19:15
      at dispatch (C:\Users\pc\Desktop\demo\blog\server\node_modules\koa-compose\index.js:42:32)
      at views (C:\Users\pc\Desktop\demo\blog\server\node_modules\koa-views\src\index.js:91:12)
      at dispatch (C:\Users\pc\Desktop\demo\blog\server\node_modules\koa-compose\index.js:42:32)
      at serve (C:\Users\pc\Desktop\demo\blog\server\node_modules\koa-static\index.js:53:15)
      at dispatch (C:\Users\pc\Desktop\demo\blog\server\node_modules\koa-compose\index.js:42:32)
      at filter (C:\Users\pc\Desktop\demo\blog\server\node_modules\koa-json\index.js:25:12) {
    expiredAt: 2020-11-06T08:55:08.000Z
  }
}
